TN:
SF:oqupy\__init__.py
DA:1,1,1+9wdnNK6ERHmSA06tdyPQ
DA:18,1,xooQfFapAn40TcjJn78eSg
DA:21,1,wtxjrmBNVp/dyLfWQ3ixWw
DA:66,1,riPL9l7/859Mv5ZjPH6Skw
DA:68,1,NIimxQMFYEuyBAlL/hnNDQ
DA:70,1,GglMAEZ5jOhwslw87uA6yg
DA:71,1,g4tbi1POPE9aVshJHw8PMA
DA:72,1,FMskNW+U56teD994tDU0EA
DA:73,1,SqiUZ1fUX7EaEOUdoRxWAg
DA:75,1,USFJtskJFi6NRBs9l5DtOA
DA:76,1,1KK+K1/RTFxqbq2JTJCGHA
DA:78,1,cW2oNtqkAf/FnB0zObSPyg
DA:79,1,1C/JzuCQWjbCvEiAWW7MQg
DA:80,1,ZLfkLUsq6u9ILRyLhgVoFQ
DA:82,1,VtvJoiiiddh1uod8Kj4dRQ
DA:83,1,KWnUzO75egVOd9b0pWnqGA
DA:85,1,GG5DXL7ExrpeXrsBhgVAAQ
DA:86,1,DoCBHJUzgIgsCJmwgQeB/Q
DA:88,1,GutNwfcazC8KqTKBJOZg7g
DA:90,1,n6Fk6tycxDK1E+P0MZAz/w
DA:92,1,kougRoJQfuv58UUgO/u61w
DA:94,1,dyX4ObQTTDAwNTybPZuh7A
DA:96,1,oW+BepMIE2kZe8sL0Af4Ug
DA:97,1,DjdaPINbtmB0rgNV7OYxhA
DA:98,1,xKrLlOcMvqEHNdsIB+iSdw
DA:99,1,gRJf4Mu9pkwNSeXLt1Jwlw
DA:101,1,EMkD2e6f2eot/EK4mRHkTA
DA:102,1,wMVKw607UhgOYeL3ebkZIw
DA:104,1,Dnwmb1GmWXO2TJoq6ZkCJg
DA:105,1,f/XgLAlN2eFUoOVi7eWm/w
DA:106,1,Eh2tANzB1XkDqG5I0QkXWQ
DA:107,1,3CSkaNiNAuSSI03S+n4+Jw
DA:108,1,h9pRLk9rDNJXqneV8TsW8Q
DA:109,1,D/CmZHIkuN8fRZXPoRcT2Q
DA:111,1,Hgt+JMG5sc2h0q3NnQ+RGw
DA:112,1,2878Co3i/3s+HIRciMju8w
DA:114,1,y3HeNkx5ZRGQi1vk/I6Low
DA:115,1,FTMG2U/gXcjf7JRbfTnTKQ
DA:116,1,mLcLkWZ9mWp+l2Phv5dy6w
DA:117,1,Wne9NmhZ++z9BtS/xZasSw
DA:118,1,L+M1w8oYt8pKWaeOrWpuAA
LF:40
LH:40
end_of_record
TN:
SF:oqupy\backends\__init__.py
DA:0,1,1B2M2Y8AsgTpgAmY7PhCfg
LF:0
LH:0
end_of_record
TN:
SF:oqupy\backends\node_array.py
DA:14,1,1+9wdnNK6ERHmSA06tdyPQ
DA:18,1,z2H56Pmi1l2ba225MZLUbg
DA:20,1,IWWjrCeOtk8NNtrE95++2g
DA:21,1,6LUEtkRs0pqTABX8A6azZg
DA:22,1,sjCRHyQJRZImzS3LMyH2Mg
DA:23,1,PmY5aW4go3mvL0XbRmgKCw
DA:26,1,X/8D75L+OV1J7BGitGtkdA
DA:27,1,TMwlBoP7zGidBI58cAs2+Q
DA:28,1,4LgMgWBGno1n5MNJ8WRFsQ
DA:74,1,HmADa1g/W1C2Vo9Wm4sNNA
DA:75,1,slH6NztDSp8RDNiz7XL83w
DA:79,1,HmADa1g/W1C2Vo9Wm4sNNA
DA:80,1,6r+c+ScspcEKV3G9bP+K5Q
DA:84,1,2FPb7QWVxVU06t2rJz/NCg
DA:87,1,tX6sgw+b/ewb7j6V5zqXzg
DA:113,1,o71MRBXAY6zGrSU+xIuUqA
DA:124,1,HmADa1g/W1C2Vo9Wm4sNNA
DA:125,1,z6Ocaag51EwgUEUcjoVkcA
DA:129,1,HmADa1g/W1C2Vo9Wm4sNNA
DA:130,1,l8SoyoDjsyCfUmTUNK9nkQ
DA:144,1,HmADa1g/W1C2Vo9Wm4sNNA
DA:145,1,IicbCUAIlICV81W7mnIdTA
DA:151,1,MZHdvMJRcZb25Kliva5hUw
DA:152,1,Tk1PkYn7kTpWh2617RA63g
DA:158,1,Pihnouq49GSdWwSQHi4rXQ
DA:159,1,a/BBg8g85S7Gtl4XtG9zWA
DA:162,1,Ozs9hIa2+X+CicyrhRdxtw
DA:176,1,1GF2HBKabfP34ccE1K83SA
DA:202,1,3WvTb+R4KP/KUwgkdL9mXA
DA:228,1,2MNTgL4owr9aiocHD9IX7A
DA:303,1,o0ZEQOVM3C+1oJGjWfGp/Q
DA:415,1,8pQDzWO9+jXlvB1eMG0bYQ
DA:559,1,iHLNrm+cH4HEFHMwci9rvw
DA:593,1,Doam5gEOp1Oxzn1UQ8+yxg
DA:634,1,LlPC0cQLJtd5lN9nWAL1GA
DA:36,0,8BGyXQAuHhTTx4j0w/OXFQ
DA:37,0,BK+foMhfUltpwhLaXPLX4g
DA:39,0,0EjSRnkSJcbwJc7CzO+qOA
DA:40,0,q4ZK8j8NWK8QrqBSkVYjJQ
DA:41,0,aFM3juNHFPAh95lEu+sh3g
DA:42,0,WgO1FWDKr1RMMSJ8cmmQ0w
DA:43,0,0Uwbc9Vrioqxkon/2TcQGQ
DA:44,0,R9KQwFZk6XsIEnvz1bnBfQ
DA:45,0,MnzpXe1veqpfA7nIMRo0OA
DA:47,0,LLQX984Tv948XZ88iz7IYQ
DA:49,0,A9boDlDJcYCrF2TT4Q1W9Q
DA:50,0,oBxt5kphzBIExKrwSJg3uQ
DA:52,0,aFM3juNHFPAh95lEu+sh3g
DA:54,0,q39xQ8UvzrspaTGAIdYqOA
DA:55,0,59TzbNFm5HwIAb8h29fgUA
DA:57,0,WgO1FWDKr1RMMSJ8cmmQ0w
DA:59,0,5tL19CAYVlbyMGa4C+8uzw
DA:60,0,2yFZAl4q2rHsToIF9vqLpA
DA:61,0,8sy7c4D20vTRPXR7oxsjhg
DA:63,0,UZzcAkHNID1Lfh8TtmOFPA
DA:64,0,llLOzfm3Ig8gvnSKCkJf1w
DA:65,0,W8O8DpBh8wMJd0K7j0UZmg
DA:66,0,oS9MsyiHPASGVP1tTXeBlA
DA:67,0,Er6LyhPWDF1UWCSwkkz+XA
DA:69,0,TKLNtI86CaRQe8cYjpNhpQ
DA:70,0,XXpjOE+RFOeUNM4RC4UkPQ
DA:71,0,Ib6j5LyVnAqhZmJ+7U/s/Q
DA:77,0,w8MEIlr1QhdLSgQhFBnoyQ
DA:82,0,NBJ42r11UNzQHh0sfdS4RQ
DA:85,0,KcmCyVbr/6I5wDbraj1BxA
DA:88,0,WBNRhBO+QlX4CVDAmPqbHg
DA:89,0,NsGJHotgwPOfmqXelP3jJQ
DA:90,0,SAWf2R7/8OlM+gA+YhSYNw
DA:91,0,J7Dh+Y3oITGsk2F92pqCvA
DA:92,0,H3qkV+/R/8Ybl8L3Ffmjzw
DA:93,0,oyA29kLdD1ibZm6q3DHzbQ
DA:94,0,uRPJR7448ax8+xIcLFZFLQ
DA:96,0,QkFt01/o4ZOaFclqEdr3OA
DA:98,0,d4Py5nKeGHRHeikYob23AQ
DA:99,0,ltqb87ysRZbX6WlaeVtGEg
DA:100,0,/x9nAEeWQQkQUerqe/dvSQ
DA:101,0,uly5Zu7xjysnLOVs6euB1g
DA:102,0,FvI8TnQMMNUyiM0tpfC0jQ
DA:103,0,EmOywuZ2Ce6WUZweEkJ6uw
DA:105,0,jz4cYDaHY3g3MTIJvCpWgw
DA:107,0,QzVShCAjXbwc5GsQ7AZsHg
DA:108,0,jsU59tJAhklz/nqKFBvvZQ
DA:109,0,IcKLn08qYetOYaKxAInhYA
DA:111,0,O9zVdyQuuxM/lWrRlOrk8Q
DA:115,0,78GhDb4bnxU3h2irsuPcTg
DA:116,0,whc/1Xe8xJBBRd1sjv9dMg
DA:117,0,Y0ArbPtnb24Weaa3vNzJHg
DA:118,0,ZIj2qbKrWmSuiJUiqxAvPA
DA:119,0,y+s5gsBTDa1ZsgCoZLYCmw
DA:120,0,hNB67CTXnKeBf3ugmmjsJQ
DA:121,0,oav5XreyG7lvZwCpJVqvqg
DA:122,0,O9zVdyQuuxM/lWrRlOrk8Q
DA:127,0,F9wrb8Z8w8Xoq0jX9qMszQ
DA:132,0,J3d0oYsvuNvq6Meb2lRCFw
DA:133,0,Dwjd91USmMoWKfkSCVg/jg
DA:134,0,ELgBXczubaR+bmadJV3/AQ
DA:135,0,fstLk/w4RhGtfUEDVdtVLw
DA:136,0,OY3hcA2FYfx8v2uw8Zz/xw
DA:137,0,8fntWgrtvbfENwEovUc9gQ
DA:138,0,t9VkRFir/S9Vdb/MGCnFqg
DA:139,0,KC3EoEyDtZZO/1a3fm+C5A
DA:140,0,UcqifxSRdXTUQURztSeCuw
DA:142,0,XrlhxhGQZibIwK0S34XpKA
DA:147,0,NsM9ebtOlMIqKoQrU8asqg
DA:148,0,mGHOjkWKAVrwSwftET2IoQ
DA:149,0,z1Tz2vLjjNgNsnIDAHsSag
DA:153,0,PEnwTKUSaC0cJMAodU/RgA
DA:154,0,f9GUql3ba9kyvHi62jIwZQ
DA:156,0,wdlRq2ygCZ0OGRwuwU0uZg
DA:160,0,n1McgylgDsUPHNy1royEbQ
DA:164,0,LsWBRLqIIzit2vy35YtJWg
DA:165,0,lS0TsFzupltHnxGlSba1MQ
DA:166,0,XxBUiXYerFiCA/lS+j2lOQ
DA:167,0,KKQ5nbwljB4SAjx33q9Dpw
DA:168,0,RpdOt7LaZrj1cI6ouyJPbg
DA:169,0,HeVt5nNMpvD+1G6xI5flhA
DA:170,0,UZzcAkHNID1Lfh8TtmOFPA
DA:171,0,edtr7KpWVgNDrAbDk9hPzQ
DA:172,0,tTzmts7jCUD469jmMmYLXQ
DA:173,0,jrZ/I4YqIRnR97MB3q6whw
DA:174,0,2nzhGU5n1iAZYgF6znkH9g
DA:190,0,oU2OceDn72IcyDEu/McxfQ
DA:191,0,A9boDlDJcYCrF2TT4Q1W9Q
DA:192,0,aYkeGm9g+t2XNXjIn+ivjQ
DA:193,0,aTQdsBxk2lBWkRMpFobs8g
DA:194,0,47QNm+ZkOLvqW2drQRr1zQ
DA:195,0,aFM3juNHFPAh95lEu+sh3g
DA:197,0,ZBHqXujhzwiVG4KEP5HxfA
DA:198,0,dtKmQBSIr6bNZSDaNPUZNw
DA:199,0,H+oRRo9a01Ubd1j7SPzLtw
DA:200,0,WgO1FWDKr1RMMSJ8cmmQ0w
DA:216,0,/cNpleFi27QimxCaAa7C2Q
DA:217,0,A9boDlDJcYCrF2TT4Q1W9Q
DA:218,0,aYkeGm9g+t2XNXjIn+ivjQ
DA:219,0,MUNcHmvpUwYH+wmkwl0xFg
DA:220,0,47QNm+ZkOLvqW2drQRr1zQ
DA:221,0,kagkQL+hgnrsEq9E3qlUuQ
DA:223,0,ZBHqXujhzwiVG4KEP5HxfA
DA:224,0,DQcZR3M/sf20nCNnMeBmdg
DA:225,0,H+oRRo9a01Ubd1j7SPzLtw
DA:226,0,9563EUCHUSrXIR2EK/AdLg
DA:245,0,H2Sa4ErDX8arMcAgAZSSvw
DA:246,0,p8OkBMmhNxNjdOwMmH3y8Q
DA:247,0,o9VkmPdws+W8bi7IRqGxiQ
DA:248,0,dLvLIwWTpqc0/PpmVtT41w
DA:249,0,T8m/o4eU84+FOpEXGl6uOA
DA:250,0,dLvLIwWTpqc0/PpmVtT41w
DA:252,0,3SWmSntPk6SkXT952I0r7Q
DA:253,0,cYV+AGdsYvlAVY0gmKdOHA
DA:254,0,0WZMvVCDsbZSFbMNJjzcoQ
DA:255,0,G1p+E9dAJ6l2dgo4QQRyfQ
DA:256,0,cr+lVWfE7j7V6vxDfmubdQ
DA:257,0,wV0MsmfmS0vVPvOmH0S8PA
DA:258,0,RhVcJcG1dP9ktXzq6s+VMA
DA:260,0,cskVqZJkuYX3dUCviWeVRw
DA:261,0,+BL7dhe6y4Nwe5KR+Cxz7w
DA:262,0,XBgrww0n5v9SXTf0Rn0iLw
DA:264,0,Pex2WP950O1zW9+cQhserg
DA:271,0,9e3Tbq++/BNsBRwEza2siQ
DA:272,0,ae93tAlma2mXXksEaJKIsg
DA:273,0,/0esqLn/hjcrH6w4hifHWw
DA:274,0,wbadgK/Zpy/QZ0mIma9kKQ
DA:275,0,YG+UN7IFCZw21peiEDasIA
DA:276,0,+kcSMiD0kF05ozW13zNppA
DA:277,0,jZnmlD3Aggx5vaRnOAuqHw
DA:278,0,G1p+E9dAJ6l2dgo4QQRyfQ
DA:279,0,+BL7dhe6y4Nwe5KR+Cxz7w
DA:280,0,oqS6llYa1NFVHUz0yMqf5Q
DA:281,0,nmIpMQM2x9t+vvwu4NWl2A
DA:282,0,igVVaaDYB/q1Hh0bsK3JYw
DA:284,0,blWy2srFFrd/1Qg4/N3z6A
DA:285,0,PpKHKreGQ/J3lqXcKvmtLw
DA:287,0,Pex2WP950O1zW9+cQhserg
DA:294,0,9e3Tbq++/BNsBRwEza2siQ
DA:295,0,ae93tAlma2mXXksEaJKIsg
DA:296,0,w7+UW7dELoxbDV69Rzn/BA
DA:297,0,wbadgK/Zpy/QZ0mIma9kKQ
DA:298,0,4yRhKb2n1ccUnteIfZJDcw
DA:301,0,S19rHjsz10hoXthkv5IUkw
DA:324,0,a3qXA61BHySWs69q1/RoIA
DA:325,0,esEZ6FkMx6qR7ZsOtDzKEg
DA:331,0,Ae1YDZ2s+UdAkLf6Can5Lg
DA:336,0,rMJTch8B/QKCybf4oTosdA
DA:337,0,y7pjXdU7AU8rrkJyCdSv0A
DA:338,0,l7kwuMJT40kckKqQO2i5yg
DA:340,0,n8S8Y7dtIW8N/UB4OzET/w
DA:341,0,4IXUSXQgvZPg77Lcocq5Og
DA:342,0,EILNSTH2uuEWMQuz8+/rIw
DA:345,0,vZHU8pL2nwsdKxGG8xDzow
DA:347,0,4UYBj5B2Jy9R1vD1BAKGbA
DA:350,0,5j/ekx4zFMBMG+GOvtNI8Q
DA:351,0,o9Iq0xYOzNQE5d5cFZuZ9A
DA:352,0,SzNih76shOQV9hbaYEcACQ
DA:353,0,y8S5OB952STbJk6CWys/Ow
DA:354,0,cbfFDRtHBDrbXnydAx+8eA
DA:355,0,spO1Le+Gayn+Wru8qdDp7w
DA:356,0,gi9kBJMiQtKQFNSFiMpdIg
DA:357,0,I62udGjJcXrddTEj5Au4iw
DA:361,0,rMJTch8B/QKCybf4oTosdA
DA:362,0,6xf0WVivfW+oRQB/Ow70EA
DA:363,0,601swmllfWWqFqepv//eJg
DA:364,0,5WUJNrhhGiNIbbVgBwbzeg
DA:365,0,DrWsW8slCd1Ez4l3U1M1AA
DA:366,0,XX61BNIF/BcK0ncjI/IViA
DA:367,0,RE7JFe1eA4CLtlnlZF1meQ
DA:368,0,DrWsW8slCd1Ez4l3U1M1AA
DA:369,0,iTy+ADD7WcUQl7rjYlR92Q
DA:370,0,oAUepy7QIKYzXVKc1aLdPA
DA:371,0,EPGkrD82bzeiLXeJIwP3Ig
DA:372,0,/CQmgHsUuYq8j4VlkmHVrg
DA:373,0,NCSPaQz/UEFVoh+SC2xm8A
DA:376,0,e2McFN5TlNuGfp+9GDCfdQ
DA:378,0,9lYCcyov3yk3LJEaOPQ2KQ
DA:380,0,E5iFtHaMI/LledahUeoFQA
DA:382,0,bLvZh0Q2j0p+ylhLoXc98Q
DA:383,0,G5b1Os06+Ts9YAo27NK9qg
DA:384,0,QAEm3Dn/g93G+u25slOXzQ
DA:385,0,8dMbDP+j4Ws5t3We8IOmZA
DA:386,0,dHnNfVua6F8RK9r6U5mkxg
DA:387,0,7YCrekVVi42c+5ZEHzIoOw
DA:388,0,E81p+WH2lYoKrrGoxWe7kQ
DA:389,0,UqRnT7PAC7qSqQLyNG1Qcg
DA:390,0,7MkEenDqSxcJ+a9XFE8uLQ
DA:391,0,kO6vRo35qg6R6tOPxgZoig
DA:392,0,9/ZNzUpn/9C433aFtKnDNw
DA:394,0,+wGW1xMvnBVP98pzjSKIVQ
DA:395,0,/i0SJKihbq8c29KRSq1B3w
DA:396,0,nYoZZSzSX9dfXNNFNcxajA
DA:397,0,4t7q68Kb+1kfR1CLRZKZ4Q
DA:399,0,doKQiFcxd/0RGdZtl6VAxg
DA:400,0,hntlFfwCNRukAluInfx0lA
DA:403,0,ugDaspGZnjCNoWuTHKi/MA
DA:404,0,FwyL7au73QYVdYQwnAMgHQ
DA:405,0,Wq0poaYyZQGDW+X4jzAD2w
DA:406,0,DrEGjzBoRvf4hHHNvruHNw
DA:408,0,X3oJJTUb42BEArw47BQGNQ
DA:409,0,iFa6wIEMOcWcbhOKi6XYxg
DA:410,0,5mALSHB6bXF/SfxNLNGKVw
DA:411,0,DXCLaP3OYI/D+yiDwdfClA
DA:412,0,lvO7FoX8vAMPWQt7i5QUBg
DA:413,0,7uynM3hMU54jW25KyqdI2g
DA:448,0,a3qXA61BHySWs69q1/RoIA
DA:449,0,esEZ6FkMx6qR7ZsOtDzKEg
DA:451,0,kSAgtofh/aPhdVZysydU/g
DA:455,0,Ae1YDZ2s+UdAkLf6Can5Lg
DA:460,0,4UYBj5B2Jy9R1vD1BAKGbA
DA:463,0,5j/ekx4zFMBMG+GOvtNI8Q
DA:464,0,o9Iq0xYOzNQE5d5cFZuZ9A
DA:465,0,SzNih76shOQV9hbaYEcACQ
DA:466,0,y8S5OB952STbJk6CWys/Ow
DA:467,0,cbfFDRtHBDrbXnydAx+8eA
DA:468,0,spO1Le+Gayn+Wru8qdDp7w
DA:469,0,gi9kBJMiQtKQFNSFiMpdIg
DA:470,0,I62udGjJcXrddTEj5Au4iw
DA:474,0,rMJTch8B/QKCybf4oTosdA
DA:475,0,6xf0WVivfW+oRQB/Ow70EA
DA:476,0,601swmllfWWqFqepv//eJg
DA:477,0,5WUJNrhhGiNIbbVgBwbzeg
DA:478,0,DrWsW8slCd1Ez4l3U1M1AA
DA:479,0,OfarSbJbSXa9Fzq/xx+5fQ
DA:480,0,Adcz1CpmvpbyKSsXbOcvzw
DA:481,0,c/PhjOxA08onJrtJfDKdbw
DA:482,0,W92cLhbaIBy5J4SxwD4J6w
DA:483,0,XX61BNIF/BcK0ncjI/IViA
DA:484,0,RE7JFe1eA4CLtlnlZF1meQ
DA:485,0,DrWsW8slCd1Ez4l3U1M1AA
DA:486,0,iTy+ADD7WcUQl7rjYlR92Q
DA:487,0,oAUepy7QIKYzXVKc1aLdPA
DA:488,0,EPGkrD82bzeiLXeJIwP3Ig
DA:489,0,/CQmgHsUuYq8j4VlkmHVrg
DA:490,0,OsOaxu49Py9ltfAsLZI0qg
DA:491,0,r8luXkF0cdJTQ50NENs3nQ
DA:492,0,r2oeeTGJmeFdi8wf8BmfEA
DA:493,0,/16QhDQ1DAB9OG4Iewwwyg
DA:494,0,NCSPaQz/UEFVoh+SC2xm8A
DA:496,0,vZHU8pL2nwsdKxGG8xDzow
DA:498,0,e2McFN5TlNuGfp+9GDCfdQ
DA:499,0,3SWmSntPk6SkXT952I0r7Q
DA:501,0,9lYCcyov3yk3LJEaOPQ2KQ
DA:503,0,E5iFtHaMI/LledahUeoFQA
DA:505,0,bLvZh0Q2j0p+ylhLoXc98Q
DA:506,0,G5b1Os06+Ts9YAo27NK9qg
DA:507,0,QAEm3Dn/g93G+u25slOXzQ
DA:508,0,8dMbDP+j4Ws5t3We8IOmZA
DA:509,0,dHnNfVua6F8RK9r6U5mkxg
DA:510,0,7YCrekVVi42c+5ZEHzIoOw
DA:511,0,E81p+WH2lYoKrrGoxWe7kQ
DA:512,0,UqRnT7PAC7qSqQLyNG1Qcg
DA:513,0,7MkEenDqSxcJ+a9XFE8uLQ
DA:514,0,kO6vRo35qg6R6tOPxgZoig
DA:515,0,9/ZNzUpn/9C433aFtKnDNw
DA:516,0,ELiKmX8LHr0UXQh8W/NSYw
DA:518,0,+wGW1xMvnBVP98pzjSKIVQ
DA:519,0,/i0SJKihbq8c29KRSq1B3w
DA:520,0,nYoZZSzSX9dfXNNFNcxajA
DA:521,0,eTn0CnFye+crn4YQm/OnjA
DA:525,0,doKQiFcxd/0RGdZtl6VAxg
DA:526,0,BwOlg1NKy1HH/+l3T3+ijg
DA:528,0,G1p+E9dAJ6l2dgo4QQRyfQ
DA:530,0,fmXdfBisZGONPVj/1GSSRg
DA:532,0,CrVZ5HnJNhDhetEDoFOdAA
DA:534,0,x4ZhRPsfBM++kxj9SJ/FqQ
DA:537,0,e7ZlaOMqc7Jz0AeEN4Fwog
DA:538,0,/vOW9D+hgTbA0Zbnron0LQ
DA:540,0,sxtBfjBxBFVgRiq9X6bBDg
DA:543,0,Pex2WP950O1zW9+cQhserg
DA:550,0,9e3Tbq++/BNsBRwEza2siQ
DA:551,0,oyt6jNJIwxvMJMzE/UprjQ
DA:553,0,xb2afg6EeGW48lZcQHO1rA
DA:554,0,XjYNfFWxuTVTzTDkHzVwTw
DA:556,0,S19rHjsz10hoXthkv5IUkw
DA:574,0,pUX8X3JZDwS3nPSh1K6c2w
DA:575,0,u/G8/eGQiqZUKzt+tjXGXA
DA:577,0,tgANOynpN5PROIJKjv7ghw
DA:578,0,4rGAdhQDBDuwo/J9JbTYYQ
DA:579,0,ErzfmGLcD/gvaNARB0yhjw
DA:581,0,9gTlNUbFKxzCc0FyQyEuRQ
DA:583,0,0J8qw3H4TborTsIk2lKOMQ
DA:584,0,cFjxguUAnJtVfVHRgFGa1A
DA:585,0,IhkvurVAUbkWO4GRtSQv4A
DA:586,0,uyiFxtSbN+YBOEF0meBehQ
DA:589,0,r0fMv7V4IaHYib/5/qGJaQ
DA:591,0,u4eQy6JF3x+ODOb90WTcAA
DA:609,0,7B/kWsCBZ2DkSiRs+hl9Og
DA:610,0,4uIqh0JsCEZVutvI6pUDmQ
DA:611,0,ArxlQ337G33TBz0mklgPYQ
DA:613,0,/VSK+IGRgh+Rkn9RTaPiUg
DA:615,0,sw8F0MbeulejKK9ubtgOPA
DA:617,0,/0kgp30qXvV6qSr9yBZcnA
DA:618,0,R4ruHNMW9ueOxFNwf76/3w
DA:619,0,sza6SGrUoWe+BdxYWdytPQ
DA:620,0,FioxPjsHW63olUlB8+S12g
DA:621,0,ZUcJa4gCA455ouYF6SMCUQ
DA:622,0,z7pyLbswysZdvgTrfzoUVw
DA:624,0,OwfcOJVz6mGI4uYV9tV4AQ
DA:625,0,qrFJpvvSZbSwfsQKJyEnkQ
DA:626,0,3TKF5uCdP4eZtY/SxFWkUg
DA:627,0,tNI0fZlogiDGhrPSw9vRUg
DA:628,0,T3HJazNW9TW8BuUiBFdbfg
DA:629,0,h1RIU79T3RRuLuJH7ZHs9w
DA:631,0,vvcmSN19Zuanerz3YJQrpQ
DA:640,0,vHWOjqDLftspeZTsFolnWA
DA:642,0,aswBPsutv30gEHHoLnZCsw
DA:643,0,WYGoIMg4zm2rlOuNDVkX8w
DA:645,0,W5DVt5QpmBwOtlmfn+VnLw
DA:646,0,vgxuxaVkNTN0MBonhec9kg
DA:648,0,UDwFE1bebf9q9FfXixYjEw
DA:649,0,aVbDFnV4RLW2VliTFmqqWQ
DA:650,0,RzoHvnclaakspB982FGZyA
DA:651,0,yjgFtmiQSbLD/Nkgoxg6/g
DA:655,0,d7leIdQFnWDucDTuD882QA
DA:656,0,+qc1f39bxiDb/ALtql8W2w
DA:657,0,B16vhRPUIlehyXGaqIvDHw
DA:658,0,NQnqBiqLWRJ2hxvOp9PAOA
DA:662,0,XJq4GgjDSdVgjQb5iPzFjw
DA:663,0,+qc1f39bxiDb/ALtql8W2w
DA:664,0,aVbDFnV4RLW2VliTFmqqWQ
DA:665,0,qOmJEKLGYJmT/mmfBSiRaQ
DA:668,0,twIddUZSEzjNonFY9t7EMg
LF:358
LH:34
end_of_record
TN:
SF:oqupy\backends\pt_tebd_backend.py
DA:14,1,1+9wdnNK6ERHmSA06tdyPQ
DA:25,1,f3ij6tcLetaKp+5lQ4W6aw
DA:26,1,XMt9Np+Pddx4x3s+onfLuQ
DA:28,1,IWWjrCeOtk8NNtrE95++2g
DA:29,1,Xgrr48hUFUVyCx/oYckUUg
DA:30,1,6LUEtkRs0pqTABX8A6azZg
DA:32,1,1ycEI10ey2G7rTeZX1NLMw
DA:33,1,MRxZVzbD+xpECAIBHAn6Rw
DA:34,1,t8peIaDbqulHSC+atk3Ktw
DA:36,1,ag1DRwiq3X7qzVAvvbC3mg
DA:38,1,rmhNJiLFBsUflg9cRcgJig
DA:48,1,ap2R6nAh8Q9V0zWdJi3S9g
DA:49,1,/ZvqiDY7XVzMiSFdpC6ZCg
DA:67,1,4LgMgWBGno1n5MNJ8WRFsQ
DA:118,1,HmADa1g/W1C2Vo9Wm4sNNA
DA:119,1,NqGRJQsAizHi0wzey1GJQQ
DA:123,1,zfUSqFkxvEE0JCwm50v6pg
DA:127,1,A8QFrcaaF3KQfsUSyv9R/Q
DA:131,1,9YxYJNE/zwwY2aDb6mrWOQ
DA:138,1,TC1IcS/ym6uVlR0Ire3EtQ
DA:160,1,gyYJclWJkpuSI+rTMF1AtA
DA:180,1,rvGHGkrk4zZVUQQfoFMTAg
DA:189,1,UVHipq1zXnl/g5/RnKAafw
DA:204,1,cIIwxl4gAXj9r9o7UPVwyw
DA:232,1,gWBTNoKEm2WMd8MuFJub/A
DA:239,1,a/loXuhVqtIrqzQ1JEnFDQ
DA:244,1,tsu+/CeLrxGRhD0Ogqv1cg
DA:258,1,bd4qpwzrZiFjlAyqi5+MDQ
DA:266,1,LNG9VIUadDnLKgDTnzfcDg
DA:276,1,8OtsRiwIluMtmNSuz01PcA
DA:297,1,zLvZOGwicErJqdOzTqc0sQ
DA:323,1,1PeIAH7f0+j9aRb456n7kA
DA:362,1,7oF+iEh0pFWFpC7qyvJDLA
DA:366,1,Z5cbyxL4HtChzUPWI1Hd1A
DA:380,1,n/T+2+6MslHU18X+mW3LBQ
DA:440,1,4Ty8vCmYPpX7QEPfneDTuA
DA:449,1,Ph5GbEnoa+lLHldiza0HSw
DA:570,1,9cOcPHMcMFLSlmGMPmpmtA
DA:577,1,qBbPACdAw1wLmk+PoyZobQ
DA:585,1,M2q7GnKagKfZphAV7y57Dg
DA:74,0,z5/lzgyCHOU8Z/cpOvxwMQ
DA:75,0,wf4kpSud8ylC8eyNF/RnkQ
DA:76,0,wJQXpOQjXZv5fQwWDhNa5A
DA:77,0,VAAp3ySW8zTwbl4OxVyL9g
DA:79,0,fleEMZI8sh7tbVfSea3Scg
DA:80,0,0yADSls9pJ8KxXHUgrO7Ww
DA:82,0,a7YSZW6BRyDQPHXW8sZIpw
DA:84,0,8Fogzd9bbJDMlfvMcjw/vQ
DA:85,0,ON6jY3RGcKRdwPhlXDF5iw
DA:86,0,tFkWfpOS4DUWcEcCSlZA2w
DA:87,0,TQQ4mquCRvufomA61fbo+g
DA:88,0,rjbTlEeTOI4ly4eW5/6EzA
DA:89,0,bwwTzozDoGqEIPsoz+EUeg
DA:90,0,k9NNEvOkC+p1Gkj8W4eFlA
DA:91,0,/C5eYoo4StE5AGKeUXXFeg
DA:93,0,VkeKm6mjZwlbFtrIZ8JHiA
DA:94,0,H455Pvy/FlQsB/JO4+X/kQ
DA:95,0,9cuv3qk5UOHnry38uJpyZA
DA:96,0,9gIdf+O/Y/VWdzoxCJGTPg
DA:97,0,4pdPSiIdro8EtXiQc5ibjQ
DA:99,0,uRkGlWEnYn5a/TVBSh7l4g
DA:100,0,kR5EKX9Ug7BksU4eco94Nw
DA:101,0,k2QKHCHYNM8DlZd2T2hj9g
DA:102,0,R6D0wkr2SCJ0zzatM/0Cfw
DA:103,0,LEl1ZLmoPDDthR0zX+XV5Q
DA:104,0,1dC/8EIkdnFMAyjlGyaNVw
DA:106,0,s5Coj0qJ9xwdG1dEjRxsyg
DA:107,0,LxWS/0y6y9mNCM5QP/2quA
DA:108,0,e+pg2KvT3rOGoNC5ydA8AA
DA:109,0,N3SV45Tzm/rj+IFwi4TDJA
DA:110,0,oz0neRZcP/nwTvn8AqykRQ
DA:112,0,UMjFRMEP3qJTKqjkiY06xA
DA:113,0,z7qRe6I/vohyYyDZG8buzQ
DA:114,0,UvVETZ2LEIcHXdk+gvNVnA
DA:115,0,OOVrwr537t3pO9PcPNfCAg
DA:116,0,6F3VKKWjidlwQgLvVFkHSw
DA:121,0,qMT2IOognNq/frKxyB9/wg
DA:125,0,y1kkqBSB30LSZVEVCS/EFw
DA:129,0,MF/nk05AeBowHrVlMFHifg
DA:133,0,3k5cYPq8zGdPgo6YX7HFuw
DA:134,0,EMpoA81J3mApIXl0MY4yxw
DA:135,0,H8IduUMtw61XpOWnNpWfZg
DA:136,0,W9ZA+KTZrrcTjgdMdaQHXQ
DA:140,0,rdEq0r6jVrc/Jhp42jm6yg
DA:141,0,/8WpeSvi0ANIaY/fFijxpw
DA:142,0,Tu69Db9LTmaDYnOmKKqN4w
DA:144,0,knTQqZSRK8SXErCsTV14Uw
DA:145,0,/8WpeSvi0ANIaY/fFijxpw
DA:146,0,U1hg547Vkr15J47eAdHbJA
DA:147,0,YM9K6t0hoAa/c/6V/yV8lg
DA:148,0,4WjjhOXWasUBFZq/OlF3sw
DA:149,0,36MGqDEVdODx1HaYxbPC2w
DA:150,0,cuO3bQBz4CBjdHv30Ld5Vg
DA:151,0,7tkInZG57KKFye3Dp4joew
DA:152,0,36MGqDEVdODx1HaYxbPC2w
DA:154,0,IxVDT8ODwm/AZFYHSIGBUg
DA:156,0,xh2fhD9HvLsVb0f9admKZw
DA:157,0,0TeqpEAxtUZbQAsyj+EAPA
DA:165,0,63RRd3bWhP6cz+SHWLT/OQ
DA:166,0,EYpXfUK8wd9gNOJjyRFCWQ
DA:167,0,8RFsxHqBAbIp8LHIsJvw3w
DA:168,0,OqfEmaMOYpSUDTFbyeJGLA
DA:169,0,AqKYTr1ErNC7adH8YW85Pg
DA:170,0,CavTbJh0A6WSfjjuinVooA
DA:171,0,2vXMgqAAMYZwD6ep7Dgejg
DA:172,0,6sveJ8wq+acjWo3UeUYmvQ
DA:173,0,TCOozmsqFNqSrY6C7suBGw
DA:174,0,ml/blCnhAKoD8VQaD/zl0w
DA:178,0,com4b+qljUVyfWnVrFIVRQ
DA:182,0,63RRd3bWhP6cz+SHWLT/OQ
DA:183,0,swCWm59egcOJq+j6QbE2qQ
DA:191,0,WhK2xfX2FepAOhe9Rsu0uw
DA:192,0,rTyJZPIehl7UJWdH5bI77A
DA:193,0,Y5jqTVuRDW71UjEw3tUd7A
DA:194,0,N58Xd57Mn8B8XfHkBVhKOg
DA:195,0,5VrO5lqkn6vZ71Rp2NJ3dQ
DA:196,0,KYkWIDVX/r/EPXsBDxqNcQ
DA:197,0,t7GkRVeT+AN+dZkVodq6Tg
DA:198,0,uB3Afcxb2ehPa1+HAelnRg
DA:199,0,ycwuop4M6FAxsxXSm1Kirw
DA:200,0,OyXr5+ao23cjMnc8M0yMIQ
DA:202,0,/74eoZIcTHR3Li1uUT1/0A
DA:214,0,k6m1RS/bGeWTSCU/Wk/xAQ
DA:215,0,7nZKClyVcqy3iPOHRl+lgw
DA:216,0,z2FqsT1ih5lFfE5WWtoUHA
DA:217,0,tOCS9TO5TONtNvOG7mOSYA
DA:218,0,4ePys6FOKc3G/LIoqMmI/A
DA:219,0,dbM8W3dLOstftlKa0gDQlA
DA:220,0,refq/aIWyr4Ke69SJHFlCA
DA:221,0,D3SDBgYzHlNXxmvuUTc6jQ
DA:222,0,q4QMVyrOd3gR8sS+/tYVwQ
DA:223,0,aep3KpxfICm2Z78bxdsZcw
DA:224,0,KbFLX6kDiFBo4v0pj7wnBQ
DA:225,0,Hma94fI2DQTmlyueQRSniQ
DA:227,0,L3nRTr2GoTfwaIbTy2j52A
DA:228,0,3NJSiQweufWKUGsV2XAK3Q
DA:229,0,s9CTpTJDi36aWZKazEv8Fw
DA:234,0,LWDUVQX113u8qAJbrD+zpA
DA:235,0,qIa/XzrcZChs7+E++JBvOQ
DA:236,0,e7ZyGsFb7B62raO9xgUivg
DA:237,0,h7wGn1Q/uEU4eUIARfhI0g
DA:241,0,xG9y62LaFOTvoAQ/qJOQFw
DA:242,0,+WJyiyO2l/kou80rbycK1A
DA:246,0,5zdrOvNwtUPhAu0tYssq3A
DA:247,0,oCrsPlqhtUOaShctgchDyA
DA:248,0,8iRUtiDXJP6tuwKsdYGdSA
DA:249,0,7ewUlYmcikfkoQT6xJthIQ
DA:250,0,EdYCXJEOmqyDSAelkWA9bQ
DA:251,0,On3VtuGInhZ9/oOfQzTuAg
DA:252,0,9jU8YxNnHk1Z6eH1RuJiHg
DA:256,0,XWb4OtT7ZJk0sU8rTuJg5A
DA:260,0,UMjFRMEP3qJTKqjkiY06xA
DA:261,0,z7qRe6I/vohyYyDZG8buzQ
DA:262,0,UvVETZ2LEIcHXdk+gvNVnA
DA:263,0,OOVrwr537t3pO9PcPNfCAg
DA:264,0,6F3VKKWjidlwQgLvVFkHSw
DA:271,0,bMe3azzcXY9nqLnyoY1nxw
DA:272,0,3/nfqeFl669MppaIbfw/0Q
DA:273,0,RqqrnF+/KNZwb5J38+abXA
DA:274,0,bZSROndYtvp+1ZAAc+b/Ow
DA:285,0,Hs9pf+XyYKFDy7R6te0Cxw
DA:286,0,qywq5nKwgX0SS1dbxCWVlA
DA:287,0,x8hn/nZbQGSLQQJRkN5JjA
DA:288,0,yVb4eRgYtC/JVayvDr97kg
DA:289,0,saj/SW4i45+IhsQ8/oOQRg
DA:290,0,XP7iROEkO3Q4YrLXR5P5ug
DA:291,0,McmF4z3DYpALet3UPcz2vA
DA:295,0,lTTQPAdn/18+mohVzEcTQA
DA:302,0,GYEbKvlIwhHPTttS/BuXgg
DA:304,0,4T6mOlJeLjm81bOP3PEHHQ
DA:305,0,2wuUvEpH7dhPaQIkFC+NVA
DA:307,0,x8hn/nZbQGSLQQJRkN5JjA
DA:308,0,uN3sD3EeZLJCb20vesocDA
DA:309,0,5zuvmtK8/8ccKQ3UGDqIaQ
DA:310,0,EBXJiOjRn7MwyR4LvasgpQ
DA:312,0,wD6cLlmZCWl1ArpfMu1vlA
DA:313,0,bqcDbzdPENn9CDxdwb9ogA
DA:314,0,vT9OyEoVdAPxw/xTpf/auw
DA:317,0,3Y/ZbFqFqxPERekfy6u37w
DA:318,0,BiROBDAY8W5+cF8CsFhJTg
DA:320,0,ufjG+qzH/kQqSEV7Tg+NsQ
DA:321,0,WAZdoVaNXru81cGSpfBiDA
DA:325,0,ek1Cm3l0W82hP2/xyaFsgA
DA:327,0,KhCnS5r1s/vLKxiSI2ZWig
DA:328,0,nLYBKaRseM9mCYFByS3klg
DA:330,0,Vi/t7jVnAWllWS+CvbG3QA
DA:331,0,Q4dwzgvVJEVrgHuKPF65jA
DA:332,0,rS7iGpT4DcRqp03aLb1TjA
DA:333,0,bpBsP6hb6IGNcP4C/+1yvg
DA:334,0,x8hn/nZbQGSLQQJRkN5JjA
DA:335,0,uCVfj5sxSFXY5pVhqHenJw
DA:336,0,wOiC5v8hjhN3DANUiPz3hQ
DA:337,0,elMEJjkqbNDBiTzh5I4Rkw
DA:338,0,QIYYQH5uuF9sFCsNFusEaA
DA:339,0,TNC7hWjE4i+mik+0eLVS0w
DA:340,0,ID+fiFRRm/U+wN4faBM5wA
DA:341,0,UgNJWVBeTgq94V27NN5Nvw
DA:342,0,8bJXrKpjo3kwF3SkYA6I6w
DA:343,0,Qbo7dc8ApI870P+tsuQ/aw
DA:345,0,/yZDr+2htPB0S7L3fZfiFA
DA:347,0,KhCnS5r1s/vLKxiSI2ZWig
DA:348,0,nLYBKaRseM9mCYFByS3klg
DA:350,0,oySdwn/X+ROf3ruT9J5dVw
DA:351,0,JLLS3lkpn3lsNQBTgTVLaA
DA:352,0,pmx+VmmkU19phNSVxgRoww
DA:353,0,bpu64f3bsi1PftL0pXrliQ
DA:354,0,pg1bnqJ76I+9fy8QvFLIrQ
DA:355,0,uCVfj5sxSFXY5pVhqHenJw
DA:356,0,r4pErg/pD+DaAxn/SjC/Zg
DA:357,0,l5brb7kjc4Mv3tJ0PAzKPQ
DA:358,0,4UqUHZSzFuCBeNYr/YzqZA
DA:359,0,dbMB5h6BAklJ8OhvgajZRg
DA:360,0,zSEUTpdSSYE+H0TaZRWj4Q
DA:364,0,RMd5G7po8LtFv8HdJvsV6Q
DA:368,0,ymlUaDqtY28lryknRpNQlQ
DA:369,0,6HKUWJirslF/HQqvi05u9w
DA:370,0,LHjS8Y4jdMloEgDl7H2FfQ
DA:372,0,7qRU58ZnIAFkAvodRPBkIQ
DA:373,0,J1bXospBVJB8GU5dZinsrQ
DA:374,0,Asvdr3Y+fXmx7LfrDsfHvg
DA:375,0,LQ1aa1wk5lCsTpeXbcuWig
DA:376,0,o5+9RchNWzjxrum1kQyThw
DA:377,0,wysjswHP8NuCs4czuvflDQ
DA:378,0,E7IiaysAx+wmmK3zf/U62Q
DA:382,0,F7/sRpPcy4fr5eWG9HA+SQ
DA:383,0,8ZfDFmA7UE+KUhh+DS5mcg
DA:384,0,3iz1llmaWpSuqO/n+Qxipg
DA:385,0,ZR/RhNj21bCA9lfQwsXZcA
DA:387,0,TDEvkjB6pEvCzt1+pHZBLA
DA:388,0,siKwfGIlnukdsehH5JccCQ
DA:390,0,QUHvy8Q4bNZ8bMeXH9cYPg
DA:391,0,4ZjXmGoP4VWArwQIlsjIqQ
DA:392,0,RkNQf1NglAnQ5TXIa4jU+w
DA:393,0,lxIQ129dsgn8DH3FYjodFQ
DA:394,0,KJJn16+rsTTJtCGygWiusg
DA:395,0,Xwi9twc5fqOSS270yYXzLw
DA:396,0,p3oaPjuYv3yVMa2zp5CZ0Q
DA:397,0,RpSq7evusnJAcWXO5ffKUg
DA:398,0,rUBHY5swCEhXKeXQFus0Eg
DA:399,0,21FIxlTDX4rk4UsRCs0xaw
DA:400,0,C2pIZTr8AsRmP1WVwl592Q
DA:401,0,f/pfMamaSLyqyy0aFt9IWw
DA:402,0,O2seP4BtPHjTcu5x+j2tHQ
DA:403,0,KLCZi9/L8Imm5lb+Lj6zdA
DA:404,0,zrlo1KgXf892kUQSWLdF3A
DA:405,0,a2R+wZ4WKAqyr8c3YWEExg
DA:406,0,WWlOmAfzaVHbvSL5JTKp9g
DA:408,0,IJ1COGULaBShjdDcUyGKig
DA:409,0,xeb1ykYTUDUmQ9Kzgt7whQ
DA:410,0,Vr4D8CMRiB1ThWa+9y/K3g
DA:411,0,zO07+MK6U9NBvpazQkDaTA
DA:412,0,cf8OGReskoEvUzGxOLcClA
DA:414,0,fGqNgxrtxNOcXkHupBMqpA
DA:415,0,iTAQoKZJwrDX2I0dQimkqQ
DA:416,0,c8YX73pGNqHlAMcxOgUCUA
DA:417,0,ig4qsQPGGj6Q4X09nuKpMA
DA:418,0,2C9OwYdI1mNjDc/mHhtN9g
DA:420,0,+O6qegoc4WIOGkwVd6iLHg
DA:421,0,zY2W6f1MTDMxivrQoxNh4g
DA:423,0,5kdU04UOUWl7KMUPXa6NQw
DA:424,0,97rapYwH6FMydZPD5keoow
DA:426,0,K9ShDwL5180dDdorvEXZhQ
DA:427,0,xFdUeOGft27NLOCSaJPONQ
DA:428,0,jJO8ZOKe98uMqZqtCfZ+6A
DA:429,0,LbQ8DZq9cU/tOiDxSRo1FQ
DA:430,0,gXCvnsiKb/Fx9DbA3U3SNQ
DA:431,0,R+a/LigerrPYYuQ/+YRHHQ
DA:433,0,ga79rmew1K6x6laqARd9kg
DA:434,0,2+atawh8T9d1aSzucUwCxQ
DA:435,0,wCMzUqRqfKOAvpQ2yAUGKA
DA:437,0,mmBnDdxKfuUOO21Ew6oxPg
DA:447,0,DEVB3vovx70cPIvafbd+mA
DA:467,0,tbYhOoZayLk652u+slBVTg
DA:468,0,BmkDZq5PqPmYB5NEln5AQg
DA:471,0,UgOxFozwpLdzG49KXF3UTQ
DA:472,0,A+Kd0ogNJ9fYDeTJgJN5zQ
DA:473,0,H5shCtjEF/oSdYcggwyqBg
DA:474,0,EJWI0I8XIWkd8RULupzXww
DA:475,0,Ht7tp0zHi2Q+1PuAlgCRYg
DA:476,0,PPU72T8VBJeEXo/GK59rKQ
DA:477,0,Hfi3WjVupcBN4eA4Kl6+5Q
DA:478,0,6haP72iUY+KOaGwk/rykKw
DA:479,0,SxSFD7Ni/iAmi6Zlg/IN5Q
DA:480,0,M8WJVCcpQb0ArzuGRr61QA
DA:481,0,ZE7V9oNchkCFL3v9EAkXqA
DA:482,0,9eSuRa42+HwzJFoiSG1Pdw
DA:483,0,j47XwtBKfhHwR6EJ2L7kVA
DA:485,0,zTbuJLkbDXrmoDenJ+DmNg
DA:486,0,btyUln20Tq8su0zIIGUbXA
DA:489,0,XvF9GJrqD6EEucuZwzFpbw
DA:495,0,M2JGKVWrEj/xn8es5GMoNQ
DA:496,0,tbTXy9WnAyXfUq8DTjWepw
DA:497,0,zqZV0kZBoIHwVFSHh7qxgg
DA:499,0,XvF9GJrqD6EEucuZwzFpbw
DA:505,0,bcC2WqEA5XkmqQuU2e0YMw
DA:506,0,9Ney5EEQWRI9niNnBDB66w
DA:507,0,Ikapp4RoJ9iA0/OU12WFjQ
DA:510,0,Z0kJ79LoA16c6BVQ1qXXVQ
DA:523,0,XvF9GJrqD6EEucuZwzFpbw
DA:529,0,J0tzGtPdSlae2i9an3sQBw
DA:530,0,6UZTjuPrXLt71eAcaf/upg
DA:531,0,r0bH2q3riqSo3X8zxB3Iog
DA:532,0,XtEjPxEJzxzueyUlKQmaAg
DA:533,0,X6RQWaj2MF42fkOsULfN+A
DA:536,0,joaubJschzYN4Mjqq86Hbg
DA:537,0,HaANA48o5ACzUZaVvcsFTA
DA:538,0,J1fg4Pd1kcx3vkiBtMC1rA
DA:539,0,57f5G6Dne9GCf5hkigl4zg
DA:541,0,laHq2SEgABI4j9xWsOpZQw
DA:552,0,eCpAwbHISoQ/2nfENhweYA
DA:563,0,FQlX4P8bJfLTs1PoYsyGMQ
DA:564,0,0pEx4zSlDJ8kbmGMQYhDvw
DA:565,0,kj8h6/N2VeXpgfPMVfPHiw
DA:567,0,nm0kwKrUtjEszeX8eaCJIg
DA:572,0,12BxAhBR8slv78XXeIXA3w
DA:573,0,Hhu+N4ohmXY+ytrK3Bg9DQ
DA:574,0,3qfL65wglk+wXpZxA//PoQ
DA:575,0,qDrwmoPTpejqKghbm/Kfpg
DA:579,0,Da5kFPoJyKPV/752LvDl5g
DA:580,0,PGfwrIQYOt457ycd3Uru+Q
DA:581,0,/ZDKzzMQmdqhWYx90rK5Fw
DA:582,0,BKsmewBn64r6EooeTUecIw
DA:583,0,l9W4rJDSgreoZq3Rjpt/zw
DA:587,0,L5QUVFbTKxSJgUZRllslOQ
DA:588,0,Kx4efySC8Ey2jZI5OMV0KA
DA:589,0,4MRsc3BuL7//R2uo6iAiAQ
DA:591,0,HLroWYz586kUKOWfYHloTQ
LF:326
LH:39
end_of_record
TN:
SF:oqupy\backends\pt_tempo_backend.py
DA:14,1,1+9wdnNK6ERHmSA06tdyPQ
DA:18,1,pe6C6438y2idi6lmgQCm4A
DA:20,1,IWWjrCeOtk8NNtrE95++2g
DA:21,1,Xgrr48hUFUVyCx/oYckUUg
DA:23,1,nlQ6pqkRp1Kp2+5x7094sQ
DA:24,1,1ycEI10ey2G7rTeZX1NLMw
DA:25,1,MRxZVzbD+xpECAIBHAn6Rw
DA:26,1,MVQewMcBrpYr0Mg+qM1IHw
DA:29,1,EuhZIIaZ36yqTQ7U06Nzsg
DA:30,1,/ZvqiDY7XVzMiSFdpC6ZCg
DA:50,1,4LgMgWBGno1n5MNJ8WRFsQ
DA:87,1,HmADa1g/W1C2Vo9Wm4sNNA
DA:88,1,x/Fk3c/kHFu5CYuWKEllMw
DA:92,1,HmADa1g/W1C2Vo9Wm4sNNA
DA:93,1,8DZCrg+eIAB8mroVB5cUdw
DA:97,1,AxCDkv+sBExv8A7yCeSoww
DA:162,1,0wf6i49oqEyxZjvzygR9ug
DA:254,1,govieLn5T8qCaozNx416ag
DA:279,1,7wdu6WnT+LQUaNFLUjLDzQ
DA:62,0,LMu6jVScHCWyu3B0Spk6gA
DA:63,0,SIJEZRYtq+dXoUK/9vNBnA
DA:64,0,Wn5tSVv9JFERXEBK+UAFpQ
DA:65,0,UVRqxWk1lJyeYpS/tZn05g
DA:66,0,lB6fP9B++aSKxhm8+8xUEw
DA:67,0,rv2u8Bhq220LhNxVlXMBNQ
DA:68,0,OScL8wHGsc9PflkNSpxHjw
DA:69,0,wJQXpOQjXZv5fQwWDhNa5A
DA:70,0,VAAp3ySW8zTwbl4OxVyL9g
DA:71,0,1lr+cPLf+GxTWYpFMbnSKw
DA:73,0,CtzcQfWa75sHnyzuWgxceQ
DA:74,0,6WL3BLkK+fvHBU91rZYAMw
DA:76,0,6r8w074x4WB9vyh30z8V+w
DA:78,0,nUV+8bqkX1bsJ9B7IdBDBg
DA:79,0,WYhOeWmvGikOYOGAZ/Pedg
DA:80,0,2BPFd/eoZnQCf9rrAFv5tQ
DA:81,0,xmNpD4YnWHxaNNAvl/O7+Q
DA:82,0,7NhsNMcneeNFyD1Qbm1pww
DA:83,0,GSKyNW9gPR1KXcrZ19oLwQ
DA:84,0,qOwntvUL60Fk/fu86wM7og
DA:85,0,zZtEPNb0OJ9zHwDS3cv8VA
DA:90,0,ztcoXeBYtyfA3yE2trTWXA
DA:95,0,HO3JVgepiiZG42e2qg6VMg
DA:102,0,oSoLcqRrK3RbYKOvhNxYVg
DA:104,0,m2P1bGE8YEwTfGoDDKB1mA
DA:106,0,VhnHJApfpI1unU7tAHOEhQ
DA:107,0,EF2bYPkG2G7I/B/4EfZa7Q
DA:108,0,+Aia6cDq0011uoIATVDazA
DA:109,0,J7Dh+Y3oITGsk2F92pqCvA
DA:110,0,AoIaq7XZ49p9qAmvjzioGA
DA:111,0,RNccauPhtW1WmnCXeiujJQ
DA:112,0,mwqI/ExkrmyBhNlErn0JyQ
DA:113,0,CXIp8xLfnbcXw87zNXjSJQ
DA:114,0,dDUbkMuLNkowleAuDp3mbw
DA:115,0,AoIaq7XZ49p9qAmvjzioGA
DA:116,0,i3zsuJaYYl7wiXxnP4DC+w
DA:117,0,56koXb1sI10KDGLTzewVrQ
DA:118,0,sg9KyHVrSc2/h/CaGsoo+A
DA:120,0,AoIaq7XZ49p9qAmvjzioGA
DA:121,0,asVR+4fRJlZjO/4eX5A39Q
DA:122,0,lQQ099/ypEzYk8PIPTUV5A
DA:124,0,sjzDn8ScXLR89tcOjguefg
DA:125,0,sO/0Fxikw5KGPBTPcQiywQ
DA:129,0,iKRKIAPro9bLgWgj7Zmetg
DA:135,0,V5M7Lc1qLvVFWiMzv4mFlA
DA:141,0,n0FYk6PgmiyxJgvlQK3WSA
DA:147,0,LGPt93V+7oGMxlY7i9W0NA
DA:153,0,HgryZVBkcCq4po7G029JwA
DA:154,0,i2EyFagNjpsbkYzcN0XQtA
DA:160,0,MDFtl+gmIfKdhl0K2Awkkg
DA:195,0,YUOyg5maTB2im9+tD3NCFg
DA:197,0,enDGKSgSyPbgs+zXRIK2zQ
DA:199,0,TDdJApkwljpWqC+STBN6ow
DA:200,0,VxPb3ARXAqLRo1q1VIXD+g
DA:204,0,HXsnP4vYN5etlD8+ry230Q
DA:205,0,WFpZ+UPXkLTMmr2PyTFlDg
DA:206,0,O7nMSgK3VvwCjUvdx6vMBA
DA:208,0,oi8rUfiY3poeGF3MlszSeQ
DA:209,0,ySSmCrWoE9c134s8POFYzQ
DA:210,0,MfHhfjzXqkTDRKnHf41VXg
DA:211,0,0Yn62JqvHipk0EplkwXFQw
DA:212,0,kr02pMxqltoyMIkvpN0jlQ
DA:213,0,+X8SjiY1tAHofRSO4Vk3FA
DA:214,0,hgV1miVf+N/vG0db8Wyh8w
DA:220,0,3UyWuhoNDcuNEOrajTaYDQ
DA:224,0,Sz5234ocBwdPZHerYT3aPg
DA:229,0,RIVcW78V6Eg6du+nvY2sQw
DA:230,0,FZ5zKgbKjtaR+V9lY3q3zg
DA:235,0,74tJ09wtzGVAeFHjtW1IuQ
DA:237,0,EStFmAktVGrO+b8MleSdaA
DA:246,0,oQGw4R5l6Kh0jYxb/I75TA
DA:252,0,JiwYnQotKkN0cjp/MEfUZA
DA:256,0,dp7TZH6B+M5R1jH64THKEA
DA:257,0,CPxwIW2UNFxxPT4Ent1gWg
DA:258,0,sg1fi+URC7N4YcDkRcowiA
DA:260,0,098ieouSpWZCqvdoCcaLfw
DA:261,0,fzjHjtRsxuhOIesD2f32hA
DA:262,0,lxdxfUdWZG+INfBuGHOUYw
DA:263,0,DgWzjyOK+USzByap2Mbz+g
DA:264,0,PehPaRW0AYzPuABMdda1fQ
DA:265,0,ykUVKnoYa0/+KFuSF6e38w
DA:266,0,f9JWXZmGJLCsCAnOOZN+7A
DA:267,0,4Rt7flHL5FWbFzwT5QVKqw
DA:268,0,GwWTizrjmH9qpmqIsJIzGw
DA:269,0,Mx7FVMMHKxkdju1Xul+krw
DA:271,0,f2K+eReZCPClMeZnW+mbhg
DA:274,0,c1X0cioplUBo/cd/KYVMoQ
DA:275,0,EGSA40oVe9dh5ZADJKx4cw
DA:277,0,aHsHbtzCTC5fRU2iI3mhiw
DA:281,0,Vn+n/3Yzi4fmcl3n0JMbWw
DA:283,0,xIeFqSdsN8CBWyeLX9s8Uw
DA:284,0,5qDwaHGC43zJPPzzuAvq1Q
DA:285,0,DjkiY61yeBwwnJ0r3NR/Tw
DA:286,0,oY3RW9dimbzSrEeYlIfcsQ
LF:112
LH:18
end_of_record
TN:
SF:oqupy\backends\tempo_backend.py
DA:14,1,1+9wdnNK6ERHmSA06tdyPQ
DA:18,1,om4YQIt8lFWqof85IPa/kw
DA:19,1,v7vAwfDSOVVjxhx6lIh1+w
DA:21,1,ejAUCbt1SDmDj5DdABbU9g
DA:23,1,dyX4ObQTTDAwNTybPZuh7A
DA:24,1,seAdTtxSnrDQ9dR/9Q5Pwg
DA:25,1,nlQ6pqkRp1Kp2+5x7094sQ
DA:26,1,cNWwBbZJgYQQhWnVbQeE/w
DA:28,1,DLD/kXq+5GAVk/CBd1ssjg
DA:29,1,/ZvqiDY7XVzMiSFdpC6ZCg
DA:51,1,4LgMgWBGno1n5MNJ8WRFsQ
DA:78,1,HmADa1g/W1C2Vo9Wm4sNNA
DA:79,1,x/Fk3c/kHFu5CYuWKEllMw
DA:83,1,bwNmc1b/keAw1d4AtMn54Q
DA:125,1,gfvclCdE15XWInZFtgPMBw
DA:263,1,0OhSmOH86HKjMHj3NjGydg
DA:264,1,/ZvqiDY7XVzMiSFdpC6ZCg
DA:267,1,4LgMgWBGno1n5MNJ8WRFsQ
DA:290,1,qDHGY3z+lMPKFTYIvGrlJg
DA:299,1,rd2A86/RWfW15FYEjkWhEg
DA:309,1,ocxN67av9X+De9gMTfA1oA
DA:310,1,/ZvqiDY7XVzMiSFdpC6ZCg
DA:353,1,4LgMgWBGno1n5MNJ8WRFsQ
DA:393,1,HmADa1g/W1C2Vo9Wm4sNNA
DA:394,1,x/Fk3c/kHFu5CYuWKEllMw
DA:398,1,9NEbfyRhxGWXCHwAOGQz+A
DA:405,1,gsG/y4qpdKZV5ieQZ5ycew
DA:62,0,mTcrdIIk5P2SNzFpm0TBIQ
DA:63,0,SIJEZRYtq+dXoUK/9vNBnA
DA:64,0,YnU9wW9rbMZV006L08unng
DA:65,0,UVRqxWk1lJyeYpS/tZn05g
DA:66,0,lB6fP9B++aSKxhm8+8xUEw
DA:67,0,OScL8wHGsc9PflkNSpxHjw
DA:68,0,wJQXpOQjXZv5fQwWDhNa5A
DA:69,0,1lr+cPLf+GxTWYpFMbnSKw
DA:70,0,K6mswOxNpvhmQYoCFXDpcA
DA:71,0,SH0X4SVSKYu1A/igGHNdDw
DA:72,0,nUV+8bqkX1bsJ9B7IdBDBg
DA:73,0,WYhOeWmvGikOYOGAZ/Pedg
DA:74,0,7NhsNMcneeNFyD1Qbm1pww
DA:75,0,GSKyNW9gPR1KXcrZ19oLwQ
DA:76,0,iOfR02p8lrcfZ3R8FlvmJA
DA:81,0,ztcoXeBYtyfA3yE2trTWXA
DA:85,0,T5c7jzg99tsFzOSZzx9E8A
DA:87,0,PBbCITV4aPHp60onHI0akw
DA:90,0,0CEaXJdUfKKN7k5QdaJQeQ
DA:94,0,apcn/px9+qVx4vkXQU+Q6w
DA:98,0,yq5s1MzSQJJuQ1+yPVyMEg
DA:99,0,gSzL6PD5dZ8QugkB8Ig49A
DA:100,0,8tu1AhwzqhRT6pXm5/fdaA
DA:102,0,E2Fu9QphyeLllSaxOlJ+0Q
DA:104,0,BRr3KIFb7gNQdIqzc45mZw
DA:105,0,LHpKMxkjt1AZlq/714GxPw
DA:106,0,9P6Lw0RmlWnxwCbvpWEVbg
DA:107,0,J7Dh+Y3oITGsk2F92pqCvA
DA:108,0,LgED+t/eGglp49X8quA/gA
DA:110,0,Ii72waLnTeOrsUoTNSXc3g
DA:111,0,2o2Wzp9RMg0laxGgV2ioRA
DA:112,0,889cWW156H1yhBCO06emXw
DA:113,0,8wUy5JDSmf47MtuuHqV+hg
DA:115,0,JqyXOTvdWybARe5ti+i9BA
DA:119,0,SlbFFH0xhm+ZId8B7iGikw
DA:164,0,VtLnohlgoPAq/T3B/tfxig
DA:168,0,3in9gWt2WqKhi/RgJhq5EA
DA:173,0,gSzL6PD5dZ8QugkB8Ig49A
DA:174,0,g1nWovU9ojo/CSIWzFYeSg
DA:175,0,+PbnGxMgXh1qVkcHhgVX0Q
DA:176,0,9P6Lw0RmlWnxwCbvpWEVbg
DA:177,0,50bcbfgSdDwQn9b5I29OrA
DA:180,0,jWZM/4PW25MO0E81XWR4uA
DA:184,0,rgt+ak8wNbPjA54i5usrQQ
DA:185,0,lC1AuUyVu/9k1NPPPesnAQ
DA:189,0,g1nWovU9ojo/CSIWzFYeSg
DA:190,0,hYnl7aIXap/KUx7Z/sq/jQ
DA:191,0,W68v3eId2peQ1Q9BTPH2XQ
DA:192,0,5pUfW3Hssw3JNNJDuwLj+g
DA:193,0,pCDPJKXcaBu/OEziBJ3Qnw
DA:196,0,/HqgJftrWUzvqQKCzaBIQA
DA:199,0,aQb1652+3dGVOL610nmLBg
DA:204,0,R0Lv9UTBImQ+1+wVt+V6Gg
DA:205,0,l1vGrdAFJnVvOqNCAYPVJQ
DA:207,0,/YB71vUvm3M3NYogFlGMkg
DA:217,0,DzFySstwDQT1CVilkhwWqg
DA:218,0,+/vD2xzgKbaJ6mJVKFlPVQ
DA:225,0,EStFmAktVGrO+b8MleSdaA
DA:235,0,n0FYk6PgmiyxJgvlQK3WSA
DA:241,0,tcMeZwjY79G0qXce0qisbA
DA:246,0,KEsT+e2mFQ9nRbhpnECMIw
DA:247,0,sIP94k94HLwYwBQP5LJvzw
DA:248,0,ptxwNpiBHuZP/+1UOuqanA
DA:255,0,Kmh4UJXIk+Q8INocou6i8w
DA:256,0,cFwc/BkrXBix1zEG/18k+w
DA:257,0,4IYnhNCXpy0ouk3vQq5CsQ
DA:258,0,pkN9qbbGAvjiD9dYfsAEUw
DA:259,0,I+ShrAa1U29cNqkSRj2Mow
DA:261,0,ATnKQdMotn0KbRUGZQNijA
DA:279,0,e7JGPQ/fHquKSxaFrFV7eQ
DA:288,0,NCCJuXo6UjimC5ejS/ndFg
DA:294,0,VPl3my7SutUKarph19aujQ
DA:295,0,5wWcx8ZkomkWNdcAnBoGvA
DA:296,0,KWDtxIfVhJUOwUTOwvNj8w
DA:297,0,PKdrfmQ0IO1fYPdCvkAWww
DA:303,0,YUOyg5maTB2im9+tD3NCFg
DA:304,0,yBV/qbb8ZzHWjFb7Se3IbQ
DA:305,0,eyWn0yR/EKG4HeQpDZBszA
DA:306,0,PKdrfmQ0IO1fYPdCvkAWww
DA:371,0,yrNG9Y5lgk7vTbJTn0dp2A
DA:372,0,osUpKAG0SgRNF/ncE1pUQQ
DA:373,0,n+rt8/6SL+sBdsKgxq5rjA
DA:374,0,DK6HVS/zH2Ke+TIjLickFw
DA:375,0,Tq3w7CkiSvpjEkoGH0AYVA
DA:376,0,GcUVLVIEf7D3uo0Py4g3TA
DA:377,0,1lr+cPLf+GxTWYpFMbnSKw
DA:378,0,6A4io/rpqdOaeBySKDgO9Q
DA:380,0,16EvZMGdrWKR1iwkHVEpYQ
DA:396,0,ztcoXeBYtyfA3yE2trTWXA
DA:400,0,VPl3my7SutUKarph19aujQ
DA:401,0,nwDMqDk0Axs6DOeD4sBkmg
DA:402,0,soVJ6ZfIj3mnC+B9yq8iOQ
DA:403,0,+6SVUL+AgUc09haxXSeGvQ
DA:408,0,SarY+S/Bq4X1GcM2GWzaeQ
DA:409,0,ivVIgo3PT+FyLsAN7VBUaw
DA:410,0,bpAlWn+OPJQpMf0Jxf3Iyw
DA:411,0,Nhdm1e4nZRV16c376Z6xFw
DA:412,0,lPGUsLkD6Tr7h09hIXDrRQ
DA:416,0,m/fmLB9xCuqJh9aG8XPqDw
DA:420,0,GQn58YxiEKI/sUfeO+LEqA
DA:424,0,3LC+9zVPogH5vwXGwwrnKw
DA:427,0,PlZGhE4J74g+td1MVD5LGw
DA:428,0,Gs3dUMeGtjOt7/ik691F8g
DA:429,0,FoREFNrD2mYNRExEM0BVcQ
DA:431,0,+6SVUL+AgUc09haxXSeGvQ
LF:129
LH:24
end_of_record
TN:
SF:oqupy\base_api.py
DA:14,1,1+9wdnNK6ERHmSA06tdyPQ
DA:18,1,PA4CBj35zMDi5cJoBocqLA
DA:20,1,mgWMIYKhlfE8C2ufnoJutw
DA:23,1,kexyvzIaKyL2srnwUOZ1pA
DA:24,1,/ZvqiDY7XVzMiSFdpC6ZCg
DA:34,1,4LgMgWBGno1n5MNJ8WRFsQ
DA:42,1,tX6sgw+b/ewb7j6V5zqXzg
DA:49,1,HmADa1g/W1C2Vo9Wm4sNNA
DA:50,1,IicbCUAIlICV81W7mnIdTA
DA:54,1,MZHdvMJRcZb25Kliva5hUw
DA:55,1,NzzZIZTgJ1l7H3xk7oc1hw
DA:62,1,Pihnouq49GSdWwSQHi4rXQ
DA:63,1,IicbCUAIlICV81W7mnIdTA
DA:66,1,HmADa1g/W1C2Vo9Wm4sNNA
DA:67,1,VSkatK9OE3/PHeMXCUy15w
DA:71,1,sHSFtjY4xNffl+jRCyNI6g
DA:72,1,rTKBpN3KjgVvjYqOm8TVaA
DA:80,1,S6YLNLXpw8I11D1Vj2avwQ
DA:81,1,VSkatK9OE3/PHeMXCUy15w
DA:39,0,BK+foMhfUltpwhLaXPLX4g
DA:40,0,kfpELUG4/noaPLXw0bUvAg
DA:43,0,DdBIHKVdfPRmWDjRU1YI0A
DA:44,0,xzg3QZc2ogj+TJh1lSimcA
DA:45,0,GQi/nQUdwePt0/cnLguAAg
DA:46,0,Yf+2BadZ66OOi2QxHhGFrQ
DA:47,0,O9zVdyQuuxM/lWrRlOrk8Q
DA:52,0,z1Tz2vLjjNgNsnIDAHsSag
DA:56,0,v59QsdIVX77RoCzRipjl5Q
DA:57,0,nlNnMTT+FwGjFHKABmAyeg
DA:59,0,o1NkB0ibYx7DjXdQD/2SAQ
DA:60,0,+yTxQa9FSrWH+NNViCie0w
DA:64,0,CiVn00TpGlu5Uedhxb+ENg
DA:69,0,aCDEJswtUjs7fz5HeGmXgg
DA:73,0,jOHGZxSMRnq7QOJqSY4+HA
DA:74,0,cYg7xluZALTRr/eE5YEJzQ
DA:76,0,uU2IVeniRH+0jp7zI89RhQ
DA:78,0,IlpSeu8uDxxXZgmp88zmNA
DA:82,0,Gn/yM+FfIFqIbbh9IG4Nqw
LF:37
LH:18
end_of_record
TN:
SF:oqupy\bath.py
DA:14,1,1+9wdnNK6ERHmSA06tdyPQ
DA:17,1,PA4CBj35zMDi5cJoBocqLA
DA:18,1,LBs5phJdLesNax7pjHIYMQ
DA:20,1,IWWjrCeOtk8NNtrE95++2g
DA:21,1,Xgrr48hUFUVyCx/oYckUUg
DA:23,1,1ycEI10ey2G7rTeZX1NLMw
DA:24,1,81S/7SOVkmUfjN+o80v5Ug
DA:25,1,i7NNCxSypM9kjwz7v8x9jw
DA:28,1,OTNYm+YzABZ9Z2QH99B9hQ
DA:29,1,/ZvqiDY7XVzMiSFdpC6ZCg
DA:44,1,4LgMgWBGno1n5MNJ8WRFsQ
DA:90,1,tX6sgw+b/ewb7j6V5zqXzg
DA:97,1,HmADa1g/W1C2Vo9Wm4sNNA
DA:98,1,OffsDY5tuo3yGdp5WBlj9Q
DA:102,1,HmADa1g/W1C2Vo9Wm4sNNA
DA:103,1,6lp4yrI/xQXfM7JIdzKj3A
DA:107,1,HmADa1g/W1C2Vo9Wm4sNNA
DA:108,1,+Ik/RHDsd4s86XcY/Py4AQ
DA:112,1,HmADa1g/W1C2Vo9Wm4sNNA
DA:113,1,h9/nQb08RuSUqlI8IOq5Uw
DA:52,0,xjcDBnSwra0OiNOAYAwoHA
DA:53,0,fduwLvE5EExURjSx6jV0qQ
DA:54,0,RKKFDFb7evxekuEx4tsMyw
DA:55,0,cCzhnT+1tmGi11b28Pmfwg
DA:56,0,yXDWe/udlJ86nIKBLfUGSQ
DA:58,0,ev0e6wgKnWhemiPeg2zCDA
DA:60,0,yNxF0ad5tCBSHnLgy5Vckg
DA:63,0,MPfN3EVxHBp9XgzPZXH4Vg
DA:66,0,3z0lThBvJmGReCH9dAOhfA
DA:69,0,NAGJzVW/RistorH2dtkd5w
DA:71,0,rj0yJSaDPORaFJk3BhNdLQ
DA:72,0,D0Ttf8LpltIwEiuuYA+jMQ
DA:74,0,Pls2me6/LJMoc7PkLerIyQ
DA:75,0,k3GfC+mFJpqxvmT6P54xGQ
DA:76,0,XfrL+CqjTreVbUMateA3/A
DA:77,0,ZHXqMrvrEjBFn1M+diGF6A
DA:82,0,LZlm0N92Br+Qv4KkGPTgKA
DA:83,0,L2C8CY6SY3mcwUdXtT728w
DA:86,0,49edniGg+hkmq9lIe6+xzw
DA:88,0,kqgXRu2/3kLKGFtwCPD+RQ
DA:91,0,DdBIHKVdfPRmWDjRU1YI0A
DA:92,0,8Ukzkxb2y/o/k3uwaTSlhw
DA:93,0,j+cUq1xQZph5DyQtNTvNpQ
DA:94,0,KHMb3TgiJ6hzz6g3kFk0ug
DA:95,0,O9zVdyQuuxM/lWrRlOrk8Q
DA:100,0,P0vfOlA4t3DgpHIKrLpHyA
DA:105,0,XyW1d8Hq9C2zWBCJGtrJYA
DA:110,0,0Q5/gHAKqELqSE45SFDBiA
DA:115,0,BCIU6lnT6GTRCHDBVrJMdA
LF:48
LH:19
end_of_record
TN:
SF:oqupy\bath_dynamics.py
DA:14,1,1+9wdnNK6ERHmSA06tdyPQ
DA:23,1,HSrQKRtreCb3f+tzw6GX4A
DA:24,1,IWWjrCeOtk8NNtrE95++2g
DA:25,1,Xgrr48hUFUVyCx/oYckUUg
DA:27,1,i7NNCxSypM9kjwz7v8x9jw
DA:28,1,MRxZVzbD+xpECAIBHAn6Rw
DA:29,1,riPL9l7/859Mv5ZjPH6Skw
DA:30,1,JClYqNGdwfakwp2LSCyPHw
DA:31,1,1ycEI10ey2G7rTeZX1NLMw
DA:32,1,GglMAEZ5jOhwslw87uA6yg
DA:35,1,h/34bFQA7ELmRdF3tfFvEg
DA:36,1,/ZvqiDY7XVzMiSFdpC6ZCg
DA:58,1,4LgMgWBGno1n5MNJ8WRFsQ
DA:87,1,HmADa1g/W1C2Vo9Wm4sNNA
DA:88,1,/iKp4/1NbfUN/ef4WUAH7w
DA:92,1,HmADa1g/W1C2Vo9Wm4sNNA
DA:93,1,6E321KOtCUAo3ailavCojg
DA:97,1,HmADa1g/W1C2Vo9Wm4sNNA
DA:98,1,MUdv8QEjjtq3x/rik1SKoQ
DA:102,1,3GXiLssFftSFrTZ6XMp+QA
DA:149,1,LU2905zYr2CuGiL4AKineg
DA:206,1,2RY7IUnaY/O2Omgoj1nuTg
DA:299,1,TF1w5ETFntXKTxQQIbWM2Q
DA:68,0,K4pQ7ovXLWNwre9cv2VOig
DA:69,0,GI1msYt061VdkWGJGV/KMw
DA:71,0,F8PO3/ZQMRXfp3FvX+jywg
DA:72,0,d4oLJd8C0mLezZGkeOdSaQ
DA:76,0,Wn5tSVv9JFERXEBK+UAFpQ
DA:77,0,mTcrdIIk5P2SNzFpm0TBIQ
DA:79,0,j0zJrN/MBR1kTboJzObnaw
DA:80,0,u3Z4dZ2Eo755UB2H9baAGA
DA:82,0,YP1YFw76UhYGJ2ys4no5ng
DA:83,0,+cz2TVMdCIFii3xgksVgHA
DA:84,0,JrfLtwYtXYgpqG7RTc2AjA
DA:85,0,kqgXRu2/3kLKGFtwCPD+RQ
DA:90,0,9SG4C9vYo3PIEKloyUt9mA
DA:95,0,48wuKGAyYlBuRgWrRraIfA
DA:100,0,09FnT0mAJHHNn3PMdihNWA
DA:120,0,M7vOz6YgTVizC/fcoqH9gQ
DA:121,0,UuFbHozKjYqg6l2LLiabEA
DA:122,0,Rfugdmh0daAFAcBbplefDQ
DA:123,0,BEMZZQIqXMLCHO4835vDOA
DA:124,0,0gbLKlT+jthwbCZr6EUCPw
DA:125,0,pfLN+V7MCZO2NCcIeXhckg
DA:127,0,zkGrgAOhwfy3oVWdPatWfA
DA:128,0,gAVxGkviAkIyeG9NWEPtHA
DA:129,0,CxqjF4AG/yEXpW2gTeB+ew
DA:130,0,wIxBX7uH52iYrjOSXgjSew
DA:133,0,dcgve3b2mlkVyAJ5ckTMgA
DA:141,0,XMIZqE485lMWdwWgnw8SaQ
DA:145,0,QAGuK8qA/NFERDLHu+x7RQ
DA:181,0,GGYALGH2qNQisyBi3yp5/g
DA:182,0,M7vOz6YgTVizC/fcoqH9gQ
DA:183,0,yriTRHHOmCZzfvmxlUqZyw
DA:184,0,CWAIt93KvtO1IJNFVEuOhg
DA:185,0,lp7i3KRC/nWrbbvsC75STg
DA:186,0,QpkOSU8n+5RUlkKPgJ9wdg
DA:188,0,qtig9EtAAWzW4v0zVezB5g
DA:189,0,g82Fb+xQCH4DhDweYHi+sQ
DA:191,0,Al9utmEQcar5CR7tK5/UdA
DA:192,0,5Nz5pG+ZE40SK7gZ7uH4QQ
DA:193,0,oGOTPrpXC1kL1ckFdNSoFA
DA:195,0,uTsSaeYCZ+uTr56XsBOXiQ
DA:196,0,zNiuqioZNcIW0CgpBTkKWA
DA:200,0,FBfu9FnL3UFB6F5jFrpwUQ
DA:201,0,U42pTB9Y/SUZnYEXMTXokQ
DA:202,0,3rFJ69iWXR1zy96wZ9coEw
DA:204,0,ro1kUbStn2rAEjSqO6y+Jw
DA:269,0,M7vOz6YgTVizC/fcoqH9gQ
DA:270,0,lqCmB/Q/K9DCRL82dmCypg
DA:271,0,+rDji8EiEahjxaGPfe557g
DA:272,0,5tmQpd7g4W/ByEsniN1nEg
DA:273,0,gcRUSglOSYLuDv4c5ltpYA
DA:274,0,1dLZgqqCPovZGfysO+SFuA
DA:275,0,myPVoahRvX7NI+NcU+j10g
DA:276,0,g82Fb+xQCH4DhDweYHi+sQ
DA:278,0,Al9utmEQcar5CR7tK5/UdA
DA:279,0,BzA0iKWHDQ+3x1XCPswcEQ
DA:281,0,gDmrB1oROMDBN8Yx0lK0Dw
DA:282,0,VdLl2URA1c6Hnp6YdbUTEA
DA:283,0,kCuxpM78fegIOQwK7uaDhw
DA:286,0,YdSe1kCLQJ54wSUXlDSgnA
DA:288,0,8OmLYliu7ovKDnMAdent0A
DA:289,0,R6HI2AOYDXVJKABfVOdXmQ
DA:291,0,aW+xIHxcn0B60qA7Da2KvA
DA:292,0,3u+8lzeHOqJTuX2q1pNXbw
DA:294,0,f3e52hBa5V3nFFQu8WMI+A
DA:295,0,E1LXG9vGDgSvx+3aSduypQ
DA:297,0,y+X6Z76p+vbE8xl0ae1tVQ
DA:346,0,M7vOz6YgTVizC/fcoqH9gQ
DA:349,0,AfAf68c5P7Jt29fRVzFaLg
DA:350,0,YiXlnj43WlYYn41a0faVww
DA:351,0,o1RNH/QZGUzA2Ob7J38JmA
DA:352,0,7x3mgVms8l3X+UJ511xihA
DA:354,0,Lg5E/NL7DeBIZQtk0h+9Kg
DA:356,0,h+Xit57A3xedGUtAsElH8w
DA:357,0,Z5ZoRw9Dqq+L5d8tTMj7Ig
DA:358,0,stq28TcTeoIN1yFBWW3HRA
DA:360,0,feBRWCTguutID0IpnRtKhQ
DA:363,0,Yfb88k4inKuWOIJJOXI34A
DA:368,0,jUVW2rS0pHxaLRLKlAsbnA
DA:369,0,3CIYroFnJAbs5lEoiOqSew
DA:370,0,b5Qbr/OLnDQ6SaKUAMvfbA
DA:371,0,gKYDXYtsFzzpMjCFPAurdg
DA:372,0,7o9zkD7IeYVq+Os0gwksgg
DA:373,0,facm/MTLfxxxBaQUpsd0/A
DA:374,0,7QEbPbP6ZBun9aVnH8rQBw
DA:375,0,fUWvsOpO5i75UOZ5XoD8pA
DA:376,0,NmsudISNNwSzsHUi4WVR7Q
DA:377,0,KLGh8cKB8aNXnlBag9Kd5A
DA:378,0,lY/da7IC6nHyvZFLUcGjQA
DA:380,0,mC1UWw2GFqHuVCXNBhJYkA
DA:382,0,mC1UWw2GFqHuVCXNBhJYkA
DA:384,0,M+IgulV8h1Ii7l2gA2hYAA
DA:386,0,zvF9FbrYu6oCTBvAYwPXUQ
DA:387,0,BDqoBTYOOO/1vZj2DOf24A
DA:388,0,6tzfnHy1eWhcZUPRX+1zog
DA:389,0,U+1iOBwvxtN8Etzf0lEizg
DA:390,0,BYXJ4yNc0RnBw3UaA5m5vA
DA:392,0,LIeSYDnNWNp045VLx1tntQ
DA:393,0,YZM0yVUITak0MfLz9miYtQ
DA:395,0,VPB6bDaliatgtMDTYKJP6g
DA:396,0,7B6tniqiV/Eg+AZshRjPRQ
DA:397,0,FxSGFM9CUvniR4fkfkTCfA
DA:398,0,gg7eZYmWKnbNXbE21ZoqXw
DA:399,0,OcGxqMz/Jma0tEUhwdWoZw
DA:402,0,dBrjL6k1qSxATLmipgbWvA
DA:403,0,/95sOnzf5ElMz+yreag0bA
DA:405,0,NrQZm/np+r3hVrnRzPuT5w
DA:407,0,qh1YZ0TP/dhABaCSn5MarQ
DA:410,0,5xeQ4A005F6PPx+KAjdPMg
DA:412,0,+eNC6p8MXOMSD2w21lNX9w
DA:414,0,TDfdm9rHbyazv8PzcM4GBw
DA:415,0,/95sOnzf5ElMz+yreag0bA
DA:417,0,NrQZm/np+r3hVrnRzPuT5w
DA:419,0,qh1YZ0TP/dhABaCSn5MarQ
DA:422,0,5xeQ4A005F6PPx+KAjdPMg
DA:424,0,pMx4YB6aTrsxys4ee12JEw
DA:426,0,ybvf8LEtMnIK6SkfivOWIQ
DA:427,0,Qkz+i1l6wArrhUjOI4Y6xg
DA:429,0,bmr25hfA3mJI8UZpkkxxww
DA:431,0,VMZLA6V2jDnAQB5Hd5oriw
DA:434,0,5xeQ4A005F6PPx+KAjdPMg
DA:436,0,Gjnn+Z1646VWGrGIZY2tJA
DA:438,0,34OUSydTVy7rvVwM59rCkQ
DA:439,0,Qkz+i1l6wArrhUjOI4Y6xg
DA:441,0,bmr25hfA3mJI8UZpkkxxww
DA:443,0,HDFe4t0z/wq/mzcyF8Q99A
DA:446,0,9Xk8vvd8zIUPa2pCGdFH2A
DA:448,0,nV+R7qqwaFk2vXd2AYMJHw
DA:450,0,/oG95FUe1V+Z9AN0U1d3og
DA:451,0,949fYNli+5SdoePZmiF2Xw
DA:452,0,u0cPL8vaGE2gnNwHIT09Rg
LF:152
LH:22
end_of_record
TN:
SF:oqupy\config.py
DA:14,1,1+9wdnNK6ERHmSA06tdyPQ
DA:18,1,QXFa98/R5Lv2Mu3m99GN5w
DA:21,1,84saVgCjckkbyrxuPUvpVQ
DA:22,1,IcHvEL3vHmcxLydJM5Rs3Q
DA:25,1,SrnoisHT9DqFuqdHU+u1+g
DA:28,1,y67yngCvJtV2xoscnliWaQ
DA:31,1,wy29JW/0ZRS0jwayeyHYEw
DA:34,1,ZxrLnU1RXhE++3oj0BL7AA
DA:40,1,c0vKI2cpHXtW5pFpXy0ZHw
DA:43,1,PNRkgDNs7S83205TeQ1BrQ
DA:46,1,c8htSMCEc0dE1EjRhkpZ8Q
DA:52,1,aLX/qH7EhpOB04SNGEf61A
DA:55,1,4kB569eYZWpLKPHXvPaVvg
DA:58,1,F3Z9htJvO0NzJk6JDU9s+Q
DA:64,1,zEf8ZeejvLPBgg9hn+qbTw
DA:67,1,taJWgCDjMvw9ikrSXbCJFQ
DA:73,1,ObiMUnRUnkcwdx0dB1nDTA
LF:17
LH:17
end_of_record
TN:
SF:oqupy\contractions.py
DA:14,1,1+9wdnNK6ERHmSA06tdyPQ
DA:18,1,GNu1tRaIBTv8W2i+nMqwjw
DA:20,1,IWWjrCeOtk8NNtrE95++2g
DA:21,1,Xgrr48hUFUVyCx/oYckUUg
DA:22,1,6LUEtkRs0pqTABX8A6azZg
DA:23,1,h9pRLk9rDNJXqneV8TsW8Q
DA:25,1,p9sX4CEdggnFHPqCBao7Vw
DA:26,1,USFJtskJFi6NRBs9l5DtOA
DA:27,1,RuE7SuYAgNw82cjdD7kF3w
DA:28,1,MRxZVzbD+xpECAIBHAn6Rw
DA:29,1,Wkt5oJ5wWSp1c+9td/K+PA
DA:31,1,D/CmZHIkuN8fRZXPoRcT2Q
DA:32,1,sYm80S4qY5RWKCyWNgv+tw
DA:33,1,rqW7IQVi/6qZbR6TfAo23w
DA:34,1,LbPj3rVKaW0cSMWh6eJR3Q
DA:38,1,11fVTroI2xgDoSv8z9ZZsA
DA:43,1,rISLZNGV53j9LpggIvyEiA
DA:188,1,rFjwxbbkQdjWY4CrviZ9Qg
DA:461,1,TVuypx22nTi7W7C5XCYk9w
DA:752,1,rcIx5RRLrfpka0vX+E4FXA
DA:832,1,ULqY3k4w1GsqYo4cIzxMgw
DA:849,1,YPdn1XPFh9DY0+TGxNA5Xw
DA:857,1,7JfdnKBOvAov7pa5zQHLdA
DA:900,1,MxUt5uQQANCC4lgZBTrB9g
DA:912,1,JpPGf3qHRjwzu1KbAjBF3Q
DA:923,1,mO28XbZ3JSByX74s80wFmw
DA:976,1,oYz9hFg6ypaiO+C03h+SAA
DA:1063,1,0Vq1rcp5KWnQ/9rfoGZXNg
DA:1196,1,MEQeF3fLT+xHL/LHJrt0nw
DA:1238,1,8AAbmjp3xlqI0YUqpbEz8g
DA:1277,1,JPWMOj9khv/V76qtcJtQtA
DA:100,0,wpZpJgS61W5rAxQEQN9OnA
DA:103,0,0JA+S4CrT/qGl/bIrpDzWQ
DA:105,0,FTTT1tFG8Ax7Q+aUram3jA
DA:108,0,Eb9vOj1389a4lKC2CJjeuA
DA:111,0,fDcIOky2+yKFnzpDz056Zg
DA:112,0,v+Rrh2ecMWK56u0MHoANCQ
DA:122,0,KeTPDD7HmK0VqNCTE4wikA
DA:123,0,zEnrlxp4gfhqcI0qthX4Tg
DA:124,0,Z7eG9Ist5nCctbMgVL/Hhg
DA:125,0,Ql2/jfgPTBH1xVjSiry6uA
DA:127,0,nRWHp7rhp0MCYek94/aSuQ
DA:128,0,DiNlA9/LkbRDL4ZmtwAFsQ
DA:129,0,IwZJlcTKfTEobQdoaCOERw
DA:130,0,AIq/vc4hJ35Ic9MluFhd/g
DA:132,0,I6HZwXzYeHatYtPGbW5T8Q
DA:135,0,56DR3fEnGmNCF63Y3LTl8A
DA:137,0,hF4opCo0xLVPbJsgwxzuFg
DA:138,0,vnnt2Tf7HBDfK6HmGpgUFg
DA:141,0,umwdQ+mcgKMZQrtHl6llBg
DA:142,0,7a6iEiO6Zzu8yfez5LxOyQ
DA:145,0,pcDTl+G3Y89DyMgxpHl04Q
DA:146,0,o20LlLaHoDLibtxfobFiZA
DA:147,0,rPsHve5sAr41Zzvft2Fp6Q
DA:148,0,nyl0Mle6IUIpO8ywc8aQbQ
DA:149,0,IBmzUYswCkzQWp03Gfjd8A
DA:151,0,iR3E5qmmIeeF3E9NTXdxDA
DA:154,0,OCHUxl3Cm9wrg5u2jTnaXA
DA:155,0,vnnt2Tf7HBDfK6HmGpgUFg
DA:159,0,vk/LdhESN/rjlcL5/oUOqA
DA:161,0,n6wonuZTPcgU1zzm7nn5Fg
DA:163,0,O+67j3p2G9qP0nMkK8D4aQ
DA:165,0,qYcuqXWYo1uNMzxCkArEjA
DA:168,0,O+67j3p2G9qP0nMkK8D4aQ
DA:172,0,LXcd4rxbqHtwOiLA3C7w1A
DA:173,0,LPnkoGOGMCkli+6sF0WxRg
DA:174,0,cnBH+UcfBDyRIv0ROM/hKQ
DA:175,0,k6kX03Ilcl7Zude00linSw
DA:177,0,SLNkhDtEiCcbiRhErnHI2g
DA:178,0,JOZ5d9yohtiQc4gW11ZSRQ
DA:181,0,dOc1HdAEtvuYrId7IxU07w
DA:182,0,BsdbrUrHcN0gS3egpKXX3w
DA:184,0,dP1F5nw2ctWWFfOprkqNYQ
DA:186,0,x8TmET8yfRsPxWfoG+7qtg
DA:250,0,wpZpJgS61W5rAxQEQN9OnA
DA:253,0,0JA+S4CrT/qGl/bIrpDzWQ
DA:256,0,pHkAGFqPIysZ95ZpAnUKIg
DA:259,0,RetpyNa+4zCuE/FoOMhM+g
DA:262,0,oi8PK+kpKaZnLJJPy7zRHQ
DA:265,0,fDcIOky2+yKFnzpDz056Zg
DA:266,0,v+Rrh2ecMWK56u0MHoANCQ
DA:280,0,KeTPDD7HmK0VqNCTE4wikA
DA:281,0,zEnrlxp4gfhqcI0qthX4Tg
DA:282,0,Z7eG9Ist5nCctbMgVL/Hhg
DA:283,0,Ql2/jfgPTBH1xVjSiry6uA
DA:285,0,nRWHp7rhp0MCYek94/aSuQ
DA:286,0,DiNlA9/LkbRDL4ZmtwAFsQ
DA:287,0,IwZJlcTKfTEobQdoaCOERw
DA:288,0,AIq/vc4hJ35Ic9MluFhd/g
DA:290,0,Bqjwd8Ozwf7580/pUpdyXg
DA:291,0,42h5Mbkmwxb1P1V2NBu0zg
DA:293,0,vNJlzZg8wdamE2Z3D8dw0g
DA:296,0,56DR3fEnGmNCF63Y3LTl8A
DA:298,0,hF4opCo0xLVPbJsgwxzuFg
DA:299,0,vnnt2Tf7HBDfK6HmGpgUFg
DA:302,0,umwdQ+mcgKMZQrtHl6llBg
DA:303,0,7a6iEiO6Zzu8yfez5LxOyQ
DA:306,0,pcDTl+G3Y89DyMgxpHl04Q
DA:307,0,oDip0EsL8HVXObl6dgpmnA
DA:308,0,rPsHve5sAr41Zzvft2Fp6Q
DA:309,0,nyl0Mle6IUIpO8ywc8aQbQ
DA:310,0,IBmzUYswCkzQWp03Gfjd8A
DA:312,0,iR3E5qmmIeeF3E9NTXdxDA
DA:315,0,OCHUxl3Cm9wrg5u2jTnaXA
DA:316,0,vnnt2Tf7HBDfK6HmGpgUFg
DA:319,0,pRlNgnTCVokXnBvikt9s5A
DA:322,0,vk/LdhESN/rjlcL5/oUOqA
DA:324,0,DyMpYvNEiHLtfGMvcRvlCw
DA:325,0,Ir65F5LGKxuWpWb8IcnQnA
DA:327,0,O+67j3p2G9qP0nMkK8D4aQ
DA:329,0,qYcuqXWYo1uNMzxCkArEjA
DA:332,0,O+67j3p2G9qP0nMkK8D4aQ
DA:336,0,H/uPOpy5auB0+8qMZdeghQ
DA:337,0,LPnkoGOGMCkli+6sF0WxRg
DA:338,0,cnBH+UcfBDyRIv0ROM/hKQ
DA:339,0,k6kX03Ilcl7Zude00linSw
DA:341,0,SLNkhDtEiCcbiRhErnHI2g
DA:342,0,JOZ5d9yohtiQc4gW11ZSRQ
DA:345,0,dOc1HdAEtvuYrId7IxU07w
DA:346,0,BsdbrUrHcN0gS3egpKXX3w
DA:348,0,dP1F5nw2ctWWFfOprkqNYQ
DA:350,0,C1EXf4Fjj0yJevVR2gAQBA
DA:351,0,Sw8CObPlE3B0r+u2RldkMQ
DA:364,0,srMXTWazjcO8rGBGOTvsyA
DA:365,0,CnNiGmRjAEL4qQ7a//dvRg
DA:367,0,IjAvJYmnEjtE7HD7zsZJCw
DA:368,0,BFglK+G1pkZ4RJNNTRemtw
DA:369,0,vTrF0TCXDpAb5ZK5tFmCyA
DA:370,0,I12EEn0fiqtHvOsov4ofPQ
DA:371,0,Ql2/jfgPTBH1xVjSiry6uA
DA:373,0,Tlb6pIx9LI/G2EMwhJJtWQ
DA:375,0,Q6kC25bcbAt1YWQc1cNdqg
DA:377,0,iqMv8p18NmSRQuGM2CkoNw
DA:378,0,O+67j3p2G9qP0nMkK8D4aQ
DA:381,0,o5P2x3GIp6tHsvWtPDbVng
DA:383,0,ZC4xP8G0x6LFo3xtgRUJIw
DA:384,0,AcU1pggF3ACu8Gq4bRhO0A
DA:386,0,jPalQZArNesKMAsp8Arx8A
DA:387,0,mdTaTbEFORX3qbbWnZcUYw
DA:389,0,XsUGwv4Zxaqq6d1Sh1XPbA
DA:390,0,iTvxuWae5ipo4ByhtPxykw
DA:392,0,jT6H5I5s9F+HnW3Z6XhMkg
DA:393,0,49E0wnok4dyscfOWbV+jsw
DA:395,0,bnQRtCDqOP94KthuJbxkkw
DA:397,0,tYG5zAWyO5/lWMWHldHTow
DA:399,0,Mlek3wgqbOYXOb8zSFm8wA
DA:402,0,56DR3fEnGmNCF63Y3LTl8A
DA:403,0,vk/LdhESN/rjlcL5/oUOqA
DA:404,0,eixHex/l4lf6JX7H8JinMw
DA:406,0,O+67j3p2G9qP0nMkK8D4aQ
DA:409,0,qYcuqXWYo1uNMzxCkArEjA
DA:412,0,O+67j3p2G9qP0nMkK8D4aQ
DA:415,0,OCHUxl3Cm9wrg5u2jTnaXA
DA:416,0,vnnt2Tf7HBDfK6HmGpgUFg
DA:419,0,hF4opCo0xLVPbJsgwxzuFg
DA:420,0,vnnt2Tf7HBDfK6HmGpgUFg
DA:423,0,ZtrFDXOzLdkGzLqP8h+LOA
DA:425,0,GzZc6X7TgnPbYHcvVKuVTw
DA:426,0,cjhTPN7inDiHmZYOemWkIQ
DA:428,0,c4VgvXCUmfLIBDmzmm39Og
DA:430,0,AfR+0K4cjVOkfTtpwBAyCA
DA:432,0,O92OcpU8lp47dPcuu6YepQ
DA:433,0,0300S9+ab3qzjN30FiR2gw
DA:435,0,P35piDPsDjlN6XijvxwNcg
DA:436,0,AVSUnVeMqT6wis6FvGMXKw
DA:438,0,zK32MaHBW44jF/qT7UgDTA
DA:440,0,BggksrfOVkInC5/JCSQoHg
DA:445,0,a9VFcBwKNLh1gzNQVDyVCw
DA:448,0,dOc1HdAEtvuYrId7IxU07w
DA:449,0,BsdbrUrHcN0gS3egpKXX3w
DA:451,0,dP1F5nw2ctWWFfOprkqNYQ
DA:453,0,MYqldqm22G7VeO8+mi3iaA
DA:455,0,6Vi27FlAtdksZ3fPPdPYcg
DA:456,0,ZLiSEG3IY18l3Rsfpy24WA
DA:457,0,P5t7cbgQQrhyA7QE3DvTew
DA:459,0,3wnroU+YW4gQVEIfySu9Xw
DA:525,0,CqUnTaL4kO1zAjUnd8J8ag
DA:527,0,+TJAXoIXRGtXiSRLVQmQTA
DA:531,0,HTD+CZvnIJRZw3TLLChBYw
DA:532,0,xIGXV8q1Ra46OsrfPCoPSg
DA:533,0,NR0cC6pqk9wd1L4Fs2iwMQ
DA:535,0,MPORxy9G2TQo45gPM1GDCQ
DA:536,0,CxlbIEoY+9njB6IYpRu5qw
DA:538,0,+1BVju73Rg0RgeDX3Jh8/A
DA:539,0,Er1JVSyI+f0k3SB5IE5R4w
DA:544,0,Od0r9yH3iDGkD+Gwz5S4hQ
DA:552,0,UezB3RrAVCnOu6jtYYW7UA
DA:554,0,yrmQpQh0q0dek8N3MIP/cw
DA:561,0,KoH+ws63EDzeZQo2ZsW5NA
DA:569,0,JEQA025yBRlJypxz4nr5kQ
DA:575,0,YmkqItzSkLO5A04tKh/vig
DA:576,0,3VkL3dbsuNuYol/T12KdYA
DA:577,0,9Edrr6vk3ipxHZQS/HBlXA
DA:578,0,YjhNgvxcPQtwAs2Ew2UzKA
DA:579,0,7qjIt9cfUjs2jNSivhzQqw
DA:582,0,A+AVEMKk+zi65GsKPFx/VA
DA:583,0,BbdUY1zgya+ozz+pyyOoFg
DA:584,0,3ic1fDjFw+WRc2SveDxsJw
DA:585,0,M2Ux9Nl7JfC/KZfU+iLgxA
DA:588,0,/OjRWVzGZ1vKgWCMVl48wg
DA:593,0,FJJVt3uJE2RLwg3KE9m/ig
DA:596,0,wRmiAVhRo5fmZUjcj5bbnA
DA:597,0,VCtt+kis0i2FHVVoTIdoXQ
DA:599,0,snhs0QgZWutJDqDfxj4WcQ
DA:602,0,AN/bvOQh3TR2/y04Wb0WfA
DA:603,0,v+Rrh2ecMWK56u0MHoANCQ
DA:614,0,1j33JZ+GGgVV8/nF2nHUAg
DA:616,0,d+g5ePEZnacov+T2JMAuMA
DA:620,0,kD7Kp0HMUkySVnxaGEijkw
DA:621,0,KWDrT3ci/fSY7lJl+2OXQA
DA:622,0,DL1qdTjcMeoizKxwSTLTtQ
DA:623,0,N5BpSWLagWr4fecrnFomGQ
DA:625,0,QwXsaqaoGZqqVxASqZg3iA
DA:628,0,pTocTIxYejG0DGwhLpFmUQ
DA:629,0,zh1XHfwyXDbhkKIcSveTWQ
DA:630,0,gzfS8v3IkP0RJkhZyjEXHQ
DA:631,0,IwZJlcTKfTEobQdoaCOERw
DA:632,0,AIq/vc4hJ35Ic9MluFhd/g
DA:634,0,I6HZwXzYeHatYtPGbW5T8Q
DA:637,0,TegJjO1VxPYiOXA3piwVoA
DA:640,0,g7gt0JuJ8pntr98/K4Vinw
DA:644,0,dqPac3aggPVPpiP3KBnQaQ
DA:651,0,umwdQ+mcgKMZQrtHl6llBg
DA:652,0,7a6iEiO6Zzu8yfez5LxOyQ
DA:655,0,nAUaHBm/NmKmap7YSv7Kqw
DA:658,0,tqNUK5X48Kvg38UqApPKpw
DA:662,0,hGR9teYyxve6fiMrimUmKA
DA:667,0,098ieouSpWZCqvdoCcaLfw
DA:668,0,mPrL1DDUARieG677AIjRBQ
DA:670,0,7u64gnPNfOaOAI9YBFP80w
DA:671,0,K3ChkuAiraoJOJcKxXB0EQ
DA:672,0,pcDTl+G3Y89DyMgxpHl04Q
DA:673,0,27CsZwka9fHYoIaSbWwFfA
DA:674,0,CNtv4g0hMKAGDa5Rm1YoVw
DA:676,0,iR3E5qmmIeeF3E9NTXdxDA
DA:679,0,dqPac3aggPVPpiP3KBnQaQ
DA:687,0,AL+CDT8fQz7mrDHlUri8HQ
DA:692,0,buiy5uh1THhU0QZkZCapEg
DA:697,0,fnGp0qh1KOOuG//2TlAlJA
DA:706,0,iGEKkeb/F7SfB5oGcF2Ryg
DA:712,0,fnGp0qh1KOOuG//2TlAlJA
DA:721,0,1ORqNbOz2n2fdOrkRqS/gg
DA:724,0,mlmt6Sk5xlf8so0b8qh4FA
DA:728,0,8g4akDGWzLq3KEfNWupwIw
DA:733,0,32UzFlmX82ppy3E8UAgrKw
DA:735,0,1i1vkslZyBeXIgOIfseluA
DA:737,0,576N+DO1FGW+JTeWAYpFmw
DA:739,0,SLNkhDtEiCcbiRhErnHI2g
DA:740,0,JOZ5d9yohtiQc4gW11ZSRQ
DA:743,0,dOc1HdAEtvuYrId7IxU07w
DA:744,0,txuWvgqRwl5/YcrGBgGUhA
DA:746,0,cIWo9cJhD+BAtFpVXtRPHA
DA:748,0,xj0auCP6wHGSSfGkQ2wpdw
DA:756,0,7c54OU9nWqqIMc3VILuvCQ
DA:757,0,xjgJQDsE/0/VltcREmSnKQ
DA:759,0,japMBzPAOp17UOOtNw9tkA
DA:761,0,gvw5sEOdFJnuUz1KHP+rRg
DA:763,0,1OpUAta2Vg5lr1goI+vfpw
DA:764,0,ncgAZCnQ8aAwGLliMAgXbA
DA:765,0,nWcmeubQwf30znF1CLY+Qg
DA:768,0,khSqCg46/vRf6r77LI1bOw
DA:769,0,n1uljZEJvUxMFbodLf59xA
DA:770,0,B9l+n7GHUsIZq8Fy+7yxxQ
DA:771,0,4Kuq1FBTsg6QqlyXD/pJpg
DA:773,0,zZdOzTEWEiPCg7Vpmn9WGA
DA:774,0,zpW7GcYdJ5AWSsD+hUY9Ww
DA:775,0,EMD9ueML+yRVKDfzb6+Ohw
DA:777,0,VYzadNJ+C02sSH2yg6H51Q
DA:779,0,l8fp+jbLG1yKZXEaA+MCzw
DA:780,0,0KwxL00NzLE22d4X04shiw
DA:781,0,08PTH9TjfVad/OCWhp0aOA
DA:782,0,Pcw8GLCo+odUZLnrNHrsNA
DA:787,0,JmvFGUirSyJ0b8GtFIPbEw
DA:788,0,deTff1r6trvMyJXRc9U0GA
DA:789,0,NPAU1wq5uyCbsuVnslFjUA
DA:793,0,LAJKA0N7g8/zBqa4cW7WvA
DA:794,0,iHlE2P7ocfaD8iXxzlFjBA
DA:795,0,4dCKLDQG4l3uo89vq5CXDg
DA:799,0,CLdkxXhSo00wYmCJI85RrQ
DA:800,0,uKNtTKMkbCOc0lWRrBn4+g
DA:801,0,5Qyn3kEDXy/OFoIhmAEE0A
DA:803,0,IA5ocD8PpF1702iDh8uQjg
DA:807,0,m5fdD1JPGeYNjmpGOSUcEQ
DA:808,0,jJJ71f0pmnW7UBjXwNjOvg
DA:810,0,TZlbwnyMsi4mBbqKj102HQ
DA:811,0,4MRsc3BuL7//R2uo6iAiAQ
DA:814,0,3K5unHcI/WpySgwd0QSzUg
DA:815,0,auikTQd6ESI0+bCtiHP0qw
DA:816,0,4dCKLDQG4l3uo89vq5CXDg
DA:821,0,4dCKLDQG4l3uo89vq5CXDg
DA:825,0,J+so9X5dqZIJHbk6UkMGxA
DA:827,0,KU7sNMTRDM1uPT0PZmdZ7Q
DA:829,0,B6rgpuS8zSa12fyGQR6fNQ
DA:834,0,tm1O9KXWrGWqTCa3Xq8drA
DA:835,0,6DQTWwxXwKR0FlVqVeSOCw
DA:836,0,xjcDBnSwra0OiNOAYAwoHA
DA:837,0,wiL3YR3MQQDjxIauZa+RVQ
DA:838,0,GQk7lcc7n62rK8Ltc/dY3A
DA:839,0,cCzhnT+1tmGi11b28Pmfwg
DA:840,0,RseW2x2MeH9a34/5mSg8cA
DA:843,0,vtvSbTQsFAxmETY/nXXL9A
DA:844,0,6pPCfMQYp9LnkOdHUwEc1Q
DA:846,0,RxzWNFiBZ6IwOlHfJ36vXg
DA:851,0,Zse/WpzgI2p/ZPxDFb/Rhw
DA:852,0,6DQTWwxXwKR0FlVqVeSOCw
DA:853,0,A4jv+awqquNrN34GJ34xtQ
DA:854,0,hBD34yTMjJNpkTWoUJBG7g
DA:855,0,MAipvV8n4mgXCpB/HyDNLg
DA:889,0,/caEM/gW7uDyLhMj6TsuKg
DA:890,0,KAfEJEu6AZ4vIwcD/9W3hw
DA:891,0,a5sII8Az/m/sBfiyl3O4hw
DA:894,0,y53Dimo+UzQaBRX5PQqENQ
DA:895,0,N7CPGCZIBp+COICK0upJsQ
DA:896,0,bpkOqvFza5cMtCWCKfiaSw
DA:897,0,OZGPPmPMOSFLTdvdG/Y2Cg
DA:902,0,2H2kX5PkjYW1sw+3niWaBw
DA:903,0,zm8Yd0yTkZDU4Lcqse8Lyg
DA:904,0,AQGRLOWrTWZdWTY6OeM4yg
DA:905,0,UF/V2MEzAkIqkZ81qMTH3A
DA:906,0,zYxGEAy82DwdovCWfr8nOA
DA:907,0,qDYB4UKJkrjaCaMr0lXI7g
DA:908,0,IDbSJZFfLA0bOB8lroLM/A
DA:909,0,+z/YCPWE8Lc/kslP5of1TQ
DA:914,0,579kAuVcV77slU1SwxJqXQ
DA:915,0,OhNg6Fum9Q9NEnH/8H4blQ
DA:916,0,bb/IEQeBCOXot+zKPpDwuw
DA:917,0,1TodYZ3y8M1nh5OVp7aylQ
DA:918,0,/bVOS7a7LGD4dae2Lss2pQ
DA:919,0,D6ag26ZDRjXothoxpybmrA
DA:920,0,eZmsJPoJ9yGAGBq40o8C5g
DA:958,0,i5lU+3TPcNgWh0usJore7g
DA:959,0,Veus4wmzHPQg58yhOipjzA
DA:960,0,sOvtOfk75TbAtTgkgicGHg
DA:961,0,OSh21fnygMC1+NHMWn43mA
DA:962,0,VuoEBNQ1rPLPYPIoJJ9b5A
DA:963,0,EQRnOPmE2z8fijw4HW0HbA
DA:964,0,WsP7b4ajGDtXukaPcI1fGw
DA:965,0,MeiZjApP1S9wPQmZ3keyXQ
DA:967,0,+ZXfsCKPh6abAN4h48WNmw
DA:968,0,Io+x5ZD/anqAt5ub+j5Feg
DA:969,0,aWDNWUrq8Sc+dP+amToKBg
DA:970,0,c4Q8iJ5u2UWgLoQj0MCJ6w
DA:971,0,EQt6sku/gqKxDucEWWIlAw
DA:973,0,+z/YCPWE8Lc/kslP5of1TQ
DA:1015,0,L1c6L2DcyUfr3BLD8/TSmw
DA:1016,0,erCDffaC6uqtk/UcVmRQZw
DA:1017,0,yvqfkO+9OV9KF15D0/+kwA
DA:1018,0,ZaDQXx5HdsHSMLLbiiHlwg
DA:1019,0,cwlDnNffa2yhC7ZQHH8PRg
DA:1021,0,HNNTTiuhCQW6CKht7uOgsg
DA:1022,0,Fi/Hr+J05X+/rM4AqFiASw
DA:1023,0,LqCPAGUuSDasIlSfuYoduA
DA:1024,0,/7OkNbe4ZqRuTl9xef0adw
DA:1026,0,wOuFYvWqrMrrBxQNH1Idog
DA:1027,0,+gGkDPtKFArIfp8+Y7130A
DA:1028,0,Ql2/jfgPTBH1xVjSiry6uA
DA:1030,0,Q4K87BUE7xHsU/PlsUUAvg
DA:1032,0,TZAkvKzEcZVVMzNmY9vLIA
DA:1033,0,Veus4wmzHPQg58yhOipjzA
DA:1034,0,sOvtOfk75TbAtTgkgicGHg
DA:1036,0,0P/wpjWANM6cgtdrsbwCTw
DA:1038,0,VuoEBNQ1rPLPYPIoJJ9b5A
DA:1039,0,URN66ZNxl515xIsL5U5N9Q
DA:1040,0,GWoRovFyZUgEac5QwJhaLA
DA:1042,0,20/nXAO+mJUVgW4V4trb3g
DA:1043,0,EdMbr3gtW+6ZL9orqN3xRQ
DA:1045,0,WwdXuPLw/4kzh/vt5YwtwQ
DA:1047,0,E2twxoLaQ+eF2o481jeK0g
DA:1049,0,aWDNWUrq8Sc+dP+amToKBg
DA:1050,0,N5BpSWLagWr4fecrnFomGQ
DA:1052,0,Ldb8M50DWv5yWBbbz+fzwA
DA:1053,0,tbg4w2+ce9gfcYsTh0zBrA
DA:1054,0,tqiN2LI/49Hr/a6LL6RQVA
DA:1056,0,ORzNKVUGwv5ATiE0v4AwmQ
DA:1057,0,X9qUl3hQ4m7AlXG4dB+p7A
DA:1059,0,Dv5sE6+mFbDweilxGjmx4g
DA:1124,0,22k5RWK2kpkFbH1bhUHXaQ
DA:1125,0,ZX1T0RZavSmStxGJb8s4gg
DA:1126,0,YiEuaZT/P9wr/OqTCRJiUg
DA:1127,0,DkP+42iY5TM/T47wqVh0Yw
DA:1128,0,zUgTcZmD1zMCzqZelEZEng
DA:1129,0,bIZGlGaBlVI6cIGs8Q5SuA
DA:1130,0,Vid8RQC+Ax8wbrQzPrzaeA
DA:1132,0,TZlbwnyMsi4mBbqKj102HQ
DA:1133,0,glQutYlxYz4PfoEHwW5aUg
DA:1136,0,Niuk25KSOkt+pvjXvMTBDQ
DA:1138,0,MLbPpmrMz3a+mGMXgVYakA
DA:1139,0,CsQpCnIfTwaNsFeTRJWgOQ
DA:1145,0,dmdlohUJcAm886MeokyILg
DA:1147,0,EuJh3CbEfPghtwd3GSUzVA
DA:1148,0,WTp/7NLr7dbWCOz0Px5vdA
DA:1149,0,Z5SQVYaWrqRLdL051lriwQ
DA:1151,0,Qjp6SvcP9rPx12EyJUTikQ
DA:1152,0,RgvGFNea3vebVmBMoy3IJg
DA:1153,0,RlQSYWD4xpVh/yiWMcf0SQ
DA:1154,0,vMEaQeIG8lFQAuA8TWkahg
DA:1156,0,osPIv5t3b8Md1WeTnbjlWg
DA:1163,0,Qtnd1zAKLpSu230bh2eOTA
DA:1168,0,3GD6dmn58jweNUN3Y77ZlA
DA:1169,0,3kJVbm18b0ppVpcmhTSF2g
DA:1170,0,iA5antFCu6IGDtbUHdxICQ
DA:1171,0,Fm9l5JCojLCvS9nUkD2t/Q
DA:1172,0,rScarRdryzA4IwCQt2xbIQ
DA:1173,0,b8bBNh/cBF4q4PzzNoCktg
DA:1174,0,tM1Zofa0hQYoVGLuuNZXSg
DA:1175,0,9RufO1YDQQSGlYS4aDgDuw
DA:1176,0,n34+9z4LvBT58R7fh05lFA
DA:1177,0,nME2sdbu0B9uaHRFc4ONsw
DA:1178,0,b32tvAV7C2bi6t4G9MOuGw
DA:1180,0,OgbTyQ9ZfQwXeaQQa7gxrg
DA:1181,0,t9jyle7LRXFURW7vtNxwjg
DA:1182,0,gn/3sJtNMCozVZhqzcBlTg
DA:1183,0,XpLHg0XoKUTFT4+oe/tXpA
DA:1185,0,hQEPrmygDybg+XhIcmgVAA
DA:1192,0,n7stMEbzBuNl/MoHTH8+Iw
DA:1193,0,JQA57+C9vrFJW3dIahQI+g
DA:1194,0,wASas7iHr6zaXJAb7NCF8Q
DA:1212,0,/GjzEeXkirmfa5QM1e185Q
DA:1213,0,oRW1nZTN0NeMaHL8eZ51Cw
DA:1215,0,g08C0Xw2hSCLrGgiixdRGg
DA:1216,0,FI2tjSBNKFSWyz49arGX4Q
DA:1218,0,1mb/llr4snhAe+FlLTPgeg
DA:1220,0,l8fzxG6tdcbmROcrr9Kdhw
DA:1221,0,YiEuaZT/P9wr/OqTCRJiUg
DA:1222,0,UH8jtQ9gX4AUB7xBkPJY7Q
DA:1223,0,oif6oflBwvo/x4JcJeeOOw
DA:1225,0,reiYE4Qr2EZHcHvU8Kjg2g
DA:1234,0,J2fPRsiyl8RuxYMI1CXZZQ
DA:1235,0,mu/ZenOZVlVnMzM/z5WcjA
DA:1236,0,5T9rJ6TKaC15FIOV+WnGSw
DA:1244,0,iqTDhc2541+a/7/VGb9hhA
DA:1245,0,G9yeYwjrj917J0Hx8zNgkg
DA:1246,0,G6J03eOSpRNlBTYCSyY4vw
DA:1247,0,nHbb4/GuShG0E+G203dKjg
DA:1248,0,Sr9qFEt07Vy8Tta3f8SYuw
DA:1249,0,4rjGZHCY09YPyq14zwvChg
DA:1250,0,GU/Vql6xhxmOf6MkVoK5Mg
DA:1251,0,G9yeYwjrj917J0Hx8zNgkg
DA:1252,0,4rjGZHCY09YPyq14zwvChg
DA:1254,0,R86SH78NILh9r3aZsfGnaA
DA:1257,0,OET7WMiLADF13xVvjfN6WA
DA:1258,0,yP87oh0hJZ5gFjdOA35qtg
DA:1259,0,ro6vGtbgA3mA++4yh5PhsA
DA:1260,0,h3vvAhYVnr+ADO6zA/n/pQ
DA:1261,0,0eNccFjzZCCkovypOWelSw
DA:1262,0,yOILkaqS6WAmAQgpRtJvcg
DA:1263,0,OA/DhE6dUCEqKAT294vIyA
DA:1264,0,q0LO2Gbzs3favaClV5+/2Q
DA:1265,0,emDSLoIdQYY7Yd6qE1ivkw
DA:1266,0,ijj8/dg/cZ77Y8QGSM9S+g
DA:1267,0,U9huq6DW4nYuHjrU04GDWQ
DA:1268,0,CH85xARwskylladPGaHr1w
DA:1269,0,2xeVBrQMmRRsy/yrUEsoEQ
DA:1270,0,2VVuSeMkAB8vVGTA3t9ddg
DA:1271,0,Bb9iuE5EU9yBwFmla4qy5g
DA:1272,0,EltL+1KxEGee4ZOqxBSJcw
DA:1273,0,Mev0D1jchn62fV0stHHoCg
DA:1275,0,WDs2JrSv7CjkKrI/aABWMw
DA:1279,0,IOOpx9JesRj82nIaRCSOyA
DA:1280,0,FtrBzA3VX1VKvUjlKtj4NA
DA:1281,0,l1KK+covkVb5NafhW9/Iyg
DA:1282,0,YLD5r0X8sb9O6CS+p9KxLA
DA:1283,0,0ajEOyCbIv6AHCsGM+5l5Q
DA:1284,0,xjcDBnSwra0OiNOAYAwoHA
DA:1285,0,h91GajneI/LFlUeSuGAbOg
DA:1286,0,cCzhnT+1tmGi11b28Pmfwg
DA:1287,0,dcUKoFdeZJuKzfgpb5+o1Q
DA:1289,0,dPtU7WgFAhN93OH4Bx9BuQ
DA:1290,0,XqFddI5ddi22Vwf6J/gCvw
DA:1291,0,Vg7vat0AYwfmm8yrZPt9Pw
DA:1292,0,l1KK+covkVb5NafhW9/Iyg
DA:1293,0,ykd3i1xkyASG0wzM/gx7/Q
DA:1294,0,hMe3Z5cq9ytbpvophiEAgw
DA:1295,0,kRP3I+K1pdDvtxBZDVtV6A
DA:1298,0,MioT6LaRtZBMDyjuyU54qw
DA:1299,0,uma3aIjDw2OdAaQRdwzZrw
DA:1300,0,3ieP7aIBT8wT3L+vJ0nj/Q
DA:1301,0,w8obEmASUpVhuoOp9pZSrg
DA:1302,0,HYhf/ECfBE5EO4DRHG8Iqw
DA:1303,0,4YVky33JEKUdZ6C648d/CA
DA:1304,0,17/jkW9/JK3hcAY5334IjQ
DA:1305,0,ze7t7X9guVps8gQlacylKQ
DA:1307,0,aZV259n9CMI5j1qRD1Zq4Q
DA:1309,0,/55HxYLHx7sJVMBC9ltacg
LF:484
LH:31
end_of_record
TN:
SF:oqupy\control.py
DA:14,1,1+9wdnNK6ERHmSA06tdyPQ
DA:23,1,8HtKqFbgUaEgD0EiO2g0Gg
DA:24,1,50k0FpQFtVUqNFoMXZz8cA
DA:26,1,IWWjrCeOtk8NNtrE95++2g
DA:27,1,Xgrr48hUFUVyCx/oYckUUg
DA:29,1,i7NNCxSypM9kjwz7v8x9jw
DA:30,1,1ycEI10ey2G7rTeZX1NLMw
DA:32,1,xxv0TT+OnMxNYGQwi2grAw
DA:33,1,/ZvqiDY7XVzMiSFdpC6ZCg
DA:48,1,4LgMgWBGno1n5MNJ8WRFsQ
DA:60,1,HmADa1g/W1C2Vo9Wm4sNNA
DA:61,1,iP3Rsl0DHew9gc0X+5teqg
DA:65,1,3gD0I4TCoPvdzsdj5VEunQ
DA:112,1,wFqjECiQr97HsvQ5X6j3cA
DA:121,1,xmaix9D2padW6uhGk+dkWQ
DA:191,1,J2HynS5KOX2FjsMHCC4vOw
DA:192,1,/ZvqiDY7XVzMiSFdpC6ZCg
DA:204,1,4LgMgWBGno1n5MNJ8WRFsQ
DA:221,1,NhwiEFYxgSItKkKpG1x/GA
DA:225,1,HmADa1g/W1C2Vo9Wm4sNNA
DA:226,1,xJEYrnDkweXRadJpjXNT5Q
DA:230,1,E2Kn57V9Ggwz4O6Zec9ZgQ
DA:272,1,W/q3Snm5HR5kQ8FoaZZZ0A
DA:54,0,LMu6jVScHCWyu3B0Spk6gA
DA:55,0,fTHnlIBSSBTscPB7tvSQig
DA:56,0,3Xh/UoWqwixednrJNWQlXA
DA:57,0,bofdz1zoE7VSZkgpN6RMYg
DA:58,0,kqgXRu2/3kLKGFtwCPD+RQ
DA:63,0,+Etkoo/gGE/hUvZV+t+iLA
DA:87,0,DnH1vGWdNHRPijKP6NY/vw
DA:88,0,Af6PTEwaUV2XIFdJS6auZQ
DA:90,0,FVReF9+U4BddZ3e7alif1g
DA:92,0,PDV3n65Y/Vmunx8UuiQPuw
DA:93,0,gR0TIBYBQwstVBLpPyLQyw
DA:94,0,5IeQ/gh2AeCZdYUg96cyEg
DA:95,0,VDOkE74ZHdEQOU/Y+ePGrw
DA:98,0,HUQLFSsqoYrsZUlIknIKQw
DA:99,0,v8xIyNEPsTbhcdzh50eerw
DA:100,0,cclLlWxJq/UBqfLkJyxv7w
DA:101,0,JMyGT4cG8KL0bjiHqmICQw
DA:104,0,HfPpbiN6Ekve9+nPHOk5vQ
DA:105,0,SL17S5L3Gnj65hmeoUf2GQ
DA:106,0,YENAnUkGzHZop/kfJUkgGg
DA:107,0,cnhhjVhdzqU7nUFJvzMCFg
DA:109,0,pey0/YAbbaxMEKHhb41lCQ
DA:119,0,C2u0psue1q2uoOOWEQilDA
DA:149,0,i0a74d2vRqHh2jtejyf9QQ
DA:150,0,4oLT7AderCu6MXR8aERLWA
DA:151,0,LKxcsMTZRndtiC74F5SlGg
DA:152,0,K6f68ZyinRLacf0pzTeg8A
DA:155,0,iOg5rbuXSmL/63+pGCBGNQ
DA:156,0,toRdgwsmKYqo6bIevtFxtA
DA:157,0,XDfbp+ecInY9nNQCpgD1Dg
DA:158,0,E176J3dhwuIXhKbvL51hjg
DA:159,0,BN1JzQY7cz5v/Do5OTgCcA
DA:160,0,bQv7IeTr4io/tupI7e2Xig
DA:161,0,jjYuYxaESwKAe6Y8ecNimA
DA:162,0,6E9WiDotTXI39XL4IIc6lA
DA:165,0,9BfW/Yz6LjHtnBrjcyqajw
DA:166,0,FjE/5puxp+z0pry+0FcO5A
DA:167,0,BN1JzQY7cz5v/Do5OTgCcA
DA:168,0,4N4IicFvSw69/HaY99tQcA
DA:171,0,5NsCBOPFLNhqofetI2vQog
DA:172,0,FjE/5puxp+z0pry+0FcO5A
DA:173,0,ROI/W+OAqz4d08xkri34xA
DA:174,0,BjGthCYSeZJA6mVQ0RhCOg
DA:177,0,IeRNq0tHAVGli2P1qQ6+RA
DA:178,0,RvByel6TCqzTk2rpevuRzw
DA:179,0,XDfbp+ecInY9nNQCpgD1Dg
DA:180,0,ROI/W+OAqz4d08xkri34xA
DA:181,0,LUUtTJmq6ovTRt9e70dA6w
DA:182,0,jjYuYxaESwKAe6Y8ecNimA
DA:183,0,yeKmWhsvJA7m7xjD9ut7XA
DA:185,0,qpZQiUuR41LmbwEC9NCYIA
DA:186,0,g6M+iDUPLWAU2M74UJBKpA
DA:187,0,tHe+VwnT2KjgoRm2UQtQdg
DA:188,0,9gB9Ft7TGZWxifx9j54kQw
DA:189,0,Slbeu88bMl2hLaDZKx3ycg
DA:210,0,mj7tsDzdnDv1DWNo8m+9sg
DA:211,0,YXJv+OQv+Z4J5Y9zICVRrA
DA:212,0,AmGNjQdOq08rdMYaYLQ7+Q
DA:213,0,tMFvIx158BAsmhRsgkodQw
DA:214,0,8UEFpHKgXbjsnQu4X0IU9A
DA:216,0,6yhlxNS0olWNC/DbLvwrng
DA:217,0,A8xrsZFjLnhsaFezQTooTw
DA:219,0,kqgXRu2/3kLKGFtwCPD+RQ
DA:223,0,yV8on3cZCdmWylK3LuHChA
DA:228,0,E5kUHn9mMgOYmAsO0JENmA
DA:254,0,6kCeWfWEPdgm6h95WMu6LA
DA:255,0,f/OpB1drrXmhwqgKpG0+QQ
DA:256,0,xPjvT/HVqBMlbjDcYR2dmg
DA:257,0,9ay5xnYBlKvb72CrpbjPag
DA:258,0,kTo5XNU1gnrcTWHAiOxRzw
DA:259,0,3rnPHYdwW11koAq7fkG/GQ
DA:260,0,orMdnXASE9zRZrFLVzTIpQ
DA:266,0,mmpjsMYm5thCia0Ib6IcQQ
DA:292,0,BW/W6JI2HijM/Lb/MLKkLQ
DA:293,0,n4qY5gPBHsfi5Ve/pEBlaQ
DA:295,0,3rnPHYdwW11koAq7fkG/GQ
DA:296,0,iZz2b0OZ6q+GGRCBs0+eaw
DA:298,0,qfGZSYp/hkrbN7ni1MheSQ
DA:300,0,S6u46r8N2AOx0MqwoEY7ag
DA:301,0,lgI73t++sLXvu9zomsVmJg
DA:302,0,hD/RPC+axnGk+HOxR9fBLw
DA:303,0,fDyEL2sv2MW77AoBMWwMiQ
DA:304,0,Vvny1qEGCPH/EZ8wzU/ykQ
DA:306,0,YsfpFxp/F0niqpCYRPbWiQ
DA:309,0,qINVv6HnAW8y3LzoIpxAqw
DA:310,0,Dwjd91USmMoWKfkSCVg/jg
DA:311,0,Jcxwmcz8EIRO3ipV/pGIjQ
LF:108
LH:21
end_of_record
TN:
SF:oqupy\correlations.py
DA:14,1,1+9wdnNK6ERHmSA06tdyPQ
DA:18,1,vsFNS29iFAPDdSreEj1rYA
DA:19,1,q7wDhx/NEeZYWDnUYO4KJw
DA:20,1,rP4JHqAK36dzp9gm59AGTw
DA:22,1,IWWjrCeOtk8NNtrE95++2g
DA:23,1,SER8cXYfWznL5EYkh0dyNA
DA:25,1,i7NNCxSypM9kjwz7v8x9jw
DA:26,1,JLpoFH7K4toWkiEt4YXHwg
DA:31,1,CvFjLRpQK1ckr0sjdBQa4A
DA:32,1,k/IJHQzEY4V8XYRcItE6mA
DA:34,1,2RY7IUnaY/O2Omgoj1nuTg
DA:68,1,JKJww1R8z6VnhQKf7pNwWA
DA:124,1,9b5/005cUhpf1opIVdAQ6A
DA:125,1,hSDyplXlawuA8lBIzp3/ng
DA:147,1,4LgMgWBGno1n5MNJ8WRFsQ
DA:165,1,tX6sgw+b/ewb7j6V5zqXzg
DA:170,1,2RY7IUnaY/O2Omgoj1nuTg
DA:204,1,+brXN4F/X7u6prufrWcVFg
DA:205,1,JKJww1R8z6VnhQKf7pNwWA
DA:295,1,qmNI0NJEB/UvG148v7qPvw
DA:299,1,u6mBE/Gv2tnrrodUNrHJWQ
DA:303,1,fc8SAnm0yL0M8cLHfxPKJw
DA:309,1,P8PtSH7+yV53dENyL7WlCA
DA:317,1,9tJlo7v0SMYfhGffMt+hWQ
DA:327,1,KR+GnrGOggQ/b9UsZ/E34A
DA:339,1,Jbcf2CrvkZR9/8sepf3B/A
DA:349,1,bCFXFLaWqyZMRkeyXPQ/YQ
DA:361,1,yYAEVvhbHlohtZbw3rLmtg
DA:374,1,O5fIG79B/wN5HW1cjtbuLQ
DA:386,1,1TVFRFgL3HEQDtZbl4ySeQ
DA:398,1,Pgm3OQ6UyFpvwnBPXb28CA
DA:411,1,lnL+813ufQLWvlY79fnQrg
DA:423,1,nsJ4JiWonV1MhlkASogF2g
DA:436,1,DgdRGj5JxRpxQSdBSHVnEg
DA:450,1,aovCI4Y8gO/0WxTMy9X9sw
DA:464,1,dK3ZyCifHWe/FT8i81dasA
DA:482,1,cd5lN9/RSDmXVt1qGTo2zQ
DA:483,1,hSDyplXlawuA8lBIzp3/ng
DA:522,1,4LgMgWBGno1n5MNJ8WRFsQ
DA:570,1,tX6sgw+b/ewb7j6V5zqXzg
DA:579,1,W+gKBPAPNafiI3czpfk34g
DA:597,1,2RY7IUnaY/O2Omgoj1nuTg
DA:661,1,+brXN4F/X7u6prufrWcVFg
DA:662,1,JKJww1R8z6VnhQKf7pNwWA
DA:763,1,bqdeCaFcaL6kXvy9ljuGJg
DA:764,1,hSDyplXlawuA8lBIzp3/ng
DA:806,1,4LgMgWBGno1n5MNJ8WRFsQ
DA:849,1,tX6sgw+b/ewb7j6V5zqXzg
DA:65,0,mLsBiGsIpJQq+N0CMLp3cA
DA:119,0,mLsBiGsIpJQq+N0CMLp3cA
DA:155,0,xjcDBnSwra0OiNOAYAwoHA
DA:156,0,8ckKq3RzakkhOCgfvUnHIA
DA:157,0,kVfopkCy8BhdBNg1RjDHvg
DA:158,0,cCzhnT+1tmGi11b28Pmfwg
DA:159,0,zuwvN2Rbikh1LlUKnK2xFw
DA:161,0,0UXjkIaI2iMVWxg9jmKn+Q
DA:163,0,kqgXRu2/3kLKGFtwCPD+RQ
DA:166,0,DdBIHKVdfPRmWDjRU1YI0A
DA:167,0,8Ukzkxb2y/o/k3uwaTSlhw
DA:168,0,O9zVdyQuuxM/lWrRlOrk8Q
DA:202,0,qz2JgInTtLuwJnVyysN4fQ
DA:256,0,uF8H9f8RlX+ZKRz2W5l75A
DA:257,0,WW7g84jM5g4Ry5THk8eSew
DA:259,0,lqCmB/Q/K9DCRL82dmCypg
DA:260,0,cwwaXZzKc+Nsy1sgwhtuKg
DA:262,0,ElgzHi0quO0TVn7rP3Tb3g
DA:266,0,XdT1BoxXWmg1RFNHEdF4Cg
DA:270,0,jZN5naX3NPGZccbAvbvJcA
DA:275,0,dtvIWFDb9h/E+DBiagKiJw
DA:281,0,rJj0ERafgdgDmteCFlbUaA
DA:287,0,qS/0oMgMYew8/EiseWxajA
DA:297,0,jTZWxyPdb/Z1Gej79o7cxw
DA:301,0,yHlBiK6FJ2MzWCDox2PSPg
DA:305,0,4XylUO/CwiAA2RhfCuV+2Q
DA:325,0,gZdSzQiZ/vjAz+bk5wfpTQ
DA:335,0,e66YVZ+9nck3vVcEZGyNzw
DA:337,0,g/3RmZlEj3sQdk124ULgvA
DA:347,0,8Fhzd6D71z9ep9X5302Knw
DA:357,0,wWnr5rGhCinYxK4pr5/5fw
DA:369,0,wWnr5rGhCinYxK4pr5/5fw
DA:382,0,OWvfcNLAqrUtV1A5q0jVCw
DA:394,0,wWnr5rGhCinYxK4pr5/5fw
DA:406,0,wWnr5rGhCinYxK4pr5/5fw
DA:419,0,8FSvk7cJcbVdgP5dKKsAmQ
DA:431,0,uRZeZbuibNpI51BcuWlyKg
DA:444,0,sqalCFC8bVbqF0Q+Dtxt1w
DA:448,0,g/3RmZlEj3sQdk124ULgvA
DA:458,0,ebBBjh5N3k2C+hAgf8XLzQ
DA:533,0,xjcDBnSwra0OiNOAYAwoHA
DA:534,0,7l2We/4/TjMO/nNsl+Aa6Q
DA:535,0,FM+/AgblyLShfBkJ+1d2ag
DA:536,0,cCzhnT+1tmGi11b28Pmfwg
DA:537,0,lupqVyf13eaCURoG3K/V1g
DA:539,0,+1vaSXJrBK2V2DiFvqY58g
DA:542,0,xjcDBnSwra0OiNOAYAwoHA
DA:543,0,J+olmZElZBWdyJKsQItqTA
DA:544,0,cCzhnT+1tmGi11b28Pmfwg
DA:545,0,Shl76Iz8pwZ8+0dMFy0e+w
DA:546,0,RZwg0uUKPKRrhPs7K6GG+A
DA:549,0,ryggid3nqP+J/ErGo01Gww
DA:551,0,DLLg3wA7Ue9/wYWq80vekg
DA:554,0,xjcDBnSwra0OiNOAYAwoHA
DA:555,0,EhEoE0s5nBlgiCfiYWIfPw
DA:556,0,cCzhnT+1tmGi11b28Pmfwg
DA:557,0,RYW4Bxe9cJQiSiIncuqNqQ
DA:558,0,CfKnxdmbRM5HydOpsq6nNA
DA:559,0,cKSayYSvvvd5hxWlRb9pXg
DA:561,0,+3Pre/5Nss/Jexu2mr+S7A
DA:563,0,rlfyxy4mlctWacIR6V8bhQ
DA:565,0,txTVXjX2YjvYaPa4LpUZGQ
DA:568,0,kqgXRu2/3kLKGFtwCPD+RQ
DA:571,0,DdBIHKVdfPRmWDjRU1YI0A
DA:572,0,8Ukzkxb2y/o/k3uwaTSlhw
DA:573,0,dpqWbYCYqpC/p1UDmawQtg
DA:574,0,Q102xYe8LL+25GJfO/Oe5g
DA:575,0,iUroTJYhYIkGFMtYy+fIbw
DA:577,0,O9zVdyQuuxM/lWrRlOrk8Q
DA:595,0,9z9MkunT2yxKJKpTVd7ODg
DA:630,0,9pMXITVI5Fk9v6wDxRXbRQ
DA:631,0,jbJkZhnT4fhouweBDsQbKw
DA:633,0,7eDxf2kogFumxDE3Lsju6g
DA:635,0,7j34qDRnQwCi77U8ATIvnA
DA:638,0,KN1LfkmYdx2RougDY1+kKg
DA:643,0,Z4vgFdo6I41AENaAn9MQiQ
DA:648,0,TitA/P/z3+IIfhetZuAeWQ
DA:649,0,AIY/95MjhWe1TT/NVrbEYQ
DA:654,0,tKkVrIui4o6FMcfvsPaCWw
DA:659,0,EuuwDgBZKCy+iyf0+EPrAQ
DA:714,0,9pMXITVI5Fk9v6wDxRXbRQ
DA:715,0,cZ/yBcL8+EJIvA0ex1aXAQ
DA:723,0,cZ/yBcL8+EJIvA0ex1aXAQ
DA:730,0,gWysB9HEE2n4E+uufJrByg
DA:738,0,KN1LfkmYdx2RougDY1+kKg
DA:743,0,Z4vgFdo6I41AENaAn9MQiQ
DA:748,0,TitA/P/z3+IIfhetZuAeWQ
DA:749,0,AIY/95MjhWe1TT/NVrbEYQ
DA:754,0,tKkVrIui4o6FMcfvsPaCWw
DA:760,0,EuuwDgBZKCy+iyf0+EPrAQ
DA:818,0,xjcDBnSwra0OiNOAYAwoHA
DA:819,0,BBjK6hvLjXShqqt54aNmIg
DA:820,0,cCzhnT+1tmGi11b28Pmfwg
DA:821,0,Fp/WYCJcvNwts7qM4srOkg
DA:822,0,LFTV39AlmNut4ocg572rew
DA:825,0,xjcDBnSwra0OiNOAYAwoHA
DA:826,0,USxrRImCpTlohYaHn9qvEw
DA:827,0,cCzhnT+1tmGi11b28Pmfwg
DA:828,0,wKiC80/qz1NcauCA62Z6GQ
DA:829,0,cg0v6ThJvDBRS5n5uQ7/Nw
DA:832,0,xjcDBnSwra0OiNOAYAwoHA
DA:833,0,J+olmZElZBWdyJKsQItqTA
DA:834,0,cCzhnT+1tmGi11b28Pmfwg
DA:835,0,Shl76Iz8pwZ8+0dMFy0e+w
DA:836,0,RZwg0uUKPKRrhPs7K6GG+A
DA:839,0,0M011ShBUFHxUQ/kVnE7MQ
DA:842,0,10RWVkKNJiscjkkKXhMwLg
DA:850,0,DdBIHKVdfPRmWDjRU1YI0A
DA:851,0,8Ukzkxb2y/o/k3uwaTSlhw
DA:852,0,sdDWzdxSkUeToxdIoExZ9Q
DA:853,0,EligcncoEWO22EfjMyvAkw
DA:855,0,O9zVdyQuuxM/lWrRlOrk8Q
LF:156
LH:44
end_of_record
TN:
SF:oqupy\dynamics.py
DA:14,1,1+9wdnNK6ERHmSA06tdyPQ
DA:18,1,EIpL0xCcDcapsW+h3gFDBA
DA:19,1,LBs5phJdLesNax7pjHIYMQ
DA:20,1,R4oQ5/T5YWwctQMThDQRiA
DA:22,1,IWWjrCeOtk8NNtrE95++2g
DA:23,1,Xgrr48hUFUVyCx/oYckUUg
DA:25,1,i7NNCxSypM9kjwz7v8x9jw
DA:26,1,qqNxZvBJIHYHs6a4J6bVQg
DA:28,1,QPW/nchpFQ9Y8dJl4j6MoA
DA:29,1,/ZvqiDY7XVzMiSFdpC6ZCg
DA:42,1,4LgMgWBGno1n5MNJ8WRFsQ
DA:51,1,tX6sgw+b/ewb7j6V5zqXzg
DA:62,1,2FPb7QWVxVU06t2rJz/NCg
DA:65,1,HmADa1g/W1C2Vo9Wm4sNNA
DA:66,1,CUDJXhxdPeKTIk3C7tTXlQ
DA:70,1,HmADa1g/W1C2Vo9Wm4sNNA
DA:71,1,ATszc2kcPid644EWET4Y+A
DA:75,1,HmADa1g/W1C2Vo9Wm4sNNA
DA:76,1,FJT6QWWUIJeZldsOngJfMg
DA:80,1,6wp+61XAAF4YhKm/px0vfw
DA:135,1,vlzEJHojeMFz+vWfbUzD9w
DA:136,1,/ZvqiDY7XVzMiSFdpC6ZCg
DA:150,1,4LgMgWBGno1n5MNJ8WRFsQ
DA:162,1,m0d2fwSuLPn7et67/A/kkA
DA:183,1,HmADa1g/W1C2Vo9Wm4sNNA
DA:184,1,KWc1dzpvpNp7a58oAtQi8w
DA:188,1,9kZkiYbuYtrj1nz6FC4X8g
DA:189,1,/ZvqiDY7XVzMiSFdpC6ZCg
DA:207,1,hTE1rgDMrPr3J1EpZDoxSA
DA:227,1,m0d2fwSuLPn7et67/A/kkA
DA:268,1,2FPb7QWVxVU06t2rJz/NCg
DA:271,1,HmADa1g/W1C2Vo9Wm4sNNA
DA:272,1,CUDJXhxdPeKTIk3C7tTXlQ
DA:276,1,HmADa1g/W1C2Vo9Wm4sNNA
DA:277,1,Joh3lO/Hh2gzhTnDnX7ZSQ
DA:281,1,nNrc/pDF3OEkOpFXLIrkxQ
DA:297,1,HmADa1g/W1C2Vo9Wm4sNNA
DA:298,1,mhKkJAWLrn2R3Mq20A+vbQ
DA:303,1,kI6/GxlNCe0qWOqoxymZuQ
DA:304,1,/ZvqiDY7XVzMiSFdpC6ZCg
DA:319,1,4LgMgWBGno1n5MNJ8WRFsQ
DA:340,1,HmADa1g/W1C2Vo9Wm4sNNA
DA:341,1,jx6vfUqmmhRyq6USGToAHg
DA:344,1,HmADa1g/W1C2Vo9Wm4sNNA
DA:345,1,e6FTerlFd/EYML+hNyEzuA
DA:348,1,HmADa1g/W1C2Vo9Wm4sNNA
DA:349,1,boMe88/I+sspm0gdkIAfXQ
DA:351,1,HmADa1g/W1C2Vo9Wm4sNNA
DA:352,1,PuijzDiSBhyfrPUSxnFIwQ
DA:355,1,HmADa1g/W1C2Vo9Wm4sNNA
DA:356,1,mRFlnjFA28zaXBJwzyycOg
DA:359,1,v44vzk6ukOIharGJmV7BvQ
DA:360,1,87LMR3BMbdiw5TdrYt9org
DA:363,1,94hj3KQu8oiOUTPUiLl/og
DA:378,1,QNXTiQtaWeNuWxpC1ahVeg
DA:393,1,uaD1LTCNC3QXgwnKZo/MbQ
DA:400,1,kBc+Hy1BX9hnxgbF2SZQ9Q
DA:419,1,UdG2HqoYsdf6+tDdJuezxw
DA:426,1,99rM59QAGXS+R4OepPWBzg
DA:46,0,kqgXRu2/3kLKGFtwCPD+RQ
DA:47,0,nAnTzWS/ZRQpP6f5irJWZw
DA:48,0,xu3WMz6GBEbxyHWub1oDpQ
DA:49,0,gZaL+pXR3RtBI6UCqPP82A
DA:52,0,DdBIHKVdfPRmWDjRU1YI0A
DA:53,0,8Ukzkxb2y/o/k3uwaTSlhw
DA:54,0,awiUM0o4JyGoSQo8xv7W4A
DA:55,0,g8ALJl/A1H0l+jzP5mLc7A
DA:56,0,jVe5Bj7aRWL51XkHVVSBLA
DA:58,0,mzVFH3DfZrFSuOmYpj7TuA
DA:60,0,O9zVdyQuuxM/lWrRlOrk8Q
DA:63,0,74BbrWFctHZdo5tVS4w/pg
DA:68,0,gDuXG9KsrxkM7Miv04mgag
DA:73,0,Axf8aDloFCz7afezWuFiSg
DA:78,0,E/kAhQeSe8aZ+4wOZAAgkA
DA:108,0,J3d0oYsvuNvq6Meb2lRCFw
DA:109,0,mWyrirEd8qwocrFRlnYAFg
DA:110,0,EiSxrjAcAYEhYWF5rWKaOw
DA:111,0,EaxGCmgZNIVlHBQhgTMzsw
DA:113,0,xvWIcpcyNr0gyGcTkdMxXw
DA:114,0,WwxLTbAr6PIsB6La3ec8OA
DA:115,0,NrDAqEqcJtvmQgQDEuBvhQ
DA:116,0,PV7/DBbvoMwNkCO0HlXFxw
DA:118,0,sgECPoO1UBWcMIjpQSjpvw
DA:123,0,Ht+SkyA2k0w+zMtZVOULZw
DA:125,0,VeRT651kcA2BEUEADunjqA
DA:126,0,dpwF7TNyIlNL6xzY1lAgoQ
DA:128,0,TesMAOHB1nY3jTixgdQ56Q
DA:129,0,gSKhEFef7WlDDP8ISGGo/g
DA:130,0,VAQB9rc7e+Vf9EFHLevPsw
DA:132,0,GBuGXEscID+Jh/sWDUiA4Q
DA:133,0,dUSi8fQ1zSrVU6qOSPifNA
DA:157,0,kqgXRu2/3kLKGFtwCPD+RQ
DA:158,0,vUJZnj1/jC2RXyYdBctpdw
DA:159,0,S2xR/LAauO8k2485jHPjHQ
DA:160,0,kE1jIXqgSoNPK1pm32epxQ
DA:175,0,JK3cWTxWm+SLXe9b3dNk3Q
DA:176,0,6/H53o/R1BCN4uS4E83hsQ
DA:177,0,uVtxNB4Hz7085Qq9g0sMFA
DA:178,0,gdIO69EXFztlFO6kuHCcrA
DA:179,0,yraIIhHYyVThn9XEWu93gA
DA:180,0,PHDL6zVBeX3SSUpADga1jQ
DA:181,0,l5PIdFZEwDmg+L+UNTgTmA
DA:186,0,YUm1vcxrHTdjfvTazm/sFQ
DA:214,0,kqgXRu2/3kLKGFtwCPD+RQ
DA:215,0,nAnTzWS/ZRQpP6f5irJWZw
DA:216,0,AMNHdKe5pgu5+VTcTpO9hg
DA:217,0,4gQeESemo/OAYt2fgdDHfg
DA:218,0,XZhWMBfPOxREj0BX42XCAQ
DA:220,0,gH+vKVb7dh5gJQIN/nuyAQ
DA:222,0,BT9Qul9NRoO3hlLpxavveg
DA:224,0,h+ydz31hmbBu494cvMbr8g
DA:225,0,Ekuo9npOo4zDePbHPSwodQ
DA:246,0,JK3cWTxWm+SLXe9b3dNk3Q
DA:247,0,uVtxNB4Hz7085Qq9g0sMFA
DA:248,0,gdIO69EXFztlFO6kuHCcrA
DA:250,0,2QZsIPlvzaZQVuCWmWWAtg
DA:251,0,YTgj2OHOXLQ75PaElKbXeA
DA:253,0,FVfN4bUmUZqKFNCkKTfgQQ
DA:254,0,sE6O5JqvTBsrCOXanfDG8A
DA:256,0,HcDaAvWfH1DDGAHXkrgeew
DA:259,0,ivkVEkONcGfxIzKLGffy3Q
DA:265,0,ZZyWTiKq/HbNFbMJUy+MtA
DA:266,0,clvdtIlktSiN67LFHRcZ/w
DA:269,0,74BbrWFctHZdo5tVS4w/pg
DA:274,0,gDuXG9KsrxkM7Miv04mgag
DA:279,0,EORFbtNzxqdIifWgW3HhCA
DA:292,0,J3d0oYsvuNvq6Meb2lRCFw
DA:293,0,mWyrirEd8qwocrFRlnYAFg
DA:294,0,VhFz80LFXuxDhbegz/4WzQ
DA:300,0,NKz+nGgRQDPcUfNxVv59FA
DA:331,0,G8PGbsA/ySWcOFr99L/WLQ
DA:332,0,FXgqjXx/ERdW1KHV21cbmg
DA:333,0,PWfGZOle6bUpObG5xWZJzw
DA:334,0,dLBLItAcmcJ4k2CWbAyTwA
DA:335,0,ENPW/9Ul+F8lJghG2LwpcQ
DA:336,0,g2KPZkFjOfSZxN7VJcET/A
DA:337,0,S2xR/LAauO8k2485jHPjHQ
DA:338,0,kE1jIXqgSoNPK1pm32epxQ
DA:342,0,cRnhwq+4mZFMFYKBoThJPg
DA:346,0,xoiu1aYlAqHlwIlo7OUaMg
DA:350,0,BrvzlYsqzYNzO9pRrb9Jrg
DA:353,0,16DNKEdAIxdsxbPNgnpJgA
DA:357,0,gxudDrgJ1BwfotSQpZE5Cg
DA:361,0,g2KPZkFjOfSZxN7VJcET/A
DA:366,0,+mqi4ySr4ORYPFaF2UrXDA
DA:367,0,XZIf1U3qtvy7pBFjqpqpUw
DA:368,0,3calJA+zVFH+yAdsgM51Zg
DA:369,0,bu+/mpUf/sKN+KA9wGiDLg
DA:370,0,6DIxQazCnZd0f3yCocdRyA
DA:372,0,cxd/DBZIg+wwPz75diL4lQ
DA:374,0,QgO9lKtj/07CadDtQlUbgQ
DA:376,0,anLm3Un+1gktPhIOhVTI2A
DA:381,0,+mqi4ySr4ORYPFaF2UrXDA
DA:382,0,XZIf1U3qtvy7pBFjqpqpUw
DA:383,0,L27122qGpveLOix/hBdhKw
DA:384,0,aZZTWwBKMy3tpASpbgthvA
DA:385,0,6DIxQazCnZd0f3yCocdRyA
DA:387,0,HyWavmx1g6f9u2Nv5K+eJA
DA:389,0,25/Z8hPPwf4gRkqPyQxVQA
DA:391,0,zRPYw8+go49er7+Fgo0g4g
DA:394,0,B/Fo9U4/nMeRNS1JjGZVyQ
DA:395,0,+Rzdt4J1EptLdztw+VkexQ
DA:396,0,vy6CgW37KXB6tZmtM5IONw
DA:397,0,RzoO2lXdWnbXpxluBM2xhQ
DA:398,0,I/B7+vajcCvgDDQHSiRFdw
DA:401,0,B/Fo9U4/nMeRNS1JjGZVyQ
DA:402,0,hsUiW/+AdERSAAzGeBhM7g
DA:403,0,vy6CgW37KXB6tZmtM5IONw
DA:404,0,D6A/j+7Wk46QHZFDHzgA6Q
DA:405,0,Mp1rhKTJzXJvEYhLwubadw
DA:406,0,F7pPkbh5nBRkxcMwaAJqfQ
DA:407,0,amFlhUNzjNIwvEApbiht5w
DA:411,0,cHQRz2QQXOpxGs16igzVfg
DA:414,0,JLebNYdcN2qJhTaKm6YIeg
DA:417,0,1/8lvRtuyC01yarN+bo7WQ
DA:420,0,B/Fo9U4/nMeRNS1JjGZVyQ
DA:421,0,YdEMQ9tYDLfHUsWPoGjcsw
DA:422,0,vy6CgW37KXB6tZmtM5IONw
DA:423,0,98aH4QlilVOiaoQ/irwEgA
DA:424,0,minAuylJfjuFP4lw1lpl7A
DA:432,0,z3T3wUoySDSlu6R5bnR+cg
LF:177
LH:55
end_of_record
TN:
SF:oqupy\exceptions.py
DA:14,1,1+9wdnNK6ERHmSA06tdyPQ
DA:18,1,i8FWf104YXi/Q0+GDVyvqA
DA:19,1,SUTLQ6BLON96eCZJqjU8ag
DA:20,1,PdeqDqr4bOft68ON3+/7kg
DA:22,1,O9Qc7hHI4IPwtMZyhF7Ypg
DA:23,1,n4aKnSOWwkxOIZJYSbaQzw
DA:24,1,PdeqDqr4bOft68ON3+/7kg
LF:5
LH:5
end_of_record
TN:
SF:oqupy\gradient.py
DA:14,1,1+9wdnNK6ERHmSA06tdyPQ
DA:18,1,xCDkoRBYSx6Ycq28IYEW9w
DA:20,1,IWWjrCeOtk8NNtrE95++2g
DA:21,1,6LUEtkRs0pqTABX8A6azZg
DA:23,1,F8aEMwjbbFMbflW/m4stRA
DA:26,1,SqiUZ1fUX7EaEOUdoRxWAg
DA:27,1,MRxZVzbD+xpECAIBHAn6Rw
DA:28,1,Dnwmb1GmWXO2TJoq6ZkCJg
DA:29,1,p9sX4CEdggnFHPqCBao7Vw
DA:30,1,Wzvo8m5LGXkTLjOJhp9t/Q
DA:32,1,DQqgv2YF8issKsHExCBMNg
DA:114,1,HuthwYVQZKCjfUkRlQjYkw
DA:72,0,TaoUMLt4QKmypZVdL7RZfw
DA:73,0,cEma8CaqFMSVXT8lST0Khw
DA:74,0,lE2EUo1/+Em+2htiYFR+Cg
DA:76,0,OGTpJ4KkaQlTKsEwpp55Dw
DA:85,0,C1EXf4Fjj0yJevVR2gAQBA
DA:86,0,kySZMLC0aATke8TiYXQE0A
DA:91,0,aq6rIvtyIu4tJrT3Qi7WfA
DA:92,0,iswcO6v3IOl2XswC/jTVig
DA:94,0,A9/W1Blx4l9cZ35HefzeAQ
DA:95,0,FI0ait7CCmoZroy15aA4XQ
DA:98,0,cpzwHDrVla7h+6CZJ8pEAA
DA:105,0,kySZMLC0aATke8TiYXQE0A
DA:112,0,3p2962MegQqw4jY8j/XnUA
DA:121,0,7dMUQaw/UwjKzR0kyuirgw
DA:126,0,36i8y0xl2xZZKgrvMtkB3Q
DA:127,0,HvO+2yfec4aBAtiV8toWUA
DA:128,0,jFLKJ/+9AIi0vYkTmJWZcA
DA:130,0,nv9DyjVb/SjcTTfJidSYbA
DA:131,0,lKu6XUz6iEqTxNf3Skey8g
DA:132,0,EVWkiK7UzzQzdlseKhtBjQ
DA:133,0,czkpLfcNPOR6nZpdlQtiiA
DA:135,0,YWemTLpYBVeDF+caOW1XoQ
DA:138,0,KSw9I19e+DNNLp9d+3nkPg
DA:140,0,ymnHkEbgH1Q7KAOahlCzTQ
DA:142,0,ImnUn5Lu4s+hSUrFrZdgtA
DA:144,0,Qa9kNIcVGxg8oUoFFa7PlA
DA:146,0,ig8pR41mEAUv/7+/t8Jbaw
DA:148,0,M2LOLxuV06pKIK4qZ3XCfg
DA:150,0,LWx2i37u0anLFcVFhPiPnQ
DA:152,0,vZyqeHATq4MTNLiGT/YirQ
DA:157,0,RvJWIp4XLSBN97aWbx6QNA
DA:162,0,u80WjBTi7CV88F7NMkVtWQ
LF:44
LH:12
end_of_record
TN:
SF:oqupy\helpers.py
DA:14,1,1+9wdnNK6ERHmSA06tdyPQ
DA:18,1,jEc91tz0B1b2beSYnS+UDQ
DA:19,1,IWWjrCeOtk8NNtrE95++2g
DA:20,1,Xgrr48hUFUVyCx/oYckUUg
DA:21,1,H6Ih3lhVTepkL/uzTHkubA
DA:22,1,Ta3mid19X3Y8Myns3vBGoA
DA:25,1,81S/7SOVkmUfjN+o80v5Ug
DA:26,1,FTMG2U/gXcjf7JRbfTnTKQ
DA:27,1,MRxZVzbD+xpECAIBHAn6Rw
DA:30,1,BXFD/GbcW64iKTf3joT1wQ
DA:120,1,leDhGZI6hFrtFyXUHzve2g
DA:136,1,up0+lU8W9v54DIMNcMiTQA
DA:154,1,+n2DjJSJj2hYw9ZwikhFrA
DA:170,1,rGI3TtkaP2N7xT7/4TlUPQ
DA:45,0,3k8OPuc27pXS+LikNZZD6A
DA:46,0,TKfQFIT0p68cRWQoAXXItQ
DA:47,0,9cogfgSBMOgsFC8Wm30bUw
DA:48,0,Ou6F7sIMk+sTpTBAa/jO2Q
DA:49,0,TKfQFIT0p68cRWQoAXXItQ
DA:50,0,9wFKpzgeOSVuKHXCOmepkA
DA:52,0,uYi74LlCcNb14c1etnxBwA
DA:53,0,9cogfgSBMOgsFC8Wm30bUw
DA:55,0,Zh8cMKLbFiN+c3QZkqYMaQ
DA:56,0,vziZA+T/H1qgoh4aBbWJwA
DA:57,0,r6lgm/l0XdGtVHxsF+Y++Q
DA:60,0,9u9KZIYbplv3s+91s99mQw
DA:61,0,M1PllvH42vgHz1mP1zt22g
DA:63,0,oBxezb4x9P39lF0ozcUsuw
DA:65,0,24DG6bavkq7daYt03CszGg
DA:67,0,GeGfHiO5j5itDJIgrqFlBw
DA:68,0,8x62nlLTg8LtaIrKOZ04LA
DA:69,0,sUSfkW44c3MsXhphHTq7vg
DA:70,0,7cQpqdCqcnGuypTpBm83Qw
DA:72,0,MXfvEkDAo8ONxZuHHxfVkg
DA:73,0,YsSFMHbGWHxTUve3/TfqcQ
DA:74,0,2DyBCiFyK/MHUM58knJYQw
DA:75,0,t9EvazxKcEX+uoh6+CbugQ
DA:76,0,rAWTGFMHSK2rgNhzq5DgkQ
DA:77,0,K0WEjnZuoiNlU+Aftjh4DQ
DA:78,0,ys7GIkvsF6NfKvx9YniOxg
DA:81,0,fTG9ydeGl/PbUzV2sbJKzg
DA:84,0,ys7GIkvsF6NfKvx9YniOxg
DA:87,0,fTG9ydeGl/PbUzV2sbJKzg
DA:90,0,k9VZYDT6YrBuMLHnOYO4Zw
DA:91,0,4Ni/S/As5oBdoZM91Toa5g
DA:93,0,A3wfXhOJep2ciqG9RVn7Vg
DA:94,0,BeRWid8RerOhVpiqY3WQKw
DA:95,0,/+q2WIxcqzpzvtx+lSCEaQ
DA:98,0,/+q2WIxcqzpzvtx+lSCEaQ
DA:101,0,r9KvfoQGTZ/ZWkz5IHDXQg
DA:102,0,CHLqXwB3LtiAm8CQhL24pw
DA:103,0,Z0ULzDaayEPiqVHUBS9V3g
DA:104,0,/+q2WIxcqzpzvtx+lSCEaQ
DA:107,0,/+q2WIxcqzpzvtx+lSCEaQ
DA:110,0,Xz/HUGvibaIDS/ehqFCq0w
DA:111,0,KETkzBdeMOEIU1h1nIForg
DA:113,0,wWvyVCzDRWfTVXhFZNNl1w
DA:114,0,jeAiquG2sCoeRHP8o84Ong
DA:116,0,hFVEs5IjRAK3GRSG4IlETA
DA:117,0,v3+Is/Vv2zTsObFWoL0Okw
DA:118,0,PBu5G/Tx/0QwCLIXfzZZ6Q
DA:123,0,v7X/P+ZlOS7VaTQ3Q2WC6g
DA:124,0,82Onpxa0OOMYhORIayMgzw
DA:125,0,barQ+UEVFfsAtyI7tisvGg
DA:126,0,6DGF8XuiWXThEVD/9AlRXw
DA:128,0,fI9gFdLscoBfW/Nb5XBY9w
DA:132,0,barQ+UEVFfsAtyI7tisvGg
DA:133,0,/lVmGiA4jJlFYkqMILBUEQ
DA:134,0,o3ugFR8BK/yHffzygJ3CYg
DA:145,0,82Onpxa0OOMYhORIayMgzw
DA:146,0,TFd5SKcAJGuW+avfaAsDQg
DA:147,0,3nRZ1lUN9d3am+Yzzf5WJQ
DA:150,0,TFd5SKcAJGuW+avfaAsDQg
DA:152,0,+V0dS7CV9dY9Ddsj7Nyqxg
DA:163,0,v7X/P+ZlOS7VaTQ3Q2WC6g
DA:164,0,82Onpxa0OOMYhORIayMgzw
DA:165,0,7ocDeFGFr/fzIC52ojbBvw
DA:167,0,barQ+UEVFfsAtyI7tisvGg
DA:168,0,K8UsNdfJhkgRsX5g2/pV3g
DA:178,0,qkwS8I0WI6bcmLaHtCDhGA
DA:179,0,/oJD+jNNYiZpEMu4gQoUNg
DA:182,0,EKfzn6Nca0Lljdv53D5BVg
LF:82
LH:14
end_of_record
TN:
SF:oqupy\mps_mpo.py
DA:14,1,1+9wdnNK6ERHmSA06tdyPQ
DA:18,1,50k0FpQFtVUqNFoMXZz8cA
DA:19,1,I3gtWvCI1R3Ti8EL4XyF6g
DA:21,1,IWWjrCeOtk8NNtrE95++2g
DA:22,1,Xgrr48hUFUVyCx/oYckUUg
DA:23,1,9dNxK//geoDq3bugTQmokg
DA:25,1,i7NNCxSypM9kjwz7v8x9jw
DA:26,1,1ycEI10ey2G7rTeZX1NLMw
DA:27,1,uvPD6ji578PLXNq6xDGM3A
DA:29,1,6Zx70ruufk7KSb/SqmiMvQ
DA:30,1,/ZvqiDY7XVzMiSFdpC6ZCg
DA:47,1,4LgMgWBGno1n5MNJ8WRFsQ
DA:77,1,NhwiEFYxgSItKkKpG1x/GA
DA:81,1,HmADa1g/W1C2Vo9Wm4sNNA
DA:82,1,RY+LwpRFnh8orAOemkOoNQ
DA:86,1,HmADa1g/W1C2Vo9Wm4sNNA
DA:87,1,26tq6RWnYgEgbnSqldLQoA
DA:91,1,HmADa1g/W1C2Vo9Wm4sNNA
DA:92,1,xHldI02xG4+C4GKq24VMZg
DA:97,1,pjuV+OKojfvo2TTQh1c74A
DA:98,1,/ZvqiDY7XVzMiSFdpC6ZCg
DA:108,1,4LgMgWBGno1n5MNJ8WRFsQ
DA:116,1,Fq0Z/SlJyffFmNGMYctlQg
DA:117,1,/ZvqiDY7XVzMiSFdpC6ZCg
DA:128,1,4LgMgWBGno1n5MNJ8WRFsQ
DA:136,1,OdZIOCDdsi320wLrPByRdg
DA:137,1,/ZvqiDY7XVzMiSFdpC6ZCg
DA:147,1,4LgMgWBGno1n5MNJ8WRFsQ
DA:160,1,HmADa1g/W1C2Vo9Wm4sNNA
DA:161,1,IWH+im/YE02uWihrEykaxA
DA:165,1,HmADa1g/W1C2Vo9Wm4sNNA
DA:166,1,bfPxJtrmF4YRwcRSCwfosQ
DA:171,1,vlAJ87dAMQb3BoNbg1UAdQ
DA:226,1,rcoDUqfvm68s7t6EDwq/RQ
DA:270,1,ZhhXhVPBjlzbsTgQE6KvjA
DA:271,1,/ZvqiDY7XVzMiSFdpC6ZCg
DA:281,1,4LgMgWBGno1n5MNJ8WRFsQ
DA:287,1,HmADa1g/W1C2Vo9Wm4sNNA
DA:288,1,3hQTur3fdIJ8AioGmPniKA
DA:296,1,PJfTffyej49dFWzYtZ8zIg
DA:348,1,igFnGeLItZnZqacU6KX1RQ
DA:349,1,/ZvqiDY7XVzMiSFdpC6ZCg
DA:380,1,4LgMgWBGno1n5MNJ8WRFsQ
DA:443,1,HmADa1g/W1C2Vo9Wm4sNNA
DA:444,1,9VX2D2q3WRz4j7/6kLukVw
DA:448,1,HmADa1g/W1C2Vo9Wm4sNNA
DA:449,1,Z0EXOiqxkjOKsI9kKYmihA
DA:454,1,UNy9ldVaomnvuTvY/+axJw
DA:52,0,0IblZrsE/wt2TUEMviAxuQ
DA:53,0,8iTy1i5xh5gsE9P8z+fh8g
DA:54,0,SJsGARpbtnYAeXUZexMPww
DA:55,0,36lmNEzmTlxFp9I7T9y+GA
DA:56,0,wb3e7jOkM/75rbhm19hd8A
DA:58,0,Cg/4RnWtq09abBmhnXqjYw
DA:59,0,3vwYq70MHHnoX/3udkb9Gg
DA:60,0,jk9gGOqgcdXQ8qtHSzI1XQ
DA:62,0,Wwb1w+OHl53KrMwqLth3NQ
DA:63,0,7OQjmLFxYENRr96jHHnfvA
DA:64,0,JokEAKmVJYqe6K+bX9GFKQ
DA:65,0,4fN01kdJXzb0VeX90SFbaQ
DA:67,0,0hIO+AAQy95NE8u6zX1pRQ
DA:68,0,gxcuj4C1lnRJvJQZNuaNlA
DA:69,0,JAO37xAtNx3teFlRXg+uIQ
DA:70,0,qDXMrCZslOhnRtTG7UCYkQ
DA:71,0,IGizr13SC4foqhfk/jQmZw
DA:73,0,QW5s+L1wjgZGObfHQlGImg
DA:74,0,rCnsxxmQa1PFU/A5K1XNQA
DA:75,0,CnjxZi2B+MSHxpAYNF5Pqg
DA:79,0,aOkQ4pZsXOdbCtRiPmvNMA
DA:84,0,aXLRtxH5FLOfTUoMIEpDVw
DA:89,0,y7z1lxe58h5fFzkBIUnxfA
DA:94,0,axCsNQN49alwLFYVTbie9w
DA:113,0,uLIfhh2Q6scI6+vPbc70gw
DA:133,0,yCbyU3K8k6Eb2tVn9MWRSw
DA:152,0,gW3Y1XEA3Wm2m+sToLF51A
DA:153,0,+GypxZrTA/+5jN4iiZfR6w
DA:154,0,cXC8E8Gb1EFVV8PTSMX2sg
DA:155,0,Ehgh9Ncoq1WXXL7PGZrSKw
DA:157,0,XtGdQ86K69ti5ZuUJL20bA
DA:158,0,nEQAqrfKnQwiM5VbAgm4pw
DA:163,0,Ye1K9KG7DoP2LlRHaOtDug
DA:168,0,WGUOEu8uxAEj2yMuJJgdzA
DA:202,0,yR/Ch66zqkiUXSJqdGbwHg
DA:204,0,hOTutFq7R+effQND7s6xYw
DA:208,0,mKJT8bwQP6ToWwnkwMRJzw
DA:209,0,477NQK9wSEytBV0EsTs/XA
DA:211,0,mqorexMnNourcV3ama5/hg
DA:212,0,p+F2y/Tegei+0w97NvJ91A
DA:213,0,vv3oh6JqLrNy6wvEEnzg9A
DA:214,0,RIoaQvGyvPoclTUYYoXjzA
DA:215,0,nb37XFN9GeMozQSVNplEIA
DA:216,0,F4MTBVb5svlA+36QdC+m+A
DA:217,0,cNnZMDP6G1YrvukjSgyF7g
DA:218,0,hpIE2mSS7V3ZdkiXasinAQ
DA:220,0,n+vep2BNmPKrMmHmA2rXzw
DA:222,0,cHvwUVfw1GZ6z6J0AXNm/g
DA:224,0,iux7w8XSiyb/28hV6Urh6A
DA:254,0,Ez0y4Cu9Hpez5PGikadrdA
DA:255,0,A4CIvcU4TlIDUzgOdDh6mg
DA:256,0,w4/u/KWEpWN3C6j2z2hwSQ
DA:262,0,JAWdh7WgCispnM21Zs+bew
DA:264,0,Wo8GkZQmf0XNK2O8K35oEQ
DA:265,0,k3njFmIaEuTxYXOAeb5ZfQ
DA:266,0,EEizuzadu8pqSIkrjM4Knw
DA:267,0,N8miq5JvDxAPQ4SJAuqKig
DA:268,0,yAX+bMpAHHxuwF3Uh+jlWw
DA:285,0,GmRW3HqqNdZmR4ADgnc0Ag
DA:293,0,BbiVIkBRhwdYv1CXLJlEEg
DA:320,0,h2LRzLOoMU/oP7zBT2PmCg
DA:321,0,AYl6FEG9hiby4xR8TxWQLg
DA:323,0,xSHkv0nfKSQnyfULycsj1Q
DA:324,0,7apkkTCtRuPR3QzwmhOKgg
DA:329,0,6cZFmEky5rv/65Wk94XkdA
DA:331,0,eBxQDLq3u7orSw5mgqlQiA
DA:332,0,7apkkTCtRuPR3QzwmhOKgg
DA:337,0,6cZFmEky5rv/65Wk94XkdA
DA:342,0,PuTZK7sQs0PJTZW9UkaOwQ
DA:345,0,prwiKhqzN5+LzK+rEPAHZw
DA:388,0,wf4kpSud8ylC8eyNF/RnkQ
DA:389,0,nZRGbNahpNgbYQEtxYXT5A
DA:390,0,XkBUN+u0tYm0nCKP+2TRvA
DA:391,0,Yk91o0p1lyBmiLryuW9BKQ
DA:393,0,y2TOj89mFz0f6qXjameFvw
DA:394,0,vE24PNADNBQBj2LaxsbYzw
DA:395,0,gTAhCZOiJHIb+vtyPRVsDA
DA:396,0,S0fSV24GWdPFBx25JTViyw
DA:397,0,o6SIyJ4Rjv4FxpqxXrH6/Q
DA:398,0,3PckLey58U8vmKsJt7UJ/Q
DA:399,0,oOBABv5EPo5xmlyUc6l3kQ
DA:400,0,jVS+kDRXEieTDhITypQpXQ
DA:401,0,YAgXVR7NI3EUpHOtiE/03g
DA:402,0,SLlcQPpNRWFF6ivXqgYR+w
DA:403,0,EXhsdow2piOzmF9Hfbw4yg
DA:404,0,9PDgKNfTpOdOAx6LENvv9g
DA:405,0,OszJ+UWt0TWAUzUhAkH2rw
DA:407,0,OO3knWIVPNlVnuxNjobuUg
DA:408,0,dcKgZZi7NTUimsR3wbFMmQ
DA:410,0,/uNwlmVw4Za1pjX2Ia/mqw
DA:411,0,jyD0epYpLkJCkOxiupqipA
DA:412,0,SjVgsRRglCN/UKufwfh23Q
DA:413,0,8Up8IdY1lAmCM+3XS8IT4w
DA:415,0,/P9XThPVtXwMVKv11PpSIg
DA:416,0,OdMoEaUfGWhrHFRa3VmHcw
DA:418,0,D9map+d1VAipJ75+Q9BwOA
DA:419,0,p6nj6fm0oByj9xaYj5u8uw
DA:420,0,zQxUZpRyw33awgYqm2MoTQ
DA:421,0,r7iMtjt35X7zlRXbsQgr2Q
DA:423,0,qHnug8VjqvW92lbDpFUKoA
DA:424,0,0JK86XoDfSMcseWbDvLPaA
DA:425,0,MofA5VZB9mdO+TfpzDGsDw
DA:426,0,MOfNxIcFrYJRTChrViwzuA
DA:427,0,f7tpLKFqci0Kp8HvIeiL3w
DA:429,0,40h6F1bHus7MO5iQhiHGCQ
DA:430,0,NBVf6ul/9+QrjGkFJptqPQ
DA:431,0,Mit16hMNcznEd8lSMy284Q
DA:433,0,ur0Z30u35ejw5eHeNsGNJg
DA:434,0,WxPEIamWJsSlVRZaMEi23A
DA:436,0,ZhMh+7kCed2FTpspYZHqFQ
DA:437,0,akDz4+0L6EDBcBQY9uTxuA
DA:439,0,S2ZxAdy5QHVzBgb9XiIeZw
DA:440,0,z0/YRBe9hCfNQQ3fSgI+qw
DA:441,0,kqgXRu2/3kLKGFtwCPD+RQ
DA:446,0,4Q1b7Gbt57eFSsWbvjZ2dg
DA:451,0,oohz0gSKQ4YVWVD9ll9KWw
DA:456,0,Gc+6obs/xe+orEPPhSDzFw
DA:457,0,NsRtGwVQ0BKwQjaLnGiS1Q
DA:458,0,EEKAwC3Hv/6aEziDOkOO0w
DA:459,0,BR9mdOdMMERSlqitnBstuQ
LF:162
LH:42
end_of_record
TN:
SF:oqupy\operators.py
DA:14,1,1+9wdnNK6ERHmSA06tdyPQ
DA:18,1,ERPFOYaZztZmAteVlj7BpQ
DA:20,1,IWWjrCeOtk8NNtrE95++2g
DA:21,1,Xgrr48hUFUVyCx/oYckUUg
DA:23,1,1ycEI10ey2G7rTeZX1NLMw
DA:26,1,aIyWL/oIYu+Z7r8RAcycUA
DA:33,1,PPPSPwH3hSmKE+/BIX4mqw
DA:44,1,qwKCx4KkCzSqikEDiGbtCA
DA:61,1,3vqqInec0a040TAQPFz+xQ
DA:77,1,lCUfMTNwnubMHTajnxhIHg
DA:94,1,nj5IrCBrJYd4rfCBDTU8eQ
DA:111,1,R4BiSTET1a7iGRrQGKDUSw
DA:130,1,XeaFjZFLGuGaiUldovQHcg
DA:136,1,B88i+8PNCTWMWXKqWhw5qA
[...]
DA:1013,0,vy6CgW37KXB6tZmtM5IONw
DA:1014,0,PX7KzrYS0/VYz/3Idj+V7A
DA:1016,0,B/Fo9U4/nMeRNS1JjGZVyQ
DA:1017,0,SKzBMXe8avrr6JMyLBIKOw
DA:1018,0,5JQmLSEOPvfc11r77TNO9A
DA:1019,0,JO4QiP0GYMqorT6PgiBMew
DA:1021,0,vy6CgW37KXB6tZmtM5IONw
DA:1022,0,4LaWaMsH4fSTVGihhfFEpA
DA:1025,0,+aKiyCSe8xg7hxEmNL8wPQ
DA:1030,0,usxyuA1ph360o9HOBZbU8A
DA:1031,0,3bRN9rI3t6VSu3NrVDOgxw
DA:1032,0,fPdLk7NNYFsndWML8pmA/A
DA:1033,0,z8+SXRD3NRLns5Tqsbhywg
DA:1034,0,IxyLbo7nSsY5DHJywNbung
DA:1035,0,Z9LTLEbZN/slVF/ar8jDPg
DA:1036,0,LpI9ceHb2I60q07rBi7cOQ
DA:1037,0,/WPi9rCDLd0WPN56l6Cfvg
DA:1038,0,TnK3HQntciYmYPOSTgYrJg
DA:1039,0,vlEfcJq3H7uyHTLtHoyNuA
DA:1047,0,n9//HUSoXwJbl1FAaDYfmg
DA:1050,0,B/Fo9U4/nMeRNS1JjGZVyQ
DA:1051,0,y2TOj89mFz0f6qXjameFvw
DA:1052,0,26XMpvaOMwXNFvpzFsvF0A
DA:1053,0,rBn60J7Fw8zYq9VGgQEtkQ
DA:1054,0,nqUslZtQIC8zgG/YHJQWEQ
DA:1055,0,dcKgZZi7NTUimsR3wbFMmQ
DA:1056,0,vy6CgW37KXB6tZmtM5IONw
DA:1057,0,4LaWaMsH4fSTVGihhfFEpA
DA:1060,0,B/Fo9U4/nMeRNS1JjGZVyQ
DA:1061,0,SKzBMXe8avrr6JMyLBIKOw
DA:1062,0,5JQmLSEOPvfc11r77TNO9A
DA:1063,0,BuOO/etJ3Xj9+SpsfpA4yQ
DA:1064,0,Skv38Pomo1gQp6EsB9G16Q
DA:1065,0,CDexFazPws0AMUwzdpCtoQ
DA:1066,0,vy6CgW37KXB6tZmtM5IONw
DA:1067,0,4LaWaMsH4fSTVGihhfFEpA
DA:1070,0,+aKiyCSe8xg7hxEmNL8wPQ
DA:1073,0,nUly6IHsWEeZgGW2kXv9BA
DA:1075,0,KaKPH+x7m4vsMTYfk/CXXA
DA:1076,0,1Jl+QalBNnVUWqHZbTivlw
DA:1079,0,3az08DNgGbrviyzFfBsUNQ
DA:1083,0,9P5lc6uK+IvJoGhungCj2A
DA:1084,0,UlqYdKWyQrwkUBJCd2EWvA
DA:1085,0,H2wlqja21azrO70ZAJoM1A
DA:1086,0,B/Fo9U4/nMeRNS1JjGZVyQ
DA:1087,0,6o9yJWRqx5yIV58Hf3PE9w
DA:1088,0,GMN9uuDtoPLhcVCk/zAavg
DA:1089,0,vy6CgW37KXB6tZmtM5IONw
DA:1090,0,1AXZNLkq83ihAxvjAbYW9Q
DA:1094,0,OnWv41VztKrAw95M1TtuAA
DA:1099,0,KtVkeuqo2r0aN2IY2YE1cg
DA:1100,0,X0ZvcNoC+rGzYo4MklQgfA
DA:1101,0,DJk0p/Z7YuK1P77pvQFCGA
DA:1102,0,XSBDWiBvI1n4eSWy7DO+2Q
DA:1105,0,krp0zSAzDQlF5ZZEM0qeMA
DA:1110,0,yq/x5zZWi7QAni1+6Ozikw
DA:1111,0,TUahrFgfj8ZOSnKgoMG3HA
DA:1112,0,T9HLO0houQ69EwLgfaalzQ
DA:1113,0,O6+CWS0GvLTnOoEDqpwOrw
DA:1114,0,BkGW/SaVv5SF9cqnE25Hog
LF:399
LH:98
end_of_record
TN:
SF:oqupy\tempo.py
DA:14,1,1+9wdnNK6ERHmSA06tdyPQ
DA:29,1,mUDsnWRiqW9R9nTILGKIZg
DA:30,1,5nZYd54GCFIqStHQ0WxCgw
DA:31,1,uqQzsyLE2snBclOsmsd0qA
DA:32,1,LBs5phJdLesNax7pjHIYMQ
DA:34,1,IWWjrCeOtk8NNtrE95++2g
DA:35,1,Xgrr48hUFUVyCx/oYckUUg
DA:37,1,riPL9l7/859Mv5ZjPH6Skw
DA:38,1,i7NNCxSypM9kjwz7v8x9jw
DA:39,1,zlWS2bipFYqcO8H4beYTOA
DA:40,1,JLpoFH7K4toWkiEt4YXHwg
DA:41,1,seAdTtxSnrDQ9dR/9Q5Pwg
DA:42,1,81S/7SOVkmUfjN+o80v5Ug
DA:43,1,RuE7SuYAgNw82cjdD7kF3w
DA:44,1,hTbk9aTpjYup7ENfmPwBfA
DA:45,1,50DQR90G1iM9c/Wo10gh0Q
DA:47,1,cXVeagOL0+RC4ICS1WsVGQ
DA:48,1,xXqLoK2vbUbFO6SDiaG/VA
DA:49,1,/zyQqSlwDaQhzPnAzt3ulA
DA:53,1,7G2oFYYD0QaJa8+eV/YWTQ
DA:54,1,hSDyplXlawuA8lBIzp3/ng
DA:96,1,4LgMgWBGno1n5MNJ8WRFsQ
DA:166,1,tX6sgw+b/ewb7j6V5zqXzg
DA:177,1,HmADa1g/W1C2Vo9Wm4sNNA
DA:178,1,pfoJNNISyV+Mc3NXPZdQJg
DA:182,1,HmADa1g/W1C2Vo9Wm4sNNA
DA:183,1,DaGqLYG4rYTJAw2AYcX3/g
DA:187,1,HmADa1g/W1C2Vo9Wm4sNNA
DA:188,1,4qjfOJiBwsyPMKgcSLKHtg
DA:192,1,HmADa1g/W1C2Vo9Wm4sNNA
DA:193,1,EhKD2x7f/0bEYQcvtmBLvA
DA:197,1,HmADa1g/W1C2Vo9Wm4sNNA
DA:198,1,+37u846x3qUk4sGDSqQMFg
DA:205,1,HmADa1g/W1C2Vo9Wm4sNNA
DA:206,1,33sGBCNPqNZa/7YFdImMYQ
DA:211,1,HmADa1g/W1C2Vo9Wm4sNNA
DA:212,1,XEa4Apt1FJw1GZofJnuR8Q
DA:217,1,iq8QdRcOKFTx4lo/9BARFg
DA:218,1,/ZvqiDY7XVzMiSFdpC6ZCg
DA:242,1,4LgMgWBGno1n5MNJ8WRFsQ
DA:294,1,0MzQxg7t/ODWdxoBsYMz7A
DA:304,1,Y/azr9ICqaHA2KTe2z1KIA
DA:308,1,YKshYMT8hbCoe+Hn1BlNKw
DA:317,1,HmADa1g/W1C2Vo9Wm4sNNA
DA:318,1,RFoWmfB8RFp9P+oYctsZ4A
DA:322,1,0CGBneSaoaKuyPmzQ6yvoQ
DA:348,1,4Im1IHJlDnx0F6ttbTfoSg
DA:355,1,soE0VtAkzl/uJNm4PGIlKg
DA:399,1,sblxfdxngGNid/rTAH1m1Q
DA:404,1,yAtVINx6bFTU2TMXAA8lYA
DA:405,1,hSDyplXlawuA8lBIzp3/ng
DA:437,1,4LgMgWBGno1n5MNJ8WRFsQ
DA:507,1,0CGBneSaoaKuyPmzQ6yvoQ
DA:545,1,4Im1IHJlDnx0F6ttbTfoSg
DA:553,1,mPAJvukAXTxFRxzGr7IxPA
DA:567,1,T+Hc00U/UdBYaWwqnWWE+Q
DA:584,1,T1rozTbhjR3h9QTJ39pGsg
DA:592,1,soE0VtAkzl/uJNm4PGIlKg
DA:642,1,TnOb0cxa62O94NJFDkAgHA
DA:648,1,Y/azr9ICqaHA2KTe2z1KIA
DA:652,1,YKshYMT8hbCoe+Hn1BlNKw
DA:661,1,PcbOXLtt/ZR2dxizK6THhg
DA:669,1,ksH6DqLtVgWkT7+eCEmvag
DA:715,1,FJj728gu3BJsDpWc992G9w
DA:755,1,sN5Lb0yE9wEz3NSMqC111w
DA:762,1,kO5UtP/E08aM0QkUUpzeXA
DA:768,1,VJcD3ZZm92QzFLXGW2fuGw
DA:775,1,eQxWCO75SJYeewgwQCq+5A
DA:867,1,KPrdYzl4ezMBH8qoSnr5mA
DA:932,1,cM/ZgF89Ruhl/Xi/j2/Xng
DA:955,1,YFon+vaeTELPPiE15CnG3w
DA:109,0,xjcDBnSwra0OiNOAYAwoHA
DA:110,0,94x438RdM+QAOHcqNBDjvQ
DA:111,0,cCzhnT+1tmGi11b28Pmfwg
DA:112,0,qfGbJ+RWBkX0gODg/EH9uQ
DA:113,0,2q8sIPGeob+DLfWFbrWr8A
DA:114,0,u2B70cLJR5H40Tb4JtyPNg
DA:115,0,9DofBfaWNNLlb5FCcGZL3w
DA:117,0,xjcDBnSwra0OiNOAYAwoHA
DA:118,0,mpUtFZjpoT+cSGJjsrJpNA
DA:119,0,cCzhnT+1tmGi11b28Pmfwg
DA:120,0,uywAzITko6MRtL15tIwDNw
DA:121,0,Nzz3Uhm60S8uV5S3Cq2PwA
DA:122,0,dywLiNjpr5iG5C3RNoKIKg
DA:123,0,xaBCG68ddRbGLNVX7N4bAg
DA:125,0,arapdHdHKKeN5YOoSlh/wQ
DA:128,0,xjcDBnSwra0OiNOAYAwoHA
DA:129,0,03boUYtp/3B4IMpgphWt5A
DA:130,0,w8jYO2PYDXJJ9zUWwjqbNQ
DA:132,0,/PJhoN3mbU8+NV6fUEpBEQ
DA:133,0,cCzhnT+1tmGi11b28Pmfwg
DA:134,0,gIk2dmpxVTGsg7Q5McqXAg
DA:136,0,bIwHVMRvsz7FfWl3Wbpamw
DA:137,0,HVyrBJ61ni9ux6MdUIeaUA
DA:139,0,hAuSivQ2EfYEjC4Iwd2rtQ
DA:141,0,xjcDBnSwra0OiNOAYAwoHA
DA:142,0,XTT7X0On2CblvcvvDA/Ejw
DA:143,0,0XJpjgOOBnsY63ihRIvwVg
DA:145,0,/FAjuCvIFovmRYx1n0IJMQ
DA:146,0,cCzhnT+1tmGi11b28Pmfwg
DA:147,0,qGtbBWDASfKuXiuDnkVnAw
DA:149,0,C4ZqwEm49tjVwjlsKMv8WA
DA:150,0,HVyrBJ61ni9ux6MdUIeaUA
DA:152,0,K/oi4gNAQUu0MFKB/It6Ug
DA:154,0,xjcDBnSwra0OiNOAYAwoHA
DA:155,0,WPUfrWvoqIHawbAOX5d23A
DA:156,0,cCzhnT+1tmGi11b28Pmfwg
DA:157,0,7ULFP4tnmjNZzchJUZncDw
DA:159,0,5NoWt4caXBMkuM2hBWbK8g
DA:160,0,GMc2iW1Q39ev7xvelHBBRQ
DA:162,0,zE6M5pBFD2+dZff20zvWMg
DA:164,0,kqgXRu2/3kLKGFtwCPD+RQ
DA:167,0,DdBIHKVdfPRmWDjRU1YI0A
DA:168,0,8Ukzkxb2y/o/k3uwaTSlhw
DA:169,0,C+8jcdNIrD4X9M3R08HGtw
DA:170,0,sX8DU7nk6K2vwYI7iSTdfQ
DA:172,0,rGxCgc9FFcDzaELHMUuPug
DA:173,0,SESWBORM0JKCKhx2eLET5Q
DA:175,0,O9zVdyQuuxM/lWrRlOrk8Q
DA:180,0,+hj67tn/2WVl/2RJSwXs8w
DA:185,0,15ts5voMKTYQZKSAgaBg7w
DA:190,0,TOfkmwcSwG3xFOXX5yuoFw
DA:195,0,MosZTyFvlgE6vyQ35IJk0w
DA:203,0,o97b0SNa/hPNLWAWAdo06Q
DA:209,0,mpczWtTiQSXXLmylNDxrPw
DA:215,0,MS8GYLF6QQjJyFZS5YlrhQ
DA:253,0,kqgXRu2/3kLKGFtwCPD+RQ
DA:255,0,t6kczq5ktXogL+/zNb2XXQ
DA:257,0,GI1msYt061VdkWGJGV/KMw
DA:258,0,vLPxC/Vgi2m15vZ9pmyzew
DA:261,0,h875McMvhNjCMrl87ZyA0w
DA:263,0,N1FJ0QYpbZdnHdB2dcl0Ww
DA:265,0,wqeE0h9StEmLawC+Y9XAGw
DA:267,0,xjcDBnSwra0OiNOAYAwoHA
DA:268,0,zDEGk4sGTksrUMAy2ttMaQ
DA:269,0,cCzhnT+1tmGi11b28Pmfwg
DA:270,0,WyNaTTelD6oO7QHxDtjgtg
DA:271,0,tj6LbwdxWDuyr0HXAza0sA
DA:273,0,ni2pWikV+tR6ypSB54kG1g
DA:274,0,a/nAW6a5patZaw6ieHj9sQ
DA:276,0,wICKy6NmnuPIpe+u8Pvyfw
DA:278,0,GnFYQL5xQMwsM/C9e9AmjQ
DA:279,0,Id8E306Z39Q3fKnWQVwxBA
DA:280,0,QMz/W/ym3iwy0X/SPfkynQ
DA:281,0,NwOyG/+lOCV3C6w/71yOXw
DA:283,0,XdIZQG/yCAatEihsncvmXw
DA:284,0,otJWzevC+xyNMy2QXOzBDA
DA:286,0,HyDKoyFFvRC8ui3tGav7cA
DA:292,0,PGZNPVb8sziQoPR/mLzNuA
DA:297,0,oAH2NbJpxzCga/bvjFmyyg
DA:306,0,ee54udfMIqqUB+aPVHPsdQ
DA:313,0,nFmUfnnG6Cz67ZtEGQzu7Q
DA:314,0,NzXOhUrh352Ity1xpGPJHg
DA:315,0,nj8o6wAYrA+YR6aEqTan9w
DA:320,0,0Q5/gHAKqELqSE45SFDBiA
DA:324,0,N+gbeeYGCbiJ/ph621ZAuw
DA:325,0,b04Ps8NQbV0D8JdgBax6Gw
DA:326,0,+K8yTzyoFHiFV5VMP+jfyQ
DA:327,0,EMsAh3OoodLDR9JUimOaqQ
DA:328,0,fbiVqbc6F6vVOJNAIkU8VA
DA:333,0,Z0onN7hiAfEQDMbANfU7FQ
DA:334,0,bA33eEILX7y/3TRvskGPFQ
DA:335,0,j7gP2LUGz8fKKoF2VNrjIw
DA:336,0,LtF12IiaFiP4/N+bj8IjaQ
DA:337,0,99GEI7Rq+9rdswcEN/UwCA
DA:350,0,GTnIT/qQTkEjJ5OEmSnkYQ
DA:351,0,kcF/jBxH11/Vk5TgVALaGw
DA:352,0,U4q3FbPpvuKK6xZTsFoooQ
DA:377,0,huz5LR02HDK+LzP0OgwXHA
DA:379,0,N+gbeeYGCbiJ/ph621ZAuw
DA:380,0,UFXaQGCq/LL+rVWhk1JKvg
DA:381,0,C7HYiZjd7nH2sPJJbv1xUA
DA:382,0,LX5lcPjYv+z2ovHPV+g88w
DA:383,0,z3krCWnQD70JnHB4QBcyzQ
DA:385,0,KcG33d8zTls8CHyJLryXAA
DA:386,0,SNT5gVjOvFEnTve5Zn7NHA
DA:388,0,2OmDRHGGjusuRMFnxnVhHQ
DA:389,0,KCM0eqcdRTyurV/ufmGB8g
DA:390,0,ODJe7a4PQFBCY47PnO0m4A
DA:391,0,MQ87yhHj+AiulySg034Jxg
DA:392,0,V8anMHXBBoYsq403VQQJzA
DA:393,0,lK1DHcb4GhM0KyN7K1PtJA
DA:394,0,mfUScPYKOOAP2GkkK0L0kg
DA:395,0,clUsN89x7p5hUP11x+PDKg
DA:397,0,gAmqV0ZexunVpDM9NpNPRA
DA:402,0,gAmqV0ZexunVpDM9NpNPRA
DA:449,0,Gi5sloN9M3JmI7CFw3rE7g
DA:452,0,ntNkL/SCHO2CY1Y+lvX7Ng
DA:453,0,XdIZQG/yCAatEihsncvmXw
DA:455,0,ni2pWikV+tR6ypSB54kG1g
DA:456,0,a/nAW6a5patZaw6ieHj9sQ
DA:458,0,wICKy6NmnuPIpe+u8Pvyfw
DA:461,0,N1FJ0QYpbZdnHdB2dcl0Ww
DA:463,0,wqeE0h9StEmLawC+Y9XAGw
DA:465,0,kqgXRu2/3kLKGFtwCPD+RQ
DA:467,0,A6+I4tIFnuM3iP6v5XTJRg
DA:469,0,c0iMJo4PoM65JUkW8oKihw
DA:472,0,2WKSdoOGnTQnIu8p6oPc6A
DA:481,0,1cUT9SqfqYOwhqJQe/noFw
DA:487,0,qFxr6wZp61Gf7sLf+sIPFA
DA:492,0,tggF1ryoz2THzzVwuD9knQ
DA:493,0,hARkUC6z2VaOv4kZW+V+dw
DA:494,0,FhdgSBt2a1bHlCELsnfBag
DA:495,0,bvbraEPyZkyb4I5VIPDLNw
DA:496,0,C6U5qs0tfKDYL4nvaMbL3w
DA:500,0,VEZBWo29yCfKpq29X0JJzQ
DA:502,0,67AKlATkLJ+50xXtonxTAw
DA:504,0,PGZNPVb8sziQoPR/mLzNuA
DA:509,0,3EM90w8AnNTfujkNds7RHw
DA:511,0,Jl5OXBA5pCCERcBu6nJUjQ
DA:512,0,fm7T9g7eTQNp/ecpmjHkoQ
DA:514,0,MIX58hupDzdCQkgoIPdBmw
DA:516,0,1IW4JZYQGP+i0auZU/o4Rw
DA:522,0,nuIzuFpa9tnvJLIo6QdeoA
DA:523,0,97HhMpdhbo621IMf2hUfwg
DA:524,0,A5k5WlzdhtoHQftnAKkN0Q
DA:526,0,j/OrciPEIjFjqq+LOlSNUg
DA:529,0,j7gP2LUGz8fKKoF2VNrjIw
DA:530,0,LtF12IiaFiP4/N+bj8IjaQ
DA:531,0,EEqYpbANbKFCD52eqkq2sA
DA:548,0,GTnIT/qQTkEjJ5OEmSnkYQ
DA:549,0,2IovTw+kOAZmc9yQJZQBzQ
DA:550,0,hj6SlusvnaAIuE7ggAdytQ
DA:556,0,CiM7v1hcG8wkfJHmTxr8Yg
DA:557,0,2B7cj4RYntvfpYhYjuwgeg
DA:558,0,dj0+mRimyqURQgStuEu+Ww
DA:559,0,AbOBM81+Kb9bJKTy6xXYzA
DA:565,0,QNvjx1PYAeNRReMoU2XbfA
DA:571,0,8JsZM80SYlW4o3UxhlYBEg
DA:572,0,5f0ab+p2P12vyR9khqRgbQ
DA:574,0,qzTgvjtGh5ZPi8DqKRuzWw
DA:576,0,QHcH6844p5WjdxxoBbIawQ
DA:579,0,VV7ydB+GlGicZ4tB4b7W1w
DA:580,0,rIT+dm2kMcbqJi2rVCLosg
DA:582,0,snhs0QgZWutJDqDfxj4WcQ
DA:587,0,5f0ab+p2P12vyR9khqRgbQ
DA:588,0,qzTgvjtGh5ZPi8DqKRuzWw
DA:590,0,PgdU7kU0jsAGq3Kns47hbA
DA:617,0,huz5LR02HDK+LzP0OgwXHA
DA:619,0,UFXaQGCq/LL+rVWhk1JKvg
DA:620,0,KWwzmUXBPTOacjK64jhZhg
DA:621,0,LX5lcPjYv+z2ovHPV+g88w
DA:622,0,9JSrk5XxFhJkP/8CPcYmeA
DA:624,0,KcG33d8zTls8CHyJLryXAA
DA:625,0,SNT5gVjOvFEnTve5Zn7NHA
DA:627,0,2OmDRHGGjusuRMFnxnVhHQ
DA:628,0,8xB9w+8QrIc5gmKI8014WQ
DA:630,0,ODJe7a4PQFBCY47PnO0m4A
DA:631,0,MQ87yhHj+AiulySg034Jxg
DA:632,0,V8anMHXBBoYsq403VQQJzA
DA:633,0,XwDhwdVFCvu0X4cFj3p5kQ
DA:634,0,Pn61UDvHIMhFyaKhFgV3Yw
DA:636,0,fcBwk0qOZqUHAIZKhlf71w
DA:638,0,clUsN89x7p5hUP11x+PDKg
DA:640,0,gAmqV0ZexunVpDM9NpNPRA
DA:646,0,gAmqV0ZexunVpDM9NpNPRA
DA:650,0,ee54udfMIqqUB+aPVHPsdQ
DA:657,0,nFmUfnnG6Cz67ZtEGQzu7Q
DA:658,0,NzXOhUrh352Ity1xpGPJHg
DA:659,0,nj8o6wAYrA+YR6aEqTan9w
DA:663,0,B/Fo9U4/nMeRNS1JjGZVyQ
DA:664,0,ZQzSxBTpsxRm2K7EvcZNQQ
DA:665,0,vy6CgW37KXB6tZmtM5IONw
DA:666,0,3Q3JHAfeTFD8k7CbJnCUKw
DA:667,0,gviBBUEaabmjcDbwOTlZNw
DA:676,0,Zh8cMKLbFiN+c3QZkqYMaQ
DA:677,0,vziZA+T/H1qgoh4aBbWJwA
DA:679,0,nYRoHie1mpGaqckTEPebJg
DA:680,0,Ia3/ZjgRXhr+zDjys96r9g
DA:681,0,ss/f7FgPjJUOaj3CItOukw
DA:682,0,+ZdBZrzxidgjVvSMVw/aDw
DA:683,0,OJfO6NdtQENeGeiXbFcN1Q
DA:684,0,HbE3iBv+6iSYfrHkNnXEoA
DA:685,0,wyqRqTqTwG1j0bK9xlVJBQ
DA:686,0,zO1pqXTZ78ClTT+6pzCU6g
DA:690,0,Dwjd91USmMoWKfkSCVg/jg
DA:691,0,59jrBgb2XYIpi6m1531sVA
DA:693,0,XTvgvKXlRNyDFWRb7CCuKg
DA:694,0,ss/f7FgPjJUOaj3CItOukw
DA:695,0,bBJMMQF3tYjOCm+b4awUIw
DA:697,0,FuvX2Q7fntUQ6Nnwx9nzdw
DA:703,0,b4YHbo+2IasxjSrFMM7DbQ
DA:704,0,zJDQbTo7OFv87haj5Qw49g
DA:706,0,nYRoHie1mpGaqckTEPebJg
DA:707,0,hsR6zSjyYCX5hcJIlBdVCQ
DA:710,0,mQOsjUpDlRsSp53TFj5WUA
DA:713,0,bZlZNFgup1DhGk2sDCt75A
DA:720,0,rXYZTM0EtpShpSG1QpbxgQ
DA:721,0,JziQ85wXbPyQaUhPzMc0Yg
DA:722,0,4WI6OWJklUa5Ts6ykUJnWA
DA:723,0,35Z1fDYvbR9YBtBopwWC8g
DA:724,0,jVay2V9xKFIIbgbn2xiveQ
DA:725,0,pJL9mcDgD/SZrfOYol4iSQ
DA:726,0,+oJJciTIqNp7g35xyto4qQ
DA:728,0,xwmtVxpJgFRyDeLE5AzDCA
DA:729,0,6aLtj6etpMejus1D6y5Uvg
DA:730,0,5D8R9sfb+3LH583pgQ4gIQ
DA:732,0,yzm4CfHoYpd0ckDcgEgDyw
DA:733,0,b6Pp9mqMmEC7j1XFVn4m3A
DA:735,0,RwLWGE+Uu91fYDVit9JGvA
DA:736,0,+Xut0eatRP1YmODsOPSp4Q
DA:737,0,H/mFOCf/rsNDQP3ZpiFtuQ
DA:738,0,Y7j6PaL/fKDU7LqFQqrXTQ
DA:740,0,KIrjhMugbNtme+HVx6DO8g
DA:742,0,sEVl0BEWl/ICoUlIxjWayw
DA:743,0,R9hjsqAYsrbryxGB1NsTjA
DA:744,0,KAfExNKPgA25a5En7qGlDg
DA:746,0,8/vsRQvbI97m7hleGm5xeQ
DA:748,0,2Mo5/kdh3j9APq7z1nOggg
DA:749,0,1wR+Eo2rJoTgfrLTQ2nWag
DA:750,0,0UHL0saDsHawOcJeO7iaMw
DA:751,0,lxeytgBQhsP2rlHe4Wq0sA
DA:753,0,CSeHbSnTT9vzzWH1XlqTJg
DA:759,0,AyiqdLVd2cPAYQAfETbRzA
DA:760,0,XixcNmX5wS62Mz6mIR22fA
DA:809,0,LaoJtg4kqi3jmMUMyLI9/A
DA:811,0,B/Fo9U4/nMeRNS1JjGZVyQ
DA:812,0,4ntA1wuFG8Fr/OxKzKV+3g
DA:813,0,ZQzSxBTpsxRm2K7EvcZNQQ
DA:814,0,vy6CgW37KXB6tZmtM5IONw
DA:815,0,W0TQmVBGE/4b9QktPHStKA
DA:816,0,J3oR178gZo0g2kdLUZqK6A
DA:817,0,9Mo4r52rDCjta+N5C2dK1g
DA:818,0,GiWcQzEg58KsiNvq/PZKvg
DA:820,0,B/Fo9U4/nMeRNS1JjGZVyQ
DA:821,0,9+2wh/bKudWA7odi7iZV3w
DA:822,0,vy6CgW37KXB6tZmtM5IONw
DA:823,0,PukuZuCXmNGkEdkDIxH+zw
DA:824,0,L+pIPvGUou1RUnDq+fw3aQ
DA:826,0,QA817RPDwhdruG7RbV4tVg
DA:827,0,bl7kB2TDCfifDf+munIzBQ
DA:829,0,ww6nvaidrr8Vc5ISlUSXFQ
DA:831,0,AqitfFJJoD2Qk7k75qZeQg
DA:832,0,JyOUFacNpRZGGhYn3PNh6g
DA:833,0,hn5HavTvJJzkrlk3AyEMKw
DA:834,0,sAv/mGmdOIH07oOz59Fi9A
DA:835,0,eoL6c8BaKRHhrPgiLEx78w
DA:837,0,srTdLq5VsFWGXIl9JBsi7g
DA:838,0,rism8MTN78yn40OP+/a1FQ
DA:839,0,8MBzEdal823eCRYecNDPaQ
DA:840,0,7a6iEiO6Zzu8yfez5LxOyQ
DA:841,0,guFdiYZ6AIDayymsdwbiww
DA:842,0,GGcO9fQ8cBT35Hwt9a2rRQ
DA:843,0,Ra47tDlsHrD3zWh/F0S+/g
DA:845,0,Ej564BE1pVzssZ88OPMKjg
DA:846,0,SWP6IY7V6Ln/R5a+Wu6s/g
DA:847,0,IxrcMpqv97L7Ep97xbp4Bw
DA:848,0,9ys0nh0ABXG2vdnrFxWK9g
DA:849,0,Jjg28zFVQvnlT9vSnFVqxw
DA:850,0,Ee+kRGaXp7vEuJXXu6IgBg
DA:851,0,kK68k+Ulpfs2V4dfMxfUXw
DA:852,0,7a6iEiO6Zzu8yfez5LxOyQ
DA:854,0,UEBNavRWv9266n/ScWSVYQ
DA:855,0,8tHhz0eetIzpmxedYEkYnQ
DA:856,0,Ffj+KkqvnUbN4ViWWF7IqA
DA:857,0,vu+YalN7/qX2CO+p0Lqijg
DA:859,0,E/IkdTM3mz9/t9PwqcMeog
DA:912,0,eEzsVQF/g6MFIjF4JViqJQ
DA:913,0,S7okNQgaQKkY57tZqae2LA
DA:916,0,yQ+9koEh34IlhuxIV68vqg
DA:921,0,D5hhR6QM2Hw7aF8xDt+3FQ
DA:929,0,ocwaGJu86q0ZJtPNRzU3xw
DA:930,0,Pimn2MpVJdRiYCZDNz0B4g
DA:934,0,AvkBAjbPLEBXS/0MW3T0nw
DA:935,0,4LaWaMsH4fSTVGihhfFEpA
DA:937,0,4f88jcLo51Go/4vpukBaUA
DA:938,0,5zPmF3XqR6eqzRL9eNO/Cg
DA:939,0,IKEJkILPP+TcUmeVXat8Yg
DA:940,0,1IAN5ND/Jfz+S4ecNhBg3w
DA:941,0,PAJ3Gm51ECqA43QVI/mrcQ
DA:942,0,TTl8QGegtepVfVAjQbb6KQ
DA:943,0,smyfo1fppSxgOdXSiDUiSg
DA:944,0,3hcgbcYrx8qFewA8mOoUJQ
DA:945,0,lrRXL1hl/ViM9XkPMOSxXw
DA:946,0,EZxTdZXnYUT+jgYX6AAckQ
DA:947,0,kY40VUmtZLCkaR3Cmrzo2w
DA:948,0,D2saW6Y7A6zmDcsvRDWgdw
DA:949,0,0OCYn54qt/RG9UqTF8nclw
DA:950,0,McoMSUqigY5cPI2BwvD2Wg
DA:952,0,oB1DA7eANZ3DIQcG6U7zLQ
DA:953,0,qW4KwmV5D0eT6HmhO0LzEw
DA:957,0,7c54OU9nWqqIMc3VILuvCQ
DA:958,0,NPAU1wq5uyCbsuVnslFjUA
DA:961,0,NPAU1wq5uyCbsuVnslFjUA
DA:963,0,gvw5sEOdFJnuUz1KHP+rRg
DA:965,0,08PTH9TjfVad/OCWhp0aOA
DA:966,0,Pcw8GLCo+odUZLnrNHrsNA
DA:971,0,LaoJtg4kqi3jmMUMyLI9/A
DA:974,0,iRRpJ1Uz35MjKPy4zy4fFQ
DA:979,0,VlikOv0pKacZwO7tYYUdlw
DA:980,0,B6rgpuS8zSa12fyGQR6fNQ
LF:388
LH:68
end_of_record
TN:
SF:oqupy\util.py
DA:14,1,1+9wdnNK6ERHmSA06tdyPQ
DA:18,1,mUDsnWRiqW9R9nTILGKIZg
DA:19,1,9mPZuBfWhf/A6ZkHgfMusQ
DA:20,1,M9sBWT7fcNjIIZl96OlV5g
DA:21,1,yNmXlU4e45RtRLh7DFmi+Q
DA:22,1,WN3xgGvpgzmJHmzLrXp2aw
DA:23,1,w4wzKKlLBqr27YH2UrIkBQ
DA:25,1,IWWjrCeOtk8NNtrE95++2g
DA:26,1,Xgrr48hUFUVyCx/oYckUUg
DA:28,1,39EFzfqiIZaAAXCfZ9fjRw
DA:32,1,iX1qOfUnKrhuhITqv6CxPQ
DA:61,1,cQW1fia3ctPCudYwX49HGA
DA:74,1,dui5LPmCuG3UFXAljLpyqw
DA:88,1,Ibyp6JvTZsnCBl+FP6Prhw
DA:98,1,ZyIe9rU96u6nWd8ZB3a8Og
DA:113,1,8molod/ZoPx1QXaukl4M3Q
DA:121,1,NFPRp/xbS9GsGW5UfU3kvg
DA:140,1,LDHa/o2Tk4CM0q9rcHc7dg
DA:141,1,9r2HFn5Ju0gQru6pUEreAQ
DA:143,1,mnoV0T4hEkr2W8HjAfJidA
DA:147,1,n3GrCfTLyC1Gzf4nkjiQwg
DA:151,1,NfQsNk0M0KaFKAIyykskng
DA:155,1,/eqotuJm+7lPCCSTkI9o7w
DA:159,1,e2f/H6Thz3ZeQfV3yBWJ6g
DA:164,1,UvlZMZfYmMo5uHU5FbbaBw
DA:165,1,nn+VaAGZil+T5hQzPa8MlA
DA:166,1,DJKubVmXueO8s4e6Ez9dCg
DA:172,1,NfQsNk0M0KaFKAIyykskng
DA:176,1,/eqotuJm+7lPCCSTkI9o7w
DA:180,1,e2f/H6Thz3ZeQfV3yBWJ6g
DA:185,1,NuAxIx0FCoLpWPK/ozewwA
DA:186,1,WHbsbSPyZYyb8ooODLVFwA
DA:187,1,DJKubVmXueO8s4e6Ez9dCg
DA:196,1,NfQsNk0M0KaFKAIyykskng
DA:204,1,/eqotuJm+7lPCCSTkI9o7w
DA:210,1,e2f/H6Thz3ZeQfV3yBWJ6g
DA:221,1,b3TDv3D3FYHdRpsXZdy5Yw
DA:223,1,yxLQuyYX52ULKOJMjqycQQ
DA:224,1,24PktxjPgPCi06GeYkqN7g
DA:225,1,DJKubVmXueO8s4e6Ez9dCg
DA:235,1,NfQsNk0M0KaFKAIyykskng
DA:243,1,OpHiZw8jP8o4KJtBGF2SIg
DA:265,1,/eqotuJm+7lPCCSTkI9o7w
DA:274,1,e2f/H6Thz3ZeQfV3yBWJ6g
DA:284,1,f77KcYBRQkfK1xG3qzNsew
DA:290,1,6YbeLrMBb+uE9Lifmmb5Ig
DA:45,0,4uBEnONcBrB5j7QyZCOAcg
DA:46,0,6y+gGzUTLyLnZbICYi+u+w
DA:48,0,IwfzDbVs3ZUTuksxPRDo2A
DA:49,0,Iv//zqcUfKP0GOGZUs7pSA
DA:52,0,sYheA17RajoE3h956mQ4Aw
DA:53,0,bB4V+phE/leDB0MuQ6WnIg
DA:54,0,RPTleVmIazx5yEk4o3Ekfg
DA:55,0,MR4fQ38BypTKPHSIKQ0Dhg
DA:56,0,I9RkzKRvwXChnpE8H0r+Lw
DA:57,0,BtfobVlE5LfYGWhlg6ikig
DA:59,0,r4lUukxR8B86ITEYXWoKJQ
DA:66,0,vx7jWNdiu8zNbCVpNK1L5w
DA:67,0,YlLJaqJhmgLDN9jW3GLFTw
DA:68,0,zF2aFmfdRYgtIsmmsfXWZQ
DA:69,0,kycMaH6XbPuAfUpgfG1Lbg
DA:70,0,MWaV4phVG+gC4rRo8mFIOQ
DA:71,0,cNdMn13h33P3M20umFr2rA
DA:72,0,LWILTcvARcydjFFyo9qM0A
DA:79,0,OCZBhDqXKfgEt/xYRunbBA
DA:80,0,H3/9Rs5H8ZOig1SJ61/+WA
DA:82,0,jReFkGvZZATMVaNPQk5BBw
DA:83,0,k3hlYcBzT3JWjmoS/LssLg
DA:84,0,L7dTj7FCegXN0StztL7c1w
DA:85,0,Y5rr570Kw7kWbE17us6VeQ
DA:86,0,jgtEfnq0BkPujmMA0Krxvw
DA:90,0,Da5kFPoJyKPV/752LvDl5g
DA:91,0,PGfwrIQYOt457ycd3Uru+Q
DA:92,0,/ZDKzzMQmdqhWYx90rK5Fw
DA:93,0,BKsmewBn64r6EooeTUecIw
DA:94,0,l9W4rJDSgreoZq3Rjpt/zw
DA:104,0,B/Fo9U4/nMeRNS1JjGZVyQ
DA:105,0,KZ2JnYh+lUQaYpw8ArLFZQ
DA:106,0,vy6CgW37KXB6tZmtM5IONw
DA:107,0,R4DgMaogb/lPxApYz7qZkQ
DA:108,0,ciPDihtIlGBIBQ8r9oq+Xw
DA:109,0,1djULxLTtS/+rUcVrFXUgg
DA:110,0,UpJG/lO+whWxDfo4VqwtSA
DA:111,0,poDxg5Fru8QiSFDFTdDqRQ
DA:117,0,SUfyF+9Bn2qlfDn0Yqw6cw
DA:118,0,ciPDihtIlGBIBQ8r9oq+Xw
DA:119,0,MAqeTxHkSoM7OmZ9mo94AQ
DA:127,0,e8QadFSkLHFuZRzsN1Sppg
DA:128,0,aZmG1fHGPQcH1+inmPny3Q
DA:130,0,8rJyEf3NthUnIvAsQW38JQ
DA:131,0,isSzyyXi7260U4UY8/gtvw
DA:132,0,R4DgMaogb/lPxApYz7qZkQ
DA:133,0,uX9BT13XE9zUf9byK6yhXA
DA:134,0,ciPDihtIlGBIBQ8r9oq+Xw
DA:135,0,TKUoA6+hKwOS8MmLEE4M9Q
DA:145,0,7MfUOkky7w68f6o/WJ8Daw
DA:149,0,ppfGcX/jEkhQlJeJZMYOiQ
DA:153,0,C2u0psue1q2uoOOWEQilDA
DA:157,0,C2u0psue1q2uoOOWEQilDA
DA:161,0,C2u0psue1q2uoOOWEQilDA
DA:168,0,lQ9JcDzHhADuB+tPbVwqdg
DA:169,0,lIL4RwuQLTQRri2cFBX6/Q
DA:170,0,a85kY9IR+2Dp4HTBGeRiUA
DA:174,0,ackOWdJx2/IgtB/ELuvQJg
DA:178,0,wWvyVCzDRWfTVXhFZNNl1w
DA:182,0,sQVs3+uljxE4Kupshw0Njg
DA:189,0,lQ9JcDzHhADuB+tPbVwqdg
DA:190,0,lIL4RwuQLTQRri2cFBX6/Q
DA:191,0,a85kY9IR+2Dp4HTBGeRiUA
DA:192,0,Xi7RPsOtflGR3D8c7zsimg
DA:193,0,Y7RhRUKGgreTKGSgWTqpoQ
DA:194,0,mpzlLujFU9n5gku2NLMzcg
DA:198,0,CQuEd8hywsHnJgpABmMd5A
DA:199,0,p3O4Tp2eN+Y+SLQ7id+00w
DA:200,0,pLI5Ngf9rE+vIaAUbkgTKA
DA:201,0,c5rk36U/Mgn8zr/4ICobSQ
DA:202,0,ackOWdJx2/IgtB/ELuvQJg
DA:206,0,KDztKkQMwaFh4riRIL5wFw
DA:207,0,UWHvxJtVvbfwBM14wxA5zQ
DA:208,0,nUfmgZ+Zn6BOporleg8pFA
DA:212,0,KDztKkQMwaFh4riRIL5wFw
DA:213,0,9HN3d339pGI0Loo9Pk8GEw
DA:214,0,UWHvxJtVvbfwBM14wxA5zQ
DA:215,0,sQVs3+uljxE4Kupshw0Njg
DA:216,0,55pgCJ8gVqPTPDoQLH5u6g
DA:218,0,BZT5YgwY5dFhIsv9dhhd1g
DA:227,0,pcjbQzIk0aFvxpgwYJq/FA
DA:228,0,pLI5Ngf9rE+vIaAUbkgTKA
DA:229,0,Xi7RPsOtflGR3D8c7zsimg
DA:230,0,lQ9JcDzHhADuB+tPbVwqdg
DA:231,0,lIL4RwuQLTQRri2cFBX6/Q
DA:232,0,ogx9o3720DWrbFKFIfZD+Q
DA:233,0,1lr+cPLf+GxTWYpFMbnSKw
DA:237,0,CQuEd8hywsHnJgpABmMd5A
DA:238,0,EQCSPlUcRBumOfE1qoMBvQ
DA:239,0,lzXVwRykvR6OiWSgihGt/w
DA:240,0,KBHpe/A+MHh0yy86FUKZ8g
DA:241,0,ackOWdJx2/IgtB/ELuvQJg
DA:244,0,f/atb5DrAV0y/2qFAWSKTQ
DA:245,0,XHp3S7zmVEEtn4ipsNXi8w
DA:247,0,bPP3JJCx/oTukNA+a3wZlg
DA:248,0,xjcDBnSwra0OiNOAYAwoHA
DA:249,0,xSzge7xpm7VaoOX3UBDtzg
DA:250,0,DBbBocK6lNwdRBbQbNdHRA
DA:251,0,YYwzgWCHmaZPZl73P1ClOA
DA:252,0,CBxp5YSncQyFRi/MqwjxGg
DA:253,0,i/R/UH8rhRuLFRqcJUZnnA
DA:254,0,ErdTY5kOqEPmvNY/3pMVTg
DA:255,0,WQLthizNg6fQNOPtUPydfA
DA:256,0,NTJmyJyn2y2cTYJE0VUqcA
DA:262,0,OCT753N0u90jY3CUseZGeQ
DA:263,0,asLfF+OAyvpEuSoYsYpBag
DA:267,0,Zvamp0Q63Ncuw9iWkd1hfg
DA:268,0,+UlQyIYdJfyrX6fxFvj5Xw
DA:269,0,CBxp5YSncQyFRi/MqwjxGg
DA:270,0,hLTlNpZnXE8DFMCy3EJFVQ
DA:276,0,Zvamp0Q63Ncuw9iWkd1hfg
DA:277,0,qg7EbeIeWQZJJPOdYyUIOw
DA:278,0,KBHpe/A+MHh0yy86FUKZ8g
DA:279,0,94EVQNfjfXQGBSVmtrBevQ
DA:280,0,S3Y0ApK3o9Fonx7CgxX5Cg
DA:281,0,+UlQyIYdJfyrX6fxFvj5Xw
DA:292,0,Qe//g9nlqVbFKg3S7wK43Q
DA:293,0,IGbZfHUaSFtL6UGUiGEpEQ
DA:294,0,P/XCqZWwfGw7QBN2iCHrqA
DA:297,0,wstMC8H5e95xKT8KNhm73Q
LF:162
LH:42
end_of_record
TN:
SF:oqupy\version.py
DA:14,1,1+9wdnNK6ERHmSA06tdyPQ
DA:18,1,rveAmSbgHl6baQyZ1e98UA
LF:2
LH:2
end_of_record
